2023-03-09 22:20:34.814  INFO 11548 [main] e.td.zy.tik_user.TikUserApplication - Starting TikUserApplication using Java 19.0.2 with PID 11548 (H:\Project\JavaProject\tik\tik_user\target\classes started by K8lyN in H:\Project\JavaProject\tik)
2023-03-09 22:20:34.815  INFO 11548 [main] e.td.zy.tik_user.TikUserApplication - No active profile set, falling back to 1 default profile: "default"
2023-03-09 22:20:34.865  INFO 11548 [main] o.s.c.c.c.ConfigServerConfigDataLoader - Fetching config from server at : http://localhost:8888
2023-03-09 22:20:34.866  INFO 11548 [main] o.s.c.c.c.ConfigServerConfigDataLoader - Located environment: name=tik-user, profiles=[dev], label=null, version=312b677ceaa8e097cf63157eb06032d066197fad, state=null
2023-03-09 22:20:36.094  INFO 11548 [main] o.s.c.context.scope.GenericScope - BeanFactory id=194b3359-8647-352e-961e-aff331f24dea
2023-03-09 22:20:36.596  INFO 11548 [main] o.s.b.w.e.tomcat.TomcatWebServer - Tomcat initialized with port(s): 8002 (http)
2023-03-09 22:20:36.603  INFO 11548 [main] o.a.catalina.core.StandardService - Starting service [Tomcat]
2023-03-09 22:20:36.603  INFO 11548 [main] o.a.catalina.core.StandardEngine - Starting Servlet engine: [Apache Tomcat/10.1.5]
2023-03-09 22:20:36.730  INFO 11548 [main] o.a.c.c.C.[Tomcat].[localhost].[/] - Initializing Spring embedded WebApplicationContext
2023-03-09 22:20:36.731  INFO 11548 [main] o.s.b.w.s.c.ServletWebServerApplicationContext - Root WebApplicationContext: initialization completed in 1859 ms
2023-03-09 22:20:37.961  INFO 11548 [main] o.a.c.f.imps.CuratorFrameworkImpl - Starting
2023-03-09 22:20:37.972  INFO 11548 [main] org.apache.zookeeper.ZooKeeper - Client environment:zookeeper.version=3.6.0--b4c89dc7f6083829e18fae6e446907ae0b1f22d7, built on 02/25/2020 14:38 GMT
2023-03-09 22:20:37.972  INFO 11548 [main] org.apache.zookeeper.ZooKeeper - Client environment:host.name=host.docker.internal
2023-03-09 22:20:37.973  INFO 11548 [main] org.apache.zookeeper.ZooKeeper - Client environment:java.version=19.0.2
2023-03-09 22:20:37.973  INFO 11548 [main] org.apache.zookeeper.ZooKeeper - Client environment:java.vendor=Oracle Corporation
2023-03-09 22:20:37.974  INFO 11548 [main] org.apache.zookeeper.ZooKeeper - Client environment:java.home=F:\DevelopmentEnvironment\Java\jdk-19.0.2
2023-03-09 22:20:37.975  INFO 11548 [main] org.apache.zookeeper.ZooKeeper - Client environment:java.class.path=H:\Project\JavaProject\tik\tik_user\target\classes;C:\Users\K8lyN\.m2\repository\org\mybatis\spring\boot\mybatis-spring-boot-starter\3.0.0\mybatis-spring-boot-starter-3.0.0.jar;C:\Users\K8lyN\.m2\repository\org\springframework\boot\spring-boot-starter-jdbc\3.0.3\spring-boot-starter-jdbc-3.0.3.jar;C:\Users\K8lyN\.m2\repository\com\zaxxer\HikariCP\5.0.1\HikariCP-5.0.1.jar;C:\Users\K8lyN\.m2\repository\org\springframework\spring-jdbc\6.0.5\spring-jdbc-6.0.5.jar;C:\Users\K8lyN\.m2\repository\org\springframework\spring-tx\6.0.5\spring-tx-6.0.5.jar;C:\Users\K8lyN\.m2\repository\org\mybatis\spring\boot\mybatis-spring-boot-autoconfigure\3.0.0\mybatis-spring-boot-autoconfigure-3.0.0.jar;C:\Users\K8lyN\.m2\repository\org\mybatis\mybatis\3.5.11\mybatis-3.5.11.jar;C:\Users\K8lyN\.m2\repository\org\mybatis\mybatis-spring\3.0.0\mybatis-spring-3.0.0.jar;C:\Users\K8lyN\.m2\repository\org\springframework\boot\spring-boot-starter-aop\3.0.3\spring-boot-starter-aop-3.0.3.jar;C:\Users\K8lyN\.m2\repository\org\springframework\spring-aop\6.0.5\spring-aop-6.0.5.jar;C:\Users\K8lyN\.m2\repository\org\springframework\spring-beans\6.0.5\spring-beans-6.0.5.jar;C:\Users\K8lyN\.m2\repository\org\aspectj\aspectjweaver\1.9.19\aspectjweaver-1.9.19.jar;C:\Users\K8lyN\.m2\repository\com\mysql\mysql-connector-j\8.0.32\mysql-connector-j-8.0.32.jar;C:\Users\K8lyN\.m2\repository\com\google\protobuf\protobuf-java\3.21.9\protobuf-java-3.21.9.jar;C:\Users\K8lyN\.m2\repository\com\baomidou\mybatis-plus-boot-starter\3.5.2\mybatis-plus-boot-starter-3.5.2.jar;C:\Users\K8lyN\.m2\repository\com\baomidou\mybatis-plus\3.5.2\mybatis-plus-3.5.2.jar;C:\Users\K8lyN\.m2\repository\com\baomidou\mybatis-plus-extension\3.5.2\mybatis-plus-extension-3.5.2.jar;C:\Users\K8lyN\.m2\repository\com\baomidou\mybatis-plus-core\3.5.2\mybatis-plus-core-3.5.2.jar;C:\Users\K8lyN\.m2\repository\com\baomidou\mybatis-plus-annotation\3.5.2\mybatis-plus-annotation-3.5.2.jar;C:\Users\K8lyN\.m2\repository\com\github\jsqlparser\jsqlparser\4.4\jsqlparser-4.4.jar;C:\Users\K8lyN\.m2\repository\org\jetbrains\kotlin\kotlin-stdlib-jdk8\1.7.22\kotlin-stdlib-jdk8-1.7.22.jar;C:\Users\K8lyN\.m2\repository\org\jetbrains\kotlin\kotlin-stdlib\1.7.22\kotlin-stdlib-1.7.22.jar;C:\Users\K8lyN\.m2\repository\org\jetbrains\kotlin\kotlin-stdlib-common\1.7.22\kotlin-stdlib-common-1.7.22.jar;C:\Users\K8lyN\.m2\repository\org\jetbrains\annotations\13.0\annotations-13.0.jar;C:\Users\K8lyN\.m2\repository\org\jetbrains\kotlin\kotlin-stdlib-jdk7\1.7.22\kotlin-stdlib-jdk7-1.7.22.jar;C:\Users\K8lyN\.m2\repository\org\springframework\boot\spring-boot-autoconfigure\3.0.3\spring-boot-autoconfigure-3.0.3.jar;C:\Users\K8lyN\.m2\repository\org\springframework\boot\spring-boot-starter-web\3.0.3\spring-boot-starter-web-3.0.3.jar;C:\Users\K8lyN\.m2\repository\org\springframework\boot\spring-boot-starter-json\3.0.3\spring-boot-starter-json-3.0.3.jar;C:\Users\K8lyN\.m2\repository\com\fasterxml\jackson\datatype\jackson-datatype-jdk8\2.14.2\jackson-datatype-jdk8-2.14.2.jar;C:\Users\K8lyN\.m2\repository\com\fasterxml\jackson\datatype\jackson-datatype-jsr310\2.14.2\jackson-datatype-jsr310-2.14.2.jar;C:\Users\K8lyN\.m2\repository\com\fasterxml\jackson\module\jackson-module-parameter-names\2.14.2\jackson-module-parameter-names-2.14.2.jar;C:\Users\K8lyN\.m2\repository\org\springframework\boot\spring-boot-starter-tomcat\3.0.3\spring-boot-starter-tomcat-3.0.3.jar;C:\Users\K8lyN\.m2\repository\org\apache\tomcat\embed\tomcat-embed-core\10.1.5\tomcat-embed-core-10.1.5.jar;C:\Users\K8lyN\.m2\repository\org\apache\tomcat\embed\tomcat-embed-el\10.1.5\tomcat-embed-el-10.1.5.jar;C:\Users\K8lyN\.m2\repository\org\apache\tomcat\embed\tomcat-embed-websocket\10.1.5\tomcat-embed-websocket-10.1.5.jar;C:\Users\K8lyN\.m2\repository\org\springframework\spring-web\6.0.5\spring-web-6.0.5.jar;C:\Users\K8lyN\.m2\repository\io\micrometer\micrometer-observation\1.10.4\micrometer-observation-1.10.4.jar;C:\Users\K8lyN\.m2\repository\io\micrometer\micrometer-commons\1.10.4\micrometer-commons-1.10.4.jar;C:\Users\K8lyN\.m2\repository\org\springframework\spring-webmvc\6.0.5\spring-webmvc-6.0.5.jar;C:\Users\K8lyN\.m2\repository\org\springframework\spring-context\6.0.5\spring-context-6.0.5.jar;C:\Users\K8lyN\.m2\repository\org\springframework\spring-expression\6.0.5\spring-expression-6.0.5.jar;C:\Users\K8lyN\.m2\repository\org\springframework\cloud\spring-cloud-starter-openfeign\4.0.1\spring-cloud-starter-openfeign-4.0.1.jar;C:\Users\K8lyN\.m2\repository\org\springframework\cloud\spring-cloud-openfeign-core\4.0.1\spring-cloud-openfeign-core-4.0.1.jar;C:\Users\K8lyN\.m2\repository\io\github\openfeign\form\feign-form-spring\3.8.0\feign-form-spring-3.8.0.jar;C:\Users\K8lyN\.m2\repository\io\github\openfeign\form\feign-form\3.8.0\feign-form-3.8.0.jar;C:\Users\K8lyN\.m2\repository\commons-fileupload\commons-fileupload\1.4\commons-fileupload-1.4.jar;C:\Users\K8lyN\.m2\repository\org\springframework\cloud\spring-cloud-commons\4.0.1\spring-cloud-commons-4.0.1.jar;C:\Users\K8lyN\.m2\repository\org\springframework\security\spring-security-crypto\6.0.2\spring-security-crypto-6.0.2.jar;C:\Users\K8lyN\.m2\repository\io\github\openfeign\feign-core\12.1\feign-core-12.1.jar;C:\Users\K8lyN\.m2\repository\io\github\openfeign\feign-slf4j\12.1\feign-slf4j-12.1.jar;C:\Users\K8lyN\.m2\repository\org\springframework\cloud\spring-cloud-starter-zookeeper-discovery\4.0.0\spring-cloud-starter-zookeeper-discovery-4.0.0.jar;C:\Users\K8lyN\.m2\repository\org\springframework\cloud\spring-cloud-starter-zookeeper\4.0.0\spring-cloud-starter-zookeeper-4.0.0.jar;C:\Users\K8lyN\.m2\repository\org\springframework\cloud\spring-cloud-zookeeper-core\4.0.0\spring-cloud-zookeeper-core-4.0.0.jar;C:\Users\K8lyN\.m2\repository\org\springframework\cloud\spring-cloud-zookeeper-discovery\4.0.0\spring-cloud-zookeeper-discovery-4.0.0.jar;C:\Users\K8lyN\.m2\repository\org\apache\curator\curator-x-discovery\5.1.0\curator-x-discovery-5.1.0.jar;C:\Users\K8lyN\.m2\repository\org\apache\curator\curator-recipes\5.1.0\curator-recipes-5.1.0.jar;C:\Users\K8lyN\.m2\repository\org\apache\curator\curator-framework\5.1.0\curator-framework-5.1.0.jar;C:\Users\K8lyN\.m2\repository\org\apache\curator\curator-client\5.1.0\curator-client-5.1.0.jar;C:\Users\K8lyN\.m2\repository\org\apache\zookeeper\zookeeper\3.6.0\zookeeper-3.6.0.jar;C:\Users\K8lyN\.m2\repository\commons-lang\commons-lang\2.6\commons-lang-2.6.jar;C:\Users\K8lyN\.m2\repository\org\apache\zookeeper\zookeeper-jute\3.6.0\zookeeper-jute-3.6.0.jar;C:\Users\K8lyN\.m2\repository\org\apache\yetus\audience-annotations\0.5.0\audience-annotations-0.5.0.jar;C:\Users\K8lyN\.m2\repository\io\netty\netty-handler\4.1.89.Final\netty-handler-4.1.89.Final.jar;C:\Users\K8lyN\.m2\repository\io\netty\netty-common\4.1.89.Final\netty-common-4.1.89.Final.jar;C:\Users\K8lyN\.m2\repository\io\netty\netty-resolver\4.1.89.Final\netty-resolver-4.1.89.Final.jar;C:\Users\K8lyN\.m2\repository\io\netty\netty-buffer\4.1.89.Final\netty-buffer-4.1.89.Final.jar;C:\Users\K8lyN\.m2\repository\io\netty\netty-transport\4.1.89.Final\netty-transport-4.1.89.Final.jar;C:\Users\K8lyN\.m2\repository\io\netty\netty-transport-native-unix-common\4.1.89.Final\netty-transport-native-unix-common-4.1.89.Final.jar;C:\Users\K8lyN\.m2\repository\io\netty\netty-codec\4.1.89.Final\netty-codec-4.1.89.Final.jar;C:\Users\K8lyN\.m2\repository\io\netty\netty-transport-native-epoll\4.1.89.Final\netty-transport-native-epoll-4.1.89.Final.jar;C:\Users\K8lyN\.m2\repository\io\netty\netty-transport-classes-epoll\4.1.89.Final\netty-transport-classes-epoll-4.1.89.Final.jar;C:\Users\K8lyN\.m2\repository\com\google\guava\guava\27.0.1-jre\guava-27.0.1-jre.jar;C:\Users\K8lyN\.m2\repository\com\google\guava\failureaccess\1.0.1\failureaccess-1.0.1.jar;C:\Users\K8lyN\.m2\repository\com\google\guava\listenablefuture\9999.0-empty-to-avoid-conflict-with-guava\listenablefuture-9999.0-empty-to-avoid-conflict-with-guava.jar;C:\Users\K8lyN\.m2\repository\com\google\code\findbugs\jsr305\3.0.2\jsr305-3.0.2.jar;C:\Users\K8lyN\.m2\repository\org\checkerframework\checker-qual\2.5.2\checker-qual-2.5.2.jar;C:\Users\K8lyN\.m2\repository\com\google\errorprone\error_prone_annotations\2.2.0\error_prone_annotations-2.2.0.jar;C:\Users\K8lyN\.m2\repository\com\google\j2objc\j2objc-annotations\1.1\j2objc-annotations-1.1.jar;C:\Users\K8lyN\.m2\repository\org\codehaus\mojo\animal-sniffer-annotations\1.17\animal-sniffer-annotations-1.17.jar;C:\Users\K8lyN\.m2\repository\org\springframework\cloud\spring-cloud-starter-loadbalancer\4.0.1\spring-cloud-starter-loadbalancer-4.0.1.jar;C:\Users\K8lyN\.m2\repository\org\springframework\cloud\spring-cloud-loadbalancer\4.0.1\spring-cloud-loadbalancer-4.0.1.jar;C:\Users\K8lyN\.m2\repository\io\projectreactor\addons\reactor-extra\3.5.0\reactor-extra-3.5.0.jar;C:\Users\K8lyN\.m2\repository\org\springframework\boot\spring-boot-starter-cache\3.0.3\spring-boot-starter-cache-3.0.3.jar;C:\Users\K8lyN\.m2\repository\org\springframework\spring-context-support\6.0.5\spring-context-support-6.0.5.jar;C:\Users\K8lyN\.m2\repository\com\stoyanr\evictor\1.0.0\evictor-1.0.0.jar;C:\Users\K8lyN\.m2\repository\org\projectlombok\lombok\1.18.24\lombok-1.18.24.jar;C:\Users\K8lyN\.m2\repository\org\springframework\cloud\spring-cloud-function-context\4.0.1\spring-cloud-function-context-4.0.1.jar;C:\Users\K8lyN\.m2\repository\net\jodah\typetools\0.6.2\typetools-0.6.2.jar;C:\Users\K8lyN\.m2\repository\org\springframework\cloud\spring-cloud-function-core\4.0.1\spring-cloud-function-core-4.0.1.jar;C:\Users\K8lyN\.m2\repository\io\projectreactor\reactor-core\3.5.3\reactor-core-3.5.3.jar;C:\Users\K8lyN\.m2\repository\org\reactivestreams\reactive-streams\1.0.4\reactive-streams-1.0.4.jar;C:\Users\K8lyN\.m2\repository\org\springframework\spring-messaging\6.0.5\spring-messaging-6.0.5.jar;C:\Users\K8lyN\.m2\repository\javax\annotation\javax.annotation-api\1.3.2\javax.annotation-api-1.3.2.jar;C:\Users\K8lyN\.m2\repository\javax\activation\javax.activation-api\1.2.0\javax.activation-api-1.2.0.jar;C:\Users\K8lyN\.m2\repository\com\fasterxml\jackson\core\jackson-databind\2.14.2\jackson-databind-2.14.2.jar;C:\Users\K8lyN\.m2\repository\com\fasterxml\jackson\core\jackson-annotations\2.14.2\jackson-annotations-2.14.2.jar;C:\Users\K8lyN\.m2\repository\com\fasterxml\jackson\core\jackson-core\2.14.2\jackson-core-2.14.2.jar;C:\Users\K8lyN\.m2\repository\org\springframework\cloud\spring-cloud-starter\4.0.1\spring-cloud-starter-4.0.1.jar;C:\Users\K8lyN\.m2\repository\org\springframework\cloud\spring-cloud-context\4.0.1\spring-cloud-context-4.0.1.jar;C:\Users\K8lyN\.m2\repository\org\springframework\security\spring-security-rsa\1.0.11.RELEASE\spring-security-rsa-1.0.11.RELEASE.jar;C:\Users\K8lyN\.m2\repository\org\bouncycastle\bcpkix-jdk15on\1.69\bcpkix-jdk15on-1.69.jar;C:\Users\K8lyN\.m2\repository\org\bouncycastle\bcprov-jdk15on\1.69\bcprov-jdk15on-1.69.jar;C:\Users\K8lyN\.m2\repository\org\bouncycastle\bcutil-jdk15on\1.69\bcutil-jdk15on-1.69.jar;C:\Users\K8lyN\.m2\repository\org\springframework\boot\spring-boot-starter\3.0.3\spring-boot-starter-3.0.3.jar;C:\Users\K8lyN\.m2\repository\org\springframework\boot\spring-boot\3.0.3\spring-boot-3.0.3.jar;C:\Users\K8lyN\.m2\repository\org\springframework\boot\spring-boot-starter-logging\3.0.3\spring-boot-starter-logging-3.0.3.jar;C:\Users\K8lyN\.m2\repository\org\apache\logging\log4j\log4j-to-slf4j\2.19.0\log4j-to-slf4j-2.19.0.jar;C:\Users\K8lyN\.m2\repository\org\apache\logging\log4j\log4j-api\2.19.0\log4j-api-2.19.0.jar;C:\Users\K8lyN\.m2\repository\org\slf4j\jul-to-slf4j\2.0.6\jul-to-slf4j-2.0.6.jar;C:\Users\K8lyN\.m2\repository\jakarta\annotation\jakarta.annotation-api\2.1.1\jakarta.annotation-api-2.1.1.jar;C:\Users\K8lyN\.m2\repository\org\springframework\spring-core\6.0.5\spring-core-6.0.5.jar;C:\Users\K8lyN\.m2\repository\org\springframework\spring-jcl\6.0.5\spring-jcl-6.0.5.jar;C:\Users\K8lyN\.m2\repository\org\yaml\snakeyaml\1.33\snakeyaml-1.33.jar;C:\Users\K8lyN\.m2\repository\ch\qos\logback\logback-classic\1.4.5\logback-classic-1.4.5.jar;C:\Users\K8lyN\.m2\repository\ch\qos\logback\logback-core\1.4.5\logback-core-1.4.5.jar;C:\Users\K8lyN\.m2\repository\org\slf4j\slf4j-api\2.0.6\slf4j-api-2.0.6.jar;C:\Users\K8lyN\.m2\repository\org\springframework\cloud\spring-cloud-starter-config\4.0.1\spring-cloud-starter-config-4.0.1.jar;C:\Users\K8lyN\.m2\repository\org\springframework\cloud\spring-cloud-config-client\4.0.1\spring-cloud-config-client-4.0.1.jar;C:\Users\K8lyN\.m2\repository\org\apache\httpcomponents\client5\httpclient5\5.1.4\httpclient5-5.1.4.jar;C:\Users\K8lyN\.m2\repository\org\apache\httpcomponents\core5\httpcore5\5.1.5\httpcore5-5.1.5.jar;C:\Users\K8lyN\.m2\repository\org\apache\httpcomponents\core5\httpcore5-h2\5.1.5\httpcore5-h2-5.1.5.jar;C:\Users\K8lyN\.m2\repository\commons-codec\commons-codec\1.15\commons-codec-1.15.jar
2023-03-09 22:20:37.976  INFO 11548 [main] org.apache.zookeeper.ZooKeeper - Client environment:java.library.path=F:\DevelopmentEnvironment\Java\jdk-19.0.2\bin;C:\WINDOWS\Sun\Java\bin;C:\WINDOWS\system32;C:\WINDOWS;C:\windows\system32;C:\windows;C:\windows\System32\Wbem;C:\windows\System32\WindowsPowerShell\v1.0\;C:\windows\System32\OpenSSH\;C:\Program Files (x86)\NVIDIA Corporation\PhysX\Common;C:\Program Files\NVIDIA Corporation\NVIDIA NvDLISR;C:\WINDOWS\system32;C:\WINDOWS;C:\WINDOWS\System32\Wbem;C:\WINDOWS\System32\WindowsPowerShell\v1.0\;C:\WINDOWS\System32\OpenSSH\;F:\DevelopmentEnvironment\Java\jdk-19.0.2\bin;F:\DevelopmentEnvironment\Java\jdk-15.0.2\jre\bin;F:\other\mysql-8.0.23\bin;F:\other\Git\bin;F:\other\Git\mingw64\libexec\git-core;F:\other\Git\mingw64\bin;F:\DevelopmentEnvironment\Gradle\gradle-6.9.1\bin;C:\PROGRAM FILES (X86)\COMMON FILES\FAST;C:\PROGRAM FILES (X86)\COMMON FILES\FAST\CAD;D:\software\NVIDIA Corporation\NVIDIA NvDLISR;F:\DevelopmentEnvironment\Python;F:\DevelopmentEnvironment\Python\Scripts;F:\DevelopmentEnvironment\NodeJS\;F:\DevelopmentEnvironment\mingw64\bin;F:\DevelopmentEnvironment\GOlang\bin;F:\DevelopmentEnvironment\GOlang;F:\other\Redis-x64-3.2.100;D:\software\TortoiseGit\bin;D:\software\dotnet\;C:\Program Files\Docker\Docker\resources\bin;C:\Users\K8lyN\AppData\Local\Microsoft\WindowsApps;D:\software\Bandzip\;F:\IDE\Microsoft VS Code\bin;C:\Users\K8lyN\AppData\Local\Programs\Fiddler;C:\Users\K8lyN\AppData\Roaming\npm;C:\Users\K8lyN\go\bin;.
2023-03-09 22:20:37.976  INFO 11548 [main] org.apache.zookeeper.ZooKeeper - Client environment:java.io.tmpdir=C:\Users\K8lyN\AppData\Local\Temp\
2023-03-09 22:20:37.976  INFO 11548 [main] org.apache.zookeeper.ZooKeeper - Client environment:java.compiler=<NA>
2023-03-09 22:20:37.976  INFO 11548 [main] org.apache.zookeeper.ZooKeeper - Client environment:os.name=Windows 11
2023-03-09 22:20:37.977  INFO 11548 [main] org.apache.zookeeper.ZooKeeper - Client environment:os.arch=amd64
2023-03-09 22:20:37.977  INFO 11548 [main] org.apache.zookeeper.ZooKeeper - Client environment:os.version=10.0
2023-03-09 22:20:37.977  INFO 11548 [main] org.apache.zookeeper.ZooKeeper - Client environment:user.name=K8lyN
2023-03-09 22:20:37.977  INFO 11548 [main] org.apache.zookeeper.ZooKeeper - Client environment:user.home=C:\Users\K8lyN
2023-03-09 22:20:37.977  INFO 11548 [main] org.apache.zookeeper.ZooKeeper - Client environment:user.dir=H:\Project\JavaProject\tik
2023-03-09 22:20:37.977  INFO 11548 [main] org.apache.zookeeper.ZooKeeper - Client environment:os.memory.free=53MB
2023-03-09 22:20:37.977  INFO 11548 [main] org.apache.zookeeper.ZooKeeper - Client environment:os.memory.max=4048MB
2023-03-09 22:20:37.977  INFO 11548 [main] org.apache.zookeeper.ZooKeeper - Client environment:os.memory.total=88MB
2023-03-09 22:20:37.981  INFO 11548 [main] org.apache.zookeeper.ZooKeeper - Initiating client connection, connectString=localhost:2181 sessionTimeout=60000 watcher=org.apache.curator.ConnectionState@53b7bf01
2023-03-09 22:20:37.984  INFO 11548 [main] o.apache.zookeeper.common.X509Util - Setting -D jdk.tls.rejectClientInitiatedRenegotiation=true to disable client-initiated TLS renegotiation
2023-03-09 22:20:37.984  INFO 11548 [main] o.apache.zookeeper.ClientCnxnSocket - jute.maxbuffer value is 1048575 Bytes
2023-03-09 22:20:38.004  INFO 11548 [main] org.apache.zookeeper.ClientCnxn - zookeeper.request.timeout value is 0. feature enabled=false
2023-03-09 22:20:38.015  INFO 11548 [main-SendThread(localhost:2181)] org.apache.zookeeper.ClientCnxn - Opening socket connection to server localhost/127.0.0.1:2181.
2023-03-09 22:20:38.016  INFO 11548 [main-SendThread(localhost:2181)] org.apache.zookeeper.ClientCnxn - SASL config status: Will not attempt to authenticate using SASL (unknown error)
2023-03-09 22:20:38.020  INFO 11548 [main] o.a.c.f.imps.CuratorFrameworkImpl - Default schema
2023-03-09 22:20:38.024  WARN 11548 [main-SendThread(localhost:2181)] org.apache.zookeeper.ClientCnxn - Session 0x0 for sever localhost/127.0.0.1:2181, Closing socket connection. Attempting reconnect except it is a SessionExpiredException.
java.net.ConnectException: Connection refused: no further information
	at java.base/sun.nio.ch.Net.pollConnect(Native Method)
	at java.base/sun.nio.ch.Net.pollConnectNow(Net.java:672)
	at java.base/sun.nio.ch.SocketChannelImpl.finishConnect(SocketChannelImpl.java:973)
	at org.apache.zookeeper.ClientCnxnSocketNIO.doTransport(ClientCnxnSocketNIO.java:342)
	at org.apache.zookeeper.ClientCnxn$SendThread.run(ClientCnxn.java:1262)
2023-03-09 22:20:39.156  INFO 11548 [main-SendThread(localhost:2181)] org.apache.zookeeper.ClientCnxn - Opening socket connection to server localhost/[0:0:0:0:0:0:0:1]:2181.
2023-03-09 22:20:39.156  INFO 11548 [main-SendThread(localhost:2181)] org.apache.zookeeper.ClientCnxn - SASL config status: Will not attempt to authenticate using SASL (unknown error)
2023-03-09 22:20:39.158  WARN 11548 [main-SendThread(localhost:2181)] org.apache.zookeeper.ClientCnxn - Session 0x0 for sever localhost/[0:0:0:0:0:0:0:1]:2181, Closing socket connection. Attempting reconnect except it is a SessionExpiredException.
java.net.ConnectException: Connection refused: no further information
	at java.base/sun.nio.ch.Net.pollConnect(Native Method)
	at java.base/sun.nio.ch.Net.pollConnectNow(Net.java:672)
	at java.base/sun.nio.ch.SocketChannelImpl.finishConnect(SocketChannelImpl.java:973)
	at org.apache.zookeeper.ClientCnxnSocketNIO.doTransport(ClientCnxnSocketNIO.java:342)
	at org.apache.zookeeper.ClientCnxn$SendThread.run(ClientCnxn.java:1262)
2023-03-09 22:20:40.270  INFO 11548 [main-SendThread(localhost:2181)] org.apache.zookeeper.ClientCnxn - Opening socket connection to server localhost/[0:0:0:0:0:0:0:1]:2181.
2023-03-09 22:20:40.270  INFO 11548 [main-SendThread(localhost:2181)] org.apache.zookeeper.ClientCnxn - SASL config status: Will not attempt to authenticate using SASL (unknown error)
2023-03-09 22:20:40.272  WARN 11548 [main-SendThread(localhost:2181)] org.apache.zookeeper.ClientCnxn - Session 0x0 for sever localhost/[0:0:0:0:0:0:0:1]:2181, Closing socket connection. Attempting reconnect except it is a SessionExpiredException.
java.net.ConnectException: Connection refused: no further information
	at java.base/sun.nio.ch.Net.pollConnect(Native Method)
	at java.base/sun.nio.ch.Net.pollConnectNow(Net.java:672)
	at java.base/sun.nio.ch.SocketChannelImpl.finishConnect(SocketChannelImpl.java:973)
	at org.apache.zookeeper.ClientCnxnSocketNIO.doTransport(ClientCnxnSocketNIO.java:342)
	at org.apache.zookeeper.ClientCnxn$SendThread.run(ClientCnxn.java:1262)
2023-03-09 22:20:41.384  INFO 11548 [main-SendThread(localhost:2181)] org.apache.zookeeper.ClientCnxn - Opening socket connection to server localhost/[0:0:0:0:0:0:0:1]:2181.
2023-03-09 22:20:41.385  INFO 11548 [main-SendThread(localhost:2181)] org.apache.zookeeper.ClientCnxn - SASL config status: Will not attempt to authenticate using SASL (unknown error)
2023-03-09 22:20:41.386  WARN 11548 [main-SendThread(localhost:2181)] org.apache.zookeeper.ClientCnxn - Session 0x0 for sever localhost/[0:0:0:0:0:0:0:1]:2181, Closing socket connection. Attempting reconnect except it is a SessionExpiredException.
java.net.ConnectException: Connection refused: no further information
	at java.base/sun.nio.ch.Net.pollConnect(Native Method)
	at java.base/sun.nio.ch.Net.pollConnectNow(Net.java:672)
	at java.base/sun.nio.ch.SocketChannelImpl.finishConnect(SocketChannelImpl.java:973)
	at org.apache.zookeeper.ClientCnxnSocketNIO.doTransport(ClientCnxnSocketNIO.java:342)
	at org.apache.zookeeper.ClientCnxn$SendThread.run(ClientCnxn.java:1262)
2023-03-09 22:20:42.506  INFO 11548 [main-SendThread(localhost:2181)] org.apache.zookeeper.ClientCnxn - Opening socket connection to server localhost/[0:0:0:0:0:0:0:1]:2181.
2023-03-09 22:20:42.506  INFO 11548 [main-SendThread(localhost:2181)] org.apache.zookeeper.ClientCnxn - SASL config status: Will not attempt to authenticate using SASL (unknown error)
2023-03-09 22:20:42.507  WARN 11548 [main-SendThread(localhost:2181)] org.apache.zookeeper.ClientCnxn - Session 0x0 for sever localhost/[0:0:0:0:0:0:0:1]:2181, Closing socket connection. Attempting reconnect except it is a SessionExpiredException.
java.net.ConnectException: Connection refused: no further information
	at java.base/sun.nio.ch.Net.pollConnect(Native Method)
	at java.base/sun.nio.ch.Net.pollConnectNow(Net.java:672)
	at java.base/sun.nio.ch.SocketChannelImpl.finishConnect(SocketChannelImpl.java:973)
	at org.apache.zookeeper.ClientCnxnSocketNIO.doTransport(ClientCnxnSocketNIO.java:342)
	at org.apache.zookeeper.ClientCnxn$SendThread.run(ClientCnxn.java:1262)
2023-03-09 22:20:43.628  INFO 11548 [main-SendThread(localhost:2181)] org.apache.zookeeper.ClientCnxn - Opening socket connection to server localhost/[0:0:0:0:0:0:0:1]:2181.
2023-03-09 22:20:43.628  INFO 11548 [main-SendThread(localhost:2181)] org.apache.zookeeper.ClientCnxn - SASL config status: Will not attempt to authenticate using SASL (unknown error)
2023-03-09 22:20:43.628  WARN 11548 [main-SendThread(localhost:2181)] org.apache.zookeeper.ClientCnxn - Session 0x0 for sever localhost/[0:0:0:0:0:0:0:1]:2181, Closing socket connection. Attempting reconnect except it is a SessionExpiredException.
java.net.ConnectException: Connection refused: no further information
	at java.base/sun.nio.ch.Net.pollConnect(Native Method)
	at java.base/sun.nio.ch.Net.pollConnectNow(Net.java:672)
	at java.base/sun.nio.ch.SocketChannelImpl.finishConnect(SocketChannelImpl.java:973)
	at org.apache.zookeeper.ClientCnxnSocketNIO.doTransport(ClientCnxnSocketNIO.java:342)
	at org.apache.zookeeper.ClientCnxn$SendThread.run(ClientCnxn.java:1262)
2023-03-09 22:20:44.747  INFO 11548 [main-SendThread(localhost:2181)] org.apache.zookeeper.ClientCnxn - Opening socket connection to server localhost/127.0.0.1:2181.
2023-03-09 22:20:44.748  INFO 11548 [main-SendThread(localhost:2181)] org.apache.zookeeper.ClientCnxn - SASL config status: Will not attempt to authenticate using SASL (unknown error)
2023-03-09 22:20:44.749  WARN 11548 [main-SendThread(localhost:2181)] org.apache.zookeeper.ClientCnxn - Session 0x0 for sever localhost/127.0.0.1:2181, Closing socket connection. Attempting reconnect except it is a SessionExpiredException.
java.net.ConnectException: Connection refused: no further information
	at java.base/sun.nio.ch.Net.pollConnect(Native Method)
	at java.base/sun.nio.ch.Net.pollConnectNow(Net.java:672)
	at java.base/sun.nio.ch.SocketChannelImpl.finishConnect(SocketChannelImpl.java:973)
	at org.apache.zookeeper.ClientCnxnSocketNIO.doTransport(ClientCnxnSocketNIO.java:342)
	at org.apache.zookeeper.ClientCnxn$SendThread.run(ClientCnxn.java:1262)
2023-03-09 22:20:45.864  INFO 11548 [main-SendThread(localhost:2181)] org.apache.zookeeper.ClientCnxn - Opening socket connection to server localhost/[0:0:0:0:0:0:0:1]:2181.
2023-03-09 22:20:45.865  INFO 11548 [main-SendThread(localhost:2181)] org.apache.zookeeper.ClientCnxn - SASL config status: Will not attempt to authenticate using SASL (unknown error)
2023-03-09 22:20:45.866  WARN 11548 [main-SendThread(localhost:2181)] org.apache.zookeeper.ClientCnxn - Session 0x0 for sever localhost/[0:0:0:0:0:0:0:1]:2181, Closing socket connection. Attempting reconnect except it is a SessionExpiredException.
java.net.ConnectException: Connection refused: no further information
	at java.base/sun.nio.ch.Net.pollConnect(Native Method)
	at java.base/sun.nio.ch.Net.pollConnectNow(Net.java:672)
	at java.base/sun.nio.ch.SocketChannelImpl.finishConnect(SocketChannelImpl.java:973)
	at org.apache.zookeeper.ClientCnxnSocketNIO.doTransport(ClientCnxnSocketNIO.java:342)
	at org.apache.zookeeper.ClientCnxn$SendThread.run(ClientCnxn.java:1262)
2023-03-09 22:20:46.978  INFO 11548 [main-SendThread(localhost:2181)] org.apache.zookeeper.ClientCnxn - Opening socket connection to server localhost/127.0.0.1:2181.
2023-03-09 22:20:46.978  INFO 11548 [main-SendThread(localhost:2181)] org.apache.zookeeper.ClientCnxn - SASL config status: Will not attempt to authenticate using SASL (unknown error)
2023-03-09 22:20:46.979  WARN 11548 [main-SendThread(localhost:2181)] org.apache.zookeeper.ClientCnxn - Session 0x0 for sever localhost/127.0.0.1:2181, Closing socket connection. Attempting reconnect except it is a SessionExpiredException.
java.net.ConnectException: Connection refused: no further information
	at java.base/sun.nio.ch.Net.pollConnect(Native Method)
	at java.base/sun.nio.ch.Net.pollConnectNow(Net.java:672)
	at java.base/sun.nio.ch.SocketChannelImpl.finishConnect(SocketChannelImpl.java:973)
	at org.apache.zookeeper.ClientCnxnSocketNIO.doTransport(ClientCnxnSocketNIO.java:342)
	at org.apache.zookeeper.ClientCnxn$SendThread.run(ClientCnxn.java:1262)
2023-03-09 22:20:48.103  INFO 11548 [main-SendThread(localhost:2181)] org.apache.zookeeper.ClientCnxn - Opening socket connection to server localhost/127.0.0.1:2181.
2023-03-09 22:20:48.104  INFO 11548 [main-SendThread(localhost:2181)] org.apache.zookeeper.ClientCnxn - SASL config status: Will not attempt to authenticate using SASL (unknown error)
2023-03-09 22:20:48.105  WARN 11548 [main-SendThread(localhost:2181)] org.apache.zookeeper.ClientCnxn - Session 0x0 for sever localhost/127.0.0.1:2181, Closing socket connection. Attempting reconnect except it is a SessionExpiredException.
java.net.ConnectException: Connection refused: no further information
	at java.base/sun.nio.ch.Net.pollConnect(Native Method)
	at java.base/sun.nio.ch.Net.pollConnectNow(Net.java:672)
	at java.base/sun.nio.ch.SocketChannelImpl.finishConnect(SocketChannelImpl.java:973)
	at org.apache.zookeeper.ClientCnxnSocketNIO.doTransport(ClientCnxnSocketNIO.java:342)
	at org.apache.zookeeper.ClientCnxn$SendThread.run(ClientCnxn.java:1262)
2023-03-09 22:20:48.469  WARN 11548 [main] o.s.c.l.c.LoadBalancerCacheAutoConfiguration$LoadBalancerCaffeineWarnLogger - Spring Cloud LoadBalancer is currently working with the default cache. While this cache implementation is useful for development and tests, it's recommended to use Caffeine cache in production.You can switch to using Caffeine cache, by adding it and org.springframework.cache.caffeine.CaffeineCacheManager to the classpath.
2023-03-09 22:20:48.540  INFO 11548 [main] o.s.b.w.e.tomcat.TomcatWebServer - Tomcat started on port(s): 8002 (http) with context path ''
2023-03-09 22:20:49.214  INFO 11548 [main-SendThread(localhost:2181)] org.apache.zookeeper.ClientCnxn - Opening socket connection to server localhost/[0:0:0:0:0:0:0:1]:2181.
2023-03-09 22:20:49.215  INFO 11548 [main-SendThread(localhost:2181)] org.apache.zookeeper.ClientCnxn - SASL config status: Will not attempt to authenticate using SASL (unknown error)
2023-03-09 22:20:49.216  WARN 11548 [main-SendThread(localhost:2181)] org.apache.zookeeper.ClientCnxn - Session 0x0 for sever localhost/[0:0:0:0:0:0:0:1]:2181, Closing socket connection. Attempting reconnect except it is a SessionExpiredException.
java.net.ConnectException: Connection refused: no further information
	at java.base/sun.nio.ch.Net.pollConnect(Native Method)
	at java.base/sun.nio.ch.Net.pollConnectNow(Net.java:672)
	at java.base/sun.nio.ch.SocketChannelImpl.finishConnect(SocketChannelImpl.java:973)
	at org.apache.zookeeper.ClientCnxnSocketNIO.doTransport(ClientCnxnSocketNIO.java:342)
	at org.apache.zookeeper.ClientCnxn$SendThread.run(ClientCnxn.java:1262)
2023-03-09 22:20:50.330  INFO 11548 [main-SendThread(localhost:2181)] org.apache.zookeeper.ClientCnxn - Opening socket connection to server localhost/[0:0:0:0:0:0:0:1]:2181.
2023-03-09 22:20:50.330  INFO 11548 [main-SendThread(localhost:2181)] org.apache.zookeeper.ClientCnxn - SASL config status: Will not attempt to authenticate using SASL (unknown error)
2023-03-09 22:20:50.332  WARN 11548 [main-SendThread(localhost:2181)] org.apache.zookeeper.ClientCnxn - Session 0x0 for sever localhost/[0:0:0:0:0:0:0:1]:2181, Closing socket connection. Attempting reconnect except it is a SessionExpiredException.
java.net.ConnectException: Connection refused: no further information
	at java.base/sun.nio.ch.Net.pollConnect(Native Method)
	at java.base/sun.nio.ch.Net.pollConnectNow(Net.java:672)
	at java.base/sun.nio.ch.SocketChannelImpl.finishConnect(SocketChannelImpl.java:973)
	at org.apache.zookeeper.ClientCnxnSocketNIO.doTransport(ClientCnxnSocketNIO.java:342)
	at org.apache.zookeeper.ClientCnxn$SendThread.run(ClientCnxn.java:1262)
2023-03-09 22:20:51.450  INFO 11548 [main-SendThread(localhost:2181)] org.apache.zookeeper.ClientCnxn - Opening socket connection to server localhost/127.0.0.1:2181.
2023-03-09 22:20:51.450  INFO 11548 [main-SendThread(localhost:2181)] org.apache.zookeeper.ClientCnxn - SASL config status: Will not attempt to authenticate using SASL (unknown error)
2023-03-09 22:20:51.451  WARN 11548 [main-SendThread(localhost:2181)] org.apache.zookeeper.ClientCnxn - Session 0x0 for sever localhost/127.0.0.1:2181, Closing socket connection. Attempting reconnect except it is a SessionExpiredException.
java.net.ConnectException: Connection refused: no further information
	at java.base/sun.nio.ch.Net.pollConnect(Native Method)
	at java.base/sun.nio.ch.Net.pollConnectNow(Net.java:672)
	at java.base/sun.nio.ch.SocketChannelImpl.finishConnect(SocketChannelImpl.java:973)
	at org.apache.zookeeper.ClientCnxnSocketNIO.doTransport(ClientCnxnSocketNIO.java:342)
	at org.apache.zookeeper.ClientCnxn$SendThread.run(ClientCnxn.java:1262)
2023-03-09 22:20:52.569  INFO 11548 [main-SendThread(localhost:2181)] org.apache.zookeeper.ClientCnxn - Opening socket connection to server localhost/[0:0:0:0:0:0:0:1]:2181.
2023-03-09 22:20:52.569  INFO 11548 [main-SendThread(localhost:2181)] org.apache.zookeeper.ClientCnxn - SASL config status: Will not attempt to authenticate using SASL (unknown error)
2023-03-09 22:20:52.570  WARN 11548 [main-SendThread(localhost:2181)] org.apache.zookeeper.ClientCnxn - Session 0x0 for sever localhost/[0:0:0:0:0:0:0:1]:2181, Closing socket connection. Attempting reconnect except it is a SessionExpiredException.
java.net.ConnectException: Connection refused: no further information
	at java.base/sun.nio.ch.Net.pollConnect(Native Method)
	at java.base/sun.nio.ch.Net.pollConnectNow(Net.java:672)
	at java.base/sun.nio.ch.SocketChannelImpl.finishConnect(SocketChannelImpl.java:973)
	at org.apache.zookeeper.ClientCnxnSocketNIO.doTransport(ClientCnxnSocketNIO.java:342)
	at org.apache.zookeeper.ClientCnxn$SendThread.run(ClientCnxn.java:1262)
2023-03-09 22:20:53.688  INFO 11548 [main-SendThread(localhost:2181)] org.apache.zookeeper.ClientCnxn - Opening socket connection to server localhost/[0:0:0:0:0:0:0:1]:2181.
2023-03-09 22:20:53.688  INFO 11548 [main-SendThread(localhost:2181)] org.apache.zookeeper.ClientCnxn - SASL config status: Will not attempt to authenticate using SASL (unknown error)
2023-03-09 22:20:53.689  WARN 11548 [main-SendThread(localhost:2181)] org.apache.zookeeper.ClientCnxn - Session 0x0 for sever localhost/[0:0:0:0:0:0:0:1]:2181, Closing socket connection. Attempting reconnect except it is a SessionExpiredException.
java.net.ConnectException: Connection refused: no further information
	at java.base/sun.nio.ch.Net.pollConnect(Native Method)
	at java.base/sun.nio.ch.Net.pollConnectNow(Net.java:672)
	at java.base/sun.nio.ch.SocketChannelImpl.finishConnect(SocketChannelImpl.java:973)
	at org.apache.zookeeper.ClientCnxnSocketNIO.doTransport(ClientCnxnSocketNIO.java:342)
	at org.apache.zookeeper.ClientCnxn$SendThread.run(ClientCnxn.java:1262)
2023-03-09 22:20:53.806  WARN 11548 [Curator-Framework-0] o.a.c.retry.ExponentialBackoffRetry - Sleep extension too large (1500). Pinning to 500
2023-03-09 22:20:54.323  WARN 11548 [Curator-Framework-0] o.a.c.retry.ExponentialBackoffRetry - Sleep extension too large (1250). Pinning to 500
2023-03-09 22:20:54.808  INFO 11548 [main-SendThread(localhost:2181)] org.apache.zookeeper.ClientCnxn - Opening socket connection to server localhost/[0:0:0:0:0:0:0:1]:2181.
2023-03-09 22:20:54.808  INFO 11548 [main-SendThread(localhost:2181)] org.apache.zookeeper.ClientCnxn - SASL config status: Will not attempt to authenticate using SASL (unknown error)
2023-03-09 22:20:54.809  WARN 11548 [main-SendThread(localhost:2181)] org.apache.zookeeper.ClientCnxn - Session 0x0 for sever localhost/[0:0:0:0:0:0:0:1]:2181, Closing socket connection. Attempting reconnect except it is a SessionExpiredException.
java.net.ConnectException: Connection refused: no further information
	at java.base/sun.nio.ch.Net.pollConnect(Native Method)
	at java.base/sun.nio.ch.Net.pollConnectNow(Net.java:672)
	at java.base/sun.nio.ch.SocketChannelImpl.finishConnect(SocketChannelImpl.java:973)
	at org.apache.zookeeper.ClientCnxnSocketNIO.doTransport(ClientCnxnSocketNIO.java:342)
	at org.apache.zookeeper.ClientCnxn$SendThread.run(ClientCnxn.java:1262)
2023-03-09 22:20:54.824  WARN 11548 [Curator-Framework-0] o.a.c.retry.ExponentialBackoffRetry - Sleep extension too large (5500). Pinning to 500
2023-03-09 22:20:55.337  WARN 11548 [Curator-Framework-0] o.a.c.retry.ExponentialBackoffRetry - Sleep extension too large (4050). Pinning to 500
2023-03-09 22:20:55.853  WARN 11548 [Curator-Framework-0] o.a.c.retry.ExponentialBackoffRetry - Sleep extension too large (12500). Pinning to 500
2023-03-09 22:20:55.927  INFO 11548 [main-SendThread(localhost:2181)] org.apache.zookeeper.ClientCnxn - Opening socket connection to server localhost/[0:0:0:0:0:0:0:1]:2181.
2023-03-09 22:20:55.927  INFO 11548 [main-SendThread(localhost:2181)] org.apache.zookeeper.ClientCnxn - SASL config status: Will not attempt to authenticate using SASL (unknown error)
2023-03-09 22:20:55.927  WARN 11548 [main-SendThread(localhost:2181)] org.apache.zookeeper.ClientCnxn - Session 0x0 for sever localhost/[0:0:0:0:0:0:0:1]:2181, Closing socket connection. Attempting reconnect except it is a SessionExpiredException.
java.net.ConnectException: Connection refused: no further information
	at java.base/sun.nio.ch.Net.pollConnect(Native Method)
	at java.base/sun.nio.ch.Net.pollConnectNow(Net.java:672)
	at java.base/sun.nio.ch.SocketChannelImpl.finishConnect(SocketChannelImpl.java:973)
	at org.apache.zookeeper.ClientCnxnSocketNIO.doTransport(ClientCnxnSocketNIO.java:342)
	at org.apache.zookeeper.ClientCnxn$SendThread.run(ClientCnxn.java:1262)
2023-03-09 22:20:56.367  WARN 11548 [Curator-Framework-0] o.a.c.retry.ExponentialBackoffRetry - Sleep extension too large (42450). Pinning to 500
2023-03-09 22:20:56.893  INFO 11548 [Curator-Framework-0] o.a.c.f.s.ConnectionStateManager - State change: SUSPENDED
2023-03-09 22:20:56.893 ERROR 11548 [Curator-Framework-0] o.a.c.f.imps.CuratorFrameworkImpl - Background operation retry gave up
org.apache.zookeeper.KeeperException$ConnectionLossException: KeeperErrorCode = ConnectionLoss
	at org.apache.zookeeper.KeeperException.create(KeeperException.java:102)
	at org.apache.curator.framework.imps.CuratorFrameworkImpl.checkBackgroundRetry(CuratorFrameworkImpl.java:851)
	at org.apache.curator.framework.imps.CuratorFrameworkImpl.performBackgroundOperation(CuratorFrameworkImpl.java:999)
	at org.apache.curator.framework.imps.CuratorFrameworkImpl.backgroundOperationsLoop(CuratorFrameworkImpl.java:952)
	at org.apache.curator.framework.imps.CuratorFrameworkImpl.access$300(CuratorFrameworkImpl.java:66)
	at org.apache.curator.framework.imps.CuratorFrameworkImpl$4.call(CuratorFrameworkImpl.java:342)
	at java.base/java.util.concurrent.FutureTask.run(FutureTask.java:317)
	at java.base/java.util.concurrent.ScheduledThreadPoolExecutor$ScheduledFutureTask.run(ScheduledThreadPoolExecutor.java:304)
	at java.base/java.util.concurrent.ThreadPoolExecutor.runWorker(ThreadPoolExecutor.java:1144)
	at java.base/java.util.concurrent.ThreadPoolExecutor$Worker.run(ThreadPoolExecutor.java:642)
	at java.base/java.lang.Thread.run(Thread.java:1589)
2023-03-09 22:20:56.893 ERROR 11548 [Curator-Framework-0] o.a.c.f.imps.CuratorFrameworkImpl - Background retry gave up
org.apache.curator.CuratorConnectionLossException: KeeperErrorCode = ConnectionLoss
	at org.apache.curator.framework.imps.CuratorFrameworkImpl.performBackgroundOperation(CuratorFrameworkImpl.java:981)
	at org.apache.curator.framework.imps.CuratorFrameworkImpl.backgroundOperationsLoop(CuratorFrameworkImpl.java:952)
	at org.apache.curator.framework.imps.CuratorFrameworkImpl.access$300(CuratorFrameworkImpl.java:66)
	at org.apache.curator.framework.imps.CuratorFrameworkImpl$4.call(CuratorFrameworkImpl.java:342)
	at java.base/java.util.concurrent.FutureTask.run(FutureTask.java:317)
	at java.base/java.util.concurrent.ScheduledThreadPoolExecutor$ScheduledFutureTask.run(ScheduledThreadPoolExecutor.java:304)
	at java.base/java.util.concurrent.ThreadPoolExecutor.runWorker(ThreadPoolExecutor.java:1144)
	at java.base/java.util.concurrent.ThreadPoolExecutor$Worker.run(ThreadPoolExecutor.java:642)
	at java.base/java.lang.Thread.run(Thread.java:1589)
2023-03-09 22:20:57.048  INFO 11548 [main-SendThread(localhost:2181)] org.apache.zookeeper.ClientCnxn - Opening socket connection to server localhost/[0:0:0:0:0:0:0:1]:2181.
2023-03-09 22:20:57.048  INFO 11548 [main-SendThread(localhost:2181)] org.apache.zookeeper.ClientCnxn - SASL config status: Will not attempt to authenticate using SASL (unknown error)
2023-03-09 22:20:57.048  WARN 11548 [main-SendThread(localhost:2181)] org.apache.zookeeper.ClientCnxn - Session 0x0 for sever localhost/[0:0:0:0:0:0:0:1]:2181, Closing socket connection. Attempting reconnect except it is a SessionExpiredException.
java.net.ConnectException: Connection refused: no further information
	at java.base/sun.nio.ch.Net.pollConnect(Native Method)
	at java.base/sun.nio.ch.Net.pollConnectNow(Net.java:672)
	at java.base/sun.nio.ch.SocketChannelImpl.finishConnect(SocketChannelImpl.java:973)
	at org.apache.zookeeper.ClientCnxnSocketNIO.doTransport(ClientCnxnSocketNIO.java:342)
	at org.apache.zookeeper.ClientCnxn$SendThread.run(ClientCnxn.java:1262)
2023-03-09 22:20:58.176  INFO 11548 [main-SendThread(localhost:2181)] org.apache.zookeeper.ClientCnxn - Opening socket connection to server localhost/127.0.0.1:2181.
2023-03-09 22:20:58.176  INFO 11548 [main-SendThread(localhost:2181)] org.apache.zookeeper.ClientCnxn - SASL config status: Will not attempt to authenticate using SASL (unknown error)
2023-03-09 22:20:58.177  WARN 11548 [main-SendThread(localhost:2181)] org.apache.zookeeper.ClientCnxn - Session 0x0 for sever localhost/127.0.0.1:2181, Closing socket connection. Attempting reconnect except it is a SessionExpiredException.
java.net.ConnectException: Connection refused: no further information
	at java.base/sun.nio.ch.Net.pollConnect(Native Method)
	at java.base/sun.nio.ch.Net.pollConnectNow(Net.java:672)
	at java.base/sun.nio.ch.SocketChannelImpl.finishConnect(SocketChannelImpl.java:973)
	at org.apache.zookeeper.ClientCnxnSocketNIO.doTransport(ClientCnxnSocketNIO.java:342)
	at org.apache.zookeeper.ClientCnxn$SendThread.run(ClientCnxn.java:1262)
2023-03-09 22:20:59.294  INFO 11548 [main-SendThread(localhost:2181)] org.apache.zookeeper.ClientCnxn - Opening socket connection to server localhost/[0:0:0:0:0:0:0:1]:2181.
2023-03-09 22:20:59.294  INFO 11548 [main-SendThread(localhost:2181)] org.apache.zookeeper.ClientCnxn - SASL config status: Will not attempt to authenticate using SASL (unknown error)
2023-03-09 22:20:59.295  WARN 11548 [main-SendThread(localhost:2181)] org.apache.zookeeper.ClientCnxn - Session 0x0 for sever localhost/[0:0:0:0:0:0:0:1]:2181, Closing socket connection. Attempting reconnect except it is a SessionExpiredException.
java.net.ConnectException: Connection refused: no further information
	at java.base/sun.nio.ch.Net.pollConnect(Native Method)
	at java.base/sun.nio.ch.Net.pollConnectNow(Net.java:672)
	at java.base/sun.nio.ch.SocketChannelImpl.finishConnect(SocketChannelImpl.java:973)
	at org.apache.zookeeper.ClientCnxnSocketNIO.doTransport(ClientCnxnSocketNIO.java:342)
	at org.apache.zookeeper.ClientCnxn$SendThread.run(ClientCnxn.java:1262)
2023-03-09 22:21:00.417  INFO 11548 [main-SendThread(localhost:2181)] org.apache.zookeeper.ClientCnxn - Opening socket connection to server localhost/127.0.0.1:2181.
2023-03-09 22:21:00.419  INFO 11548 [main-SendThread(localhost:2181)] org.apache.zookeeper.ClientCnxn - SASL config status: Will not attempt to authenticate using SASL (unknown error)
2023-03-09 22:21:00.422  WARN 11548 [main-SendThread(localhost:2181)] org.apache.zookeeper.ClientCnxn - Session 0x0 for sever localhost/127.0.0.1:2181, Closing socket connection. Attempting reconnect except it is a SessionExpiredException.
java.net.ConnectException: Connection refused: no further information
	at java.base/sun.nio.ch.Net.pollConnect(Native Method)
	at java.base/sun.nio.ch.Net.pollConnectNow(Net.java:672)
	at java.base/sun.nio.ch.SocketChannelImpl.finishConnect(SocketChannelImpl.java:973)
	at org.apache.zookeeper.ClientCnxnSocketNIO.doTransport(ClientCnxnSocketNIO.java:342)
	at org.apache.zookeeper.ClientCnxn$SendThread.run(ClientCnxn.java:1262)
2023-03-09 22:21:01.539  INFO 11548 [main-SendThread(localhost:2181)] org.apache.zookeeper.ClientCnxn - Opening socket connection to server localhost/[0:0:0:0:0:0:0:1]:2181.
2023-03-09 22:21:01.540  INFO 11548 [main-SendThread(localhost:2181)] org.apache.zookeeper.ClientCnxn - SASL config status: Will not attempt to authenticate using SASL (unknown error)
2023-03-09 22:21:01.541  WARN 11548 [main-SendThread(localhost:2181)] org.apache.zookeeper.ClientCnxn - Session 0x0 for sever localhost/[0:0:0:0:0:0:0:1]:2181, Closing socket connection. Attempting reconnect except it is a SessionExpiredException.
java.net.ConnectException: Connection refused: no further information
	at java.base/sun.nio.ch.Net.pollConnect(Native Method)
	at java.base/sun.nio.ch.Net.pollConnectNow(Net.java:672)
	at java.base/sun.nio.ch.SocketChannelImpl.finishConnect(SocketChannelImpl.java:973)
	at org.apache.zookeeper.ClientCnxnSocketNIO.doTransport(ClientCnxnSocketNIO.java:342)
	at org.apache.zookeeper.ClientCnxn$SendThread.run(ClientCnxn.java:1262)
2023-03-09 22:21:02.659  INFO 11548 [main-SendThread(localhost:2181)] org.apache.zookeeper.ClientCnxn - Opening socket connection to server localhost/127.0.0.1:2181.
2023-03-09 22:21:02.659  INFO 11548 [main-SendThread(localhost:2181)] org.apache.zookeeper.ClientCnxn - SASL config status: Will not attempt to authenticate using SASL (unknown error)
2023-03-09 22:21:02.661  INFO 11548 [main-SendThread(localhost:2181)] org.apache.zookeeper.ClientCnxn - Socket connection established, initiating session, client: /127.0.0.1:8689, server: localhost/127.0.0.1:2181
2023-03-09 22:21:02.673  WARN 11548 [main-SendThread(localhost:2181)] org.apache.zookeeper.ClientCnxn - Session 0x0 for sever localhost/127.0.0.1:2181, Closing socket connection. Attempting reconnect except it is a SessionExpiredException.
org.apache.zookeeper.ClientCnxn$EndOfStreamException: Unable to read additional data from server sessionid 0x0, likely server has closed socket
	at org.apache.zookeeper.ClientCnxnSocketNIO.doIO(ClientCnxnSocketNIO.java:75)
	at org.apache.zookeeper.ClientCnxnSocketNIO.doTransport(ClientCnxnSocketNIO.java:348)
	at org.apache.zookeeper.ClientCnxn$SendThread.run(ClientCnxn.java:1262)
2023-03-09 22:21:04.343  INFO 11548 [main-SendThread(localhost:2181)] org.apache.zookeeper.ClientCnxn - Opening socket connection to server localhost/[0:0:0:0:0:0:0:1]:2181.
2023-03-09 22:21:04.344  INFO 11548 [main-SendThread(localhost:2181)] org.apache.zookeeper.ClientCnxn - SASL config status: Will not attempt to authenticate using SASL (unknown error)
2023-03-09 22:21:04.346  INFO 11548 [main-SendThread(localhost:2181)] org.apache.zookeeper.ClientCnxn - Socket connection established, initiating session, client: /[0:0:0:0:0:0:0:1]:8690, server: localhost/[0:0:0:0:0:0:0:1]:2181
2023-03-09 22:21:04.359  INFO 11548 [main-SendThread(localhost:2181)] org.apache.zookeeper.ClientCnxn - Session establishment complete on server localhost/[0:0:0:0:0:0:0:1]:2181, session id = 0x10000aa76730000, negotiated timeout = 40000
2023-03-09 22:21:04.362  INFO 11548 [main-EventThread] o.a.c.f.s.ConnectionStateManager - State change: CONNECTED
2023-03-09 22:21:04.378  INFO 11548 [main-EventThread] o.a.c.f.imps.EnsembleTracker - New config event received: {}
2023-03-09 22:21:04.412  INFO 11548 [main] e.td.zy.tik_user.TikUserApplication - Started TikUserApplication in 39.5 seconds (process running for 42.015)
2023-03-09 22:21:09.933  INFO 11548 [http-nio-8002-exec-1] o.a.c.c.C.[Tomcat].[localhost].[/] - Initializing Spring DispatcherServlet 'dispatcherServlet'
2023-03-09 22:21:09.934  INFO 11548 [http-nio-8002-exec-1] o.s.web.servlet.DispatcherServlet - Initializing Servlet 'dispatcherServlet'
2023-03-09 22:21:09.937  INFO 11548 [http-nio-8002-exec-1] o.s.web.servlet.DispatcherServlet - Completed initialization in 3 ms
2023-03-09 22:21:10.029  INFO 11548 [http-nio-8002-exec-1] com.zaxxer.hikari.HikariDataSource - HikariPool-1 - Starting...
2023-03-09 22:21:10.237  INFO 11548 [http-nio-8002-exec-1] com.zaxxer.hikari.pool.HikariPool - HikariPool-1 - Added connection com.mysql.cj.jdbc.ConnectionImpl@157555
2023-03-09 22:21:10.242  INFO 11548 [http-nio-8002-exec-1] com.zaxxer.hikari.HikariDataSource - HikariPool-1 - Start completed.
2023-03-09 22:21:10.398 ERROR 11548 [http-nio-8002-exec-1] o.a.c.c.C.[.[.[.[dispatcherServlet] - Servlet.service() for servlet [dispatcherServlet] in context with path [] threw exception [Request processing failed: org.springframework.jdbc.BadSqlGrammarException: 
### Error updating database.  Cause: java.sql.SQLSyntaxErrorException: Table 'users.user_132' doesn't exist
### The error may exist in edu/td/zy/tik_user/mapper/UserMapper.java (best guess)
### The error may involve edu.td.zy.tik_user.mapper.UserMapper.insert-Inline
### The error occurred while setting parameters
### SQL: INSERT INTO user_132  ( uid, phone, password, nickname, gender, birthday )  VALUES  ( ?, ?, ?, ?, ?, ? )
### Cause: java.sql.SQLSyntaxErrorException: Table 'users.user_132' doesn't exist
; bad SQL grammar []] with root cause
java.sql.SQLSyntaxErrorException: Table 'users.user_132' doesn't exist
	at com.mysql.cj.jdbc.exceptions.SQLError.createSQLException(SQLError.java:120)
	at com.mysql.cj.jdbc.exceptions.SQLExceptionsMapping.translateException(SQLExceptionsMapping.java:122)
	at com.mysql.cj.jdbc.ClientPreparedStatement.executeInternal(ClientPreparedStatement.java:916)
	at com.mysql.cj.jdbc.ClientPreparedStatement.execute(ClientPreparedStatement.java:354)
	at com.zaxxer.hikari.pool.ProxyPreparedStatement.execute(ProxyPreparedStatement.java:44)
	at com.zaxxer.hikari.pool.HikariProxyPreparedStatement.execute(HikariProxyPreparedStatement.java)
	at org.apache.ibatis.executor.statement.PreparedStatementHandler.update(PreparedStatementHandler.java:47)
	at org.apache.ibatis.executor.statement.RoutingStatementHandler.update(RoutingStatementHandler.java:74)
	at java.base/jdk.internal.reflect.DirectMethodHandleAccessor.invoke(DirectMethodHandleAccessor.java:104)
	at java.base/java.lang.reflect.Method.invoke(Method.java:578)
	at org.apache.ibatis.plugin.Plugin.invoke(Plugin.java:64)
	at jdk.proxy2/jdk.proxy2.$Proxy99.update(Unknown Source)
	at java.base/jdk.internal.reflect.DirectMethodHandleAccessor.invoke(DirectMethodHandleAccessor.java:104)
	at java.base/java.lang.reflect.Method.invoke(Method.java:578)
	at org.apache.ibatis.plugin.Plugin.invoke(Plugin.java:64)
	at jdk.proxy2/jdk.proxy2.$Proxy99.update(Unknown Source)
	at org.apache.ibatis.executor.SimpleExecutor.doUpdate(SimpleExecutor.java:50)
	at org.apache.ibatis.executor.BaseExecutor.update(BaseExecutor.java:117)
	at org.apache.ibatis.executor.CachingExecutor.update(CachingExecutor.java:76)
	at java.base/jdk.internal.reflect.DirectMethodHandleAccessor.invoke(DirectMethodHandleAccessor.java:104)
	at java.base/java.lang.reflect.Method.invoke(Method.java:578)
	at org.apache.ibatis.plugin.Invocation.proceed(Invocation.java:49)
	at com.baomidou.mybatisplus.extension.plugins.MybatisPlusInterceptor.intercept(MybatisPlusInterceptor.java:106)
	at org.apache.ibatis.plugin.Plugin.invoke(Plugin.java:62)
	at jdk.proxy2/jdk.proxy2.$Proxy98.update(Unknown Source)
	at java.base/jdk.internal.reflect.DirectMethodHandleAccessor.invoke(DirectMethodHandleAccessor.java:104)
	at java.base/java.lang.reflect.Method.invoke(Method.java:578)
	at org.apache.ibatis.plugin.Invocation.proceed(Invocation.java:49)
	at com.baomidou.mybatisplus.extension.plugins.MybatisPlusInterceptor.intercept(MybatisPlusInterceptor.java:106)
	at org.apache.ibatis.plugin.Plugin.invoke(Plugin.java:62)
	at jdk.proxy2/jdk.proxy2.$Proxy98.update(Unknown Source)
	at org.apache.ibatis.session.defaults.DefaultSqlSession.update(DefaultSqlSession.java:194)
	at org.apache.ibatis.session.defaults.DefaultSqlSession.insert(DefaultSqlSession.java:181)
	at java.base/jdk.internal.reflect.DirectMethodHandleAccessor.invoke(DirectMethodHandleAccessor.java:104)
	at java.base/java.lang.reflect.Method.invoke(Method.java:578)
	at org.mybatis.spring.SqlSessionTemplate$SqlSessionInterceptor.invoke(SqlSessionTemplate.java:425)
	at jdk.proxy2/jdk.proxy2.$Proxy80.insert(Unknown Source)
	at org.mybatis.spring.SqlSessionTemplate.insert(SqlSessionTemplate.java:272)
	at com.baomidou.mybatisplus.core.override.MybatisMapperMethod.execute(MybatisMapperMethod.java:59)
	at com.baomidou.mybatisplus.core.override.MybatisMapperProxy$PlainMethodInvoker.invoke(MybatisMapperProxy.java:148)
	at com.baomidou.mybatisplus.core.override.MybatisMapperProxy.invoke(MybatisMapperProxy.java:89)
	at jdk.proxy2/jdk.proxy2.$Proxy83.insert(Unknown Source)
	at com.baomidou.mybatisplus.extension.service.IService.save(IService.java:63)
	at java.base/jdk.internal.reflect.DirectMethodHandleAccessor.invoke(DirectMethodHandleAccessor.java:104)
	at java.base/java.lang.reflect.Method.invoke(Method.java:578)
	at org.springframework.aop.support.AopUtils.invokeJoinpointUsingReflection(AopUtils.java:343)
	at org.springframework.aop.framework.CglibAopProxy$DynamicAdvisedInterceptor.intercept(CglibAopProxy.java:698)
	at edu.td.zy.tik_user.service.impl.UserServiceImpl$$SpringCGLIB$$0.save(<generated>)
	at edu.td.zy.tik_user.controller.UserController.create(UserController.java:66)
	at java.base/jdk.internal.reflect.DirectMethodHandleAccessor.invoke(DirectMethodHandleAccessor.java:104)
	at java.base/java.lang.reflect.Method.invoke(Method.java:578)
	at org.springframework.web.method.support.InvocableHandlerMethod.doInvoke(InvocableHandlerMethod.java:207)
	at org.springframework.web.method.support.InvocableHandlerMethod.invokeForRequest(InvocableHandlerMethod.java:152)
	at org.springframework.web.servlet.mvc.method.annotation.ServletInvocableHandlerMethod.invokeAndHandle(ServletInvocableHandlerMethod.java:117)
	at org.springframework.web.servlet.mvc.method.annotation.RequestMappingHandlerAdapter.invokeHandlerMethod(RequestMappingHandlerAdapter.java:884)
	at org.springframework.web.servlet.mvc.method.annotation.RequestMappingHandlerAdapter.handleInternal(RequestMappingHandlerAdapter.java:797)
	at org.springframework.web.servlet.mvc.method.AbstractHandlerMethodAdapter.handle(AbstractHandlerMethodAdapter.java:87)
	at org.springframework.web.servlet.DispatcherServlet.doDispatch(DispatcherServlet.java:1081)
	at org.springframework.web.servlet.DispatcherServlet.doService(DispatcherServlet.java:974)
	at org.springframework.web.servlet.FrameworkServlet.processRequest(FrameworkServlet.java:1011)
	at org.springframework.web.servlet.FrameworkServlet.doGet(FrameworkServlet.java:903)
	at jakarta.servlet.http.HttpServlet.service(HttpServlet.java:705)
	at org.springframework.web.servlet.FrameworkServlet.service(FrameworkServlet.java:885)
	at jakarta.servlet.http.HttpServlet.service(HttpServlet.java:814)
	at org.apache.catalina.core.ApplicationFilterChain.internalDoFilter(ApplicationFilterChain.java:223)
	at org.apache.catalina.core.ApplicationFilterChain.doFilter(ApplicationFilterChain.java:158)
	at org.apache.tomcat.websocket.server.WsFilter.doFilter(WsFilter.java:53)
	at org.apache.catalina.core.ApplicationFilterChain.internalDoFilter(ApplicationFilterChain.java:185)
	at org.apache.catalina.core.ApplicationFilterChain.doFilter(ApplicationFilterChain.java:158)
	at org.springframework.web.filter.RequestContextFilter.doFilterInternal(RequestContextFilter.java:100)
	at org.springframework.web.filter.OncePerRequestFilter.doFilter(OncePerRequestFilter.java:116)
	at org.apache.catalina.core.ApplicationFilterChain.internalDoFilter(ApplicationFilterChain.java:185)
	at org.apache.catalina.core.ApplicationFilterChain.doFilter(ApplicationFilterChain.java:158)
	at org.springframework.web.filter.FormContentFilter.doFilterInternal(FormContentFilter.java:93)
	at org.springframework.web.filter.OncePerRequestFilter.doFilter(OncePerRequestFilter.java:116)
	at org.apache.catalina.core.ApplicationFilterChain.internalDoFilter(ApplicationFilterChain.java:185)
	at org.apache.catalina.core.ApplicationFilterChain.doFilter(ApplicationFilterChain.java:158)
	at org.springframework.web.filter.CharacterEncodingFilter.doFilterInternal(CharacterEncodingFilter.java:201)
	at org.springframework.web.filter.OncePerRequestFilter.doFilter(OncePerRequestFilter.java:116)
	at org.apache.catalina.core.ApplicationFilterChain.internalDoFilter(ApplicationFilterChain.java:185)
	at org.apache.catalina.core.ApplicationFilterChain.doFilter(ApplicationFilterChain.java:158)
	at org.apache.catalina.core.StandardWrapperValve.invoke(StandardWrapperValve.java:177)
	at org.apache.catalina.core.StandardContextValve.invoke(StandardContextValve.java:97)
	at org.apache.catalina.authenticator.AuthenticatorBase.invoke(AuthenticatorBase.java:542)
	at org.apache.catalina.core.StandardHostValve.invoke(StandardHostValve.java:119)
	at org.apache.catalina.valves.ErrorReportValve.invoke(ErrorReportValve.java:92)
	at org.apache.catalina.core.StandardEngineValve.invoke(StandardEngineValve.java:78)
	at org.apache.catalina.connector.CoyoteAdapter.service(CoyoteAdapter.java:357)
	at org.apache.coyote.http11.Http11Processor.service(Http11Processor.java:400)
	at org.apache.coyote.AbstractProcessorLight.process(AbstractProcessorLight.java:65)
	at org.apache.coyote.AbstractProtocol$ConnectionHandler.process(AbstractProtocol.java:859)
	at org.apache.tomcat.util.net.NioEndpoint$SocketProcessor.doRun(NioEndpoint.java:1734)
	at org.apache.tomcat.util.net.SocketProcessorBase.run(SocketProcessorBase.java:52)
	at org.apache.tomcat.util.threads.ThreadPoolExecutor.runWorker(ThreadPoolExecutor.java:1191)
	at org.apache.tomcat.util.threads.ThreadPoolExecutor$Worker.run(ThreadPoolExecutor.java:659)
	at org.apache.tomcat.util.threads.TaskThread$WrappingRunnable.run(TaskThread.java:61)
	at java.base/java.lang.Thread.run(Thread.java:1589)
2023-03-09 22:21:47.822  INFO 6852 [main] e.td.zy.tik_user.TikUserApplication - Starting TikUserApplication using Java 19.0.2 with PID 6852 (H:\Project\JavaProject\tik\tik_user\target\classes started by K8lyN in H:\Project\JavaProject\tik)
2023-03-09 22:21:47.825  INFO 6852 [main] e.td.zy.tik_user.TikUserApplication - No active profile set, falling back to 1 default profile: "default"
2023-03-09 22:21:47.873  INFO 6852 [main] o.s.c.c.c.ConfigServerConfigDataLoader - Fetching config from server at : http://localhost:8888
2023-03-09 22:21:47.873  INFO 6852 [main] o.s.c.c.c.ConfigServerConfigDataLoader - Located environment: name=tik-user, profiles=[dev], label=null, version=312b677ceaa8e097cf63157eb06032d066197fad, state=null
2023-03-09 22:21:48.866  INFO 6852 [main] o.s.c.context.scope.GenericScope - BeanFactory id=194b3359-8647-352e-961e-aff331f24dea
2023-03-09 22:21:49.176  INFO 6852 [main] o.s.b.w.e.tomcat.TomcatWebServer - Tomcat initialized with port(s): 8002 (http)
2023-03-09 22:21:49.187  INFO 6852 [main] o.a.catalina.core.StandardService - Starting service [Tomcat]
2023-03-09 22:21:49.188  INFO 6852 [main] o.a.catalina.core.StandardEngine - Starting Servlet engine: [Apache Tomcat/10.1.5]
2023-03-09 22:21:49.330  INFO 6852 [main] o.a.c.c.C.[Tomcat].[localhost].[/] - Initializing Spring embedded WebApplicationContext
2023-03-09 22:21:49.334  INFO 6852 [main] o.s.b.w.s.c.ServletWebServerApplicationContext - Root WebApplicationContext: initialization completed in 1457 ms
2023-03-09 22:21:50.576  INFO 6852 [main] o.a.c.f.imps.CuratorFrameworkImpl - Starting
2023-03-09 22:21:50.582  INFO 6852 [main] org.apache.zookeeper.ZooKeeper - Client environment:zookeeper.version=3.6.0--b4c89dc7f6083829e18fae6e446907ae0b1f22d7, built on 02/25/2020 14:38 GMT
2023-03-09 22:21:50.583  INFO 6852 [main] org.apache.zookeeper.ZooKeeper - Client environment:host.name=host.docker.internal
2023-03-09 22:21:50.583  INFO 6852 [main] org.apache.zookeeper.ZooKeeper - Client environment:java.version=19.0.2
2023-03-09 22:21:50.583  INFO 6852 [main] org.apache.zookeeper.ZooKeeper - Client environment:java.vendor=Oracle Corporation
2023-03-09 22:21:50.584  INFO 6852 [main] org.apache.zookeeper.ZooKeeper - Client environment:java.home=F:\DevelopmentEnvironment\Java\jdk-19.0.2
2023-03-09 22:21:50.584  INFO 6852 [main] org.apache.zookeeper.ZooKeeper - Client environment:java.class.path=H:\Project\JavaProject\tik\tik_user\target\classes;C:\Users\K8lyN\.m2\repository\org\mybatis\spring\boot\mybatis-spring-boot-starter\3.0.0\mybatis-spring-boot-starter-3.0.0.jar;C:\Users\K8lyN\.m2\repository\org\springframework\boot\spring-boot-starter-jdbc\3.0.3\spring-boot-starter-jdbc-3.0.3.jar;C:\Users\K8lyN\.m2\repository\com\zaxxer\HikariCP\5.0.1\HikariCP-5.0.1.jar;C:\Users\K8lyN\.m2\repository\org\springframework\spring-jdbc\6.0.5\spring-jdbc-6.0.5.jar;C:\Users\K8lyN\.m2\repository\org\springframework\spring-tx\6.0.5\spring-tx-6.0.5.jar;C:\Users\K8lyN\.m2\repository\org\mybatis\spring\boot\mybatis-spring-boot-autoconfigure\3.0.0\mybatis-spring-boot-autoconfigure-3.0.0.jar;C:\Users\K8lyN\.m2\repository\org\mybatis\mybatis\3.5.11\mybatis-3.5.11.jar;C:\Users\K8lyN\.m2\repository\org\mybatis\mybatis-spring\3.0.0\mybatis-spring-3.0.0.jar;C:\Users\K8lyN\.m2\repository\org\springframework\boot\spring-boot-starter-aop\3.0.3\spring-boot-starter-aop-3.0.3.jar;C:\Users\K8lyN\.m2\repository\org\springframework\spring-aop\6.0.5\spring-aop-6.0.5.jar;C:\Users\K8lyN\.m2\repository\org\springframework\spring-beans\6.0.5\spring-beans-6.0.5.jar;C:\Users\K8lyN\.m2\repository\org\aspectj\aspectjweaver\1.9.19\aspectjweaver-1.9.19.jar;C:\Users\K8lyN\.m2\repository\com\mysql\mysql-connector-j\8.0.32\mysql-connector-j-8.0.32.jar;C:\Users\K8lyN\.m2\repository\com\google\protobuf\protobuf-java\3.21.9\protobuf-java-3.21.9.jar;C:\Users\K8lyN\.m2\repository\com\baomidou\mybatis-plus-boot-starter\3.5.2\mybatis-plus-boot-starter-3.5.2.jar;C:\Users\K8lyN\.m2\repository\com\baomidou\mybatis-plus\3.5.2\mybatis-plus-3.5.2.jar;C:\Users\K8lyN\.m2\repository\com\baomidou\mybatis-plus-extension\3.5.2\mybatis-plus-extension-3.5.2.jar;C:\Users\K8lyN\.m2\repository\com\baomidou\mybatis-plus-core\3.5.2\mybatis-plus-core-3.5.2.jar;C:\Users\K8lyN\.m2\repository\com\baomidou\mybatis-plus-annotation\3.5.2\mybatis-plus-annotation-3.5.2.jar;C:\Users\K8lyN\.m2\repository\com\github\jsqlparser\jsqlparser\4.4\jsqlparser-4.4.jar;C:\Users\K8lyN\.m2\repository\org\jetbrains\kotlin\kotlin-stdlib-jdk8\1.7.22\kotlin-stdlib-jdk8-1.7.22.jar;C:\Users\K8lyN\.m2\repository\org\jetbrains\kotlin\kotlin-stdlib\1.7.22\kotlin-stdlib-1.7.22.jar;C:\Users\K8lyN\.m2\repository\org\jetbrains\kotlin\kotlin-stdlib-common\1.7.22\kotlin-stdlib-common-1.7.22.jar;C:\Users\K8lyN\.m2\repository\org\jetbrains\annotations\13.0\annotations-13.0.jar;C:\Users\K8lyN\.m2\repository\org\jetbrains\kotlin\kotlin-stdlib-jdk7\1.7.22\kotlin-stdlib-jdk7-1.7.22.jar;C:\Users\K8lyN\.m2\repository\org\springframework\boot\spring-boot-autoconfigure\3.0.3\spring-boot-autoconfigure-3.0.3.jar;C:\Users\K8lyN\.m2\repository\org\springframework\boot\spring-boot-starter-web\3.0.3\spring-boot-starter-web-3.0.3.jar;C:\Users\K8lyN\.m2\repository\org\springframework\boot\spring-boot-starter-json\3.0.3\spring-boot-starter-json-3.0.3.jar;C:\Users\K8lyN\.m2\repository\com\fasterxml\jackson\datatype\jackson-datatype-jdk8\2.14.2\jackson-datatype-jdk8-2.14.2.jar;C:\Users\K8lyN\.m2\repository\com\fasterxml\jackson\datatype\jackson-datatype-jsr310\2.14.2\jackson-datatype-jsr310-2.14.2.jar;C:\Users\K8lyN\.m2\repository\com\fasterxml\jackson\module\jackson-module-parameter-names\2.14.2\jackson-module-parameter-names-2.14.2.jar;C:\Users\K8lyN\.m2\repository\org\springframework\boot\spring-boot-starter-tomcat\3.0.3\spring-boot-starter-tomcat-3.0.3.jar;C:\Users\K8lyN\.m2\repository\org\apache\tomcat\embed\tomcat-embed-core\10.1.5\tomcat-embed-core-10.1.5.jar;C:\Users\K8lyN\.m2\repository\org\apache\tomcat\embed\tomcat-embed-el\10.1.5\tomcat-embed-el-10.1.5.jar;C:\Users\K8lyN\.m2\repository\org\apache\tomcat\embed\tomcat-embed-websocket\10.1.5\tomcat-embed-websocket-10.1.5.jar;C:\Users\K8lyN\.m2\repository\org\springframework\spring-web\6.0.5\spring-web-6.0.5.jar;C:\Users\K8lyN\.m2\repository\io\micrometer\micrometer-observation\1.10.4\micrometer-observation-1.10.4.jar;C:\Users\K8lyN\.m2\repository\io\micrometer\micrometer-commons\1.10.4\micrometer-commons-1.10.4.jar;C:\Users\K8lyN\.m2\repository\org\springframework\spring-webmvc\6.0.5\spring-webmvc-6.0.5.jar;C:\Users\K8lyN\.m2\repository\org\springframework\spring-context\6.0.5\spring-context-6.0.5.jar;C:\Users\K8lyN\.m2\repository\org\springframework\spring-expression\6.0.5\spring-expression-6.0.5.jar;C:\Users\K8lyN\.m2\repository\org\springframework\cloud\spring-cloud-starter-openfeign\4.0.1\spring-cloud-starter-openfeign-4.0.1.jar;C:\Users\K8lyN\.m2\repository\org\springframework\cloud\spring-cloud-openfeign-core\4.0.1\spring-cloud-openfeign-core-4.0.1.jar;C:\Users\K8lyN\.m2\repository\io\github\openfeign\form\feign-form-spring\3.8.0\feign-form-spring-3.8.0.jar;C:\Users\K8lyN\.m2\repository\io\github\openfeign\form\feign-form\3.8.0\feign-form-3.8.0.jar;C:\Users\K8lyN\.m2\repository\commons-fileupload\commons-fileupload\1.4\commons-fileupload-1.4.jar;C:\Users\K8lyN\.m2\repository\org\springframework\cloud\spring-cloud-commons\4.0.1\spring-cloud-commons-4.0.1.jar;C:\Users\K8lyN\.m2\repository\org\springframework\security\spring-security-crypto\6.0.2\spring-security-crypto-6.0.2.jar;C:\Users\K8lyN\.m2\repository\io\github\openfeign\feign-core\12.1\feign-core-12.1.jar;C:\Users\K8lyN\.m2\repository\io\github\openfeign\feign-slf4j\12.1\feign-slf4j-12.1.jar;C:\Users\K8lyN\.m2\repository\org\springframework\cloud\spring-cloud-starter-zookeeper-discovery\4.0.0\spring-cloud-starter-zookeeper-discovery-4.0.0.jar;C:\Users\K8lyN\.m2\repository\org\springframework\cloud\spring-cloud-starter-zookeeper\4.0.0\spring-cloud-starter-zookeeper-4.0.0.jar;C:\Users\K8lyN\.m2\repository\org\springframework\cloud\spring-cloud-zookeeper-core\4.0.0\spring-cloud-zookeeper-core-4.0.0.jar;C:\Users\K8lyN\.m2\repository\org\springframework\cloud\spring-cloud-zookeeper-discovery\4.0.0\spring-cloud-zookeeper-discovery-4.0.0.jar;C:\Users\K8lyN\.m2\repository\org\apache\curator\curator-x-discovery\5.1.0\curator-x-discovery-5.1.0.jar;C:\Users\K8lyN\.m2\repository\org\apache\curator\curator-recipes\5.1.0\curator-recipes-5.1.0.jar;C:\Users\K8lyN\.m2\repository\org\apache\curator\curator-framework\5.1.0\curator-framework-5.1.0.jar;C:\Users\K8lyN\.m2\repository\org\apache\curator\curator-client\5.1.0\curator-client-5.1.0.jar;C:\Users\K8lyN\.m2\repository\org\apache\zookeeper\zookeeper\3.6.0\zookeeper-3.6.0.jar;C:\Users\K8lyN\.m2\repository\commons-lang\commons-lang\2.6\commons-lang-2.6.jar;C:\Users\K8lyN\.m2\repository\org\apache\zookeeper\zookeeper-jute\3.6.0\zookeeper-jute-3.6.0.jar;C:\Users\K8lyN\.m2\repository\org\apache\yetus\audience-annotations\0.5.0\audience-annotations-0.5.0.jar;C:\Users\K8lyN\.m2\repository\io\netty\netty-handler\4.1.89.Final\netty-handler-4.1.89.Final.jar;C:\Users\K8lyN\.m2\repository\io\netty\netty-common\4.1.89.Final\netty-common-4.1.89.Final.jar;C:\Users\K8lyN\.m2\repository\io\netty\netty-resolver\4.1.89.Final\netty-resolver-4.1.89.Final.jar;C:\Users\K8lyN\.m2\repository\io\netty\netty-buffer\4.1.89.Final\netty-buffer-4.1.89.Final.jar;C:\Users\K8lyN\.m2\repository\io\netty\netty-transport\4.1.89.Final\netty-transport-4.1.89.Final.jar;C:\Users\K8lyN\.m2\repository\io\netty\netty-transport-native-unix-common\4.1.89.Final\netty-transport-native-unix-common-4.1.89.Final.jar;C:\Users\K8lyN\.m2\repository\io\netty\netty-codec\4.1.89.Final\netty-codec-4.1.89.Final.jar;C:\Users\K8lyN\.m2\repository\io\netty\netty-transport-native-epoll\4.1.89.Final\netty-transport-native-epoll-4.1.89.Final.jar;C:\Users\K8lyN\.m2\repository\io\netty\netty-transport-classes-epoll\4.1.89.Final\netty-transport-classes-epoll-4.1.89.Final.jar;C:\Users\K8lyN\.m2\repository\com\google\guava\guava\27.0.1-jre\guava-27.0.1-jre.jar;C:\Users\K8lyN\.m2\repository\com\google\guava\failureaccess\1.0.1\failureaccess-1.0.1.jar;C:\Users\K8lyN\.m2\repository\com\google\guava\listenablefuture\9999.0-empty-to-avoid-conflict-with-guava\listenablefuture-9999.0-empty-to-avoid-conflict-with-guava.jar;C:\Users\K8lyN\.m2\repository\com\google\code\findbugs\jsr305\3.0.2\jsr305-3.0.2.jar;C:\Users\K8lyN\.m2\repository\org\checkerframework\checker-qual\2.5.2\checker-qual-2.5.2.jar;C:\Users\K8lyN\.m2\repository\com\google\errorprone\error_prone_annotations\2.2.0\error_prone_annotations-2.2.0.jar;C:\Users\K8lyN\.m2\repository\com\google\j2objc\j2objc-annotations\1.1\j2objc-annotations-1.1.jar;C:\Users\K8lyN\.m2\repository\org\codehaus\mojo\animal-sniffer-annotations\1.17\animal-sniffer-annotations-1.17.jar;C:\Users\K8lyN\.m2\repository\org\springframework\cloud\spring-cloud-starter-loadbalancer\4.0.1\spring-cloud-starter-loadbalancer-4.0.1.jar;C:\Users\K8lyN\.m2\repository\org\springframework\cloud\spring-cloud-loadbalancer\4.0.1\spring-cloud-loadbalancer-4.0.1.jar;C:\Users\K8lyN\.m2\repository\io\projectreactor\addons\reactor-extra\3.5.0\reactor-extra-3.5.0.jar;C:\Users\K8lyN\.m2\repository\org\springframework\boot\spring-boot-starter-cache\3.0.3\spring-boot-starter-cache-3.0.3.jar;C:\Users\K8lyN\.m2\repository\org\springframework\spring-context-support\6.0.5\spring-context-support-6.0.5.jar;C:\Users\K8lyN\.m2\repository\com\stoyanr\evictor\1.0.0\evictor-1.0.0.jar;C:\Users\K8lyN\.m2\repository\org\projectlombok\lombok\1.18.24\lombok-1.18.24.jar;C:\Users\K8lyN\.m2\repository\org\springframework\cloud\spring-cloud-function-context\4.0.1\spring-cloud-function-context-4.0.1.jar;C:\Users\K8lyN\.m2\repository\net\jodah\typetools\0.6.2\typetools-0.6.2.jar;C:\Users\K8lyN\.m2\repository\org\springframework\cloud\spring-cloud-function-core\4.0.1\spring-cloud-function-core-4.0.1.jar;C:\Users\K8lyN\.m2\repository\io\projectreactor\reactor-core\3.5.3\reactor-core-3.5.3.jar;C:\Users\K8lyN\.m2\repository\org\reactivestreams\reactive-streams\1.0.4\reactive-streams-1.0.4.jar;C:\Users\K8lyN\.m2\repository\org\springframework\spring-messaging\6.0.5\spring-messaging-6.0.5.jar;C:\Users\K8lyN\.m2\repository\javax\annotation\javax.annotation-api\1.3.2\javax.annotation-api-1.3.2.jar;C:\Users\K8lyN\.m2\repository\javax\activation\javax.activation-api\1.2.0\javax.activation-api-1.2.0.jar;C:\Users\K8lyN\.m2\repository\com\fasterxml\jackson\core\jackson-databind\2.14.2\jackson-databind-2.14.2.jar;C:\Users\K8lyN\.m2\repository\com\fasterxml\jackson\core\jackson-annotations\2.14.2\jackson-annotations-2.14.2.jar;C:\Users\K8lyN\.m2\repository\com\fasterxml\jackson\core\jackson-core\2.14.2\jackson-core-2.14.2.jar;C:\Users\K8lyN\.m2\repository\org\springframework\cloud\spring-cloud-starter\4.0.1\spring-cloud-starter-4.0.1.jar;C:\Users\K8lyN\.m2\repository\org\springframework\cloud\spring-cloud-context\4.0.1\spring-cloud-context-4.0.1.jar;C:\Users\K8lyN\.m2\repository\org\springframework\security\spring-security-rsa\1.0.11.RELEASE\spring-security-rsa-1.0.11.RELEASE.jar;C:\Users\K8lyN\.m2\repository\org\bouncycastle\bcpkix-jdk15on\1.69\bcpkix-jdk15on-1.69.jar;C:\Users\K8lyN\.m2\repository\org\bouncycastle\bcprov-jdk15on\1.69\bcprov-jdk15on-1.69.jar;C:\Users\K8lyN\.m2\repository\org\bouncycastle\bcutil-jdk15on\1.69\bcutil-jdk15on-1.69.jar;C:\Users\K8lyN\.m2\repository\org\springframework\boot\spring-boot-starter\3.0.3\spring-boot-starter-3.0.3.jar;C:\Users\K8lyN\.m2\repository\org\springframework\boot\spring-boot\3.0.3\spring-boot-3.0.3.jar;C:\Users\K8lyN\.m2\repository\org\springframework\boot\spring-boot-starter-logging\3.0.3\spring-boot-starter-logging-3.0.3.jar;C:\Users\K8lyN\.m2\repository\org\apache\logging\log4j\log4j-to-slf4j\2.19.0\log4j-to-slf4j-2.19.0.jar;C:\Users\K8lyN\.m2\repository\org\apache\logging\log4j\log4j-api\2.19.0\log4j-api-2.19.0.jar;C:\Users\K8lyN\.m2\repository\org\slf4j\jul-to-slf4j\2.0.6\jul-to-slf4j-2.0.6.jar;C:\Users\K8lyN\.m2\repository\jakarta\annotation\jakarta.annotation-api\2.1.1\jakarta.annotation-api-2.1.1.jar;C:\Users\K8lyN\.m2\repository\org\springframework\spring-core\6.0.5\spring-core-6.0.5.jar;C:\Users\K8lyN\.m2\repository\org\springframework\spring-jcl\6.0.5\spring-jcl-6.0.5.jar;C:\Users\K8lyN\.m2\repository\org\yaml\snakeyaml\1.33\snakeyaml-1.33.jar;C:\Users\K8lyN\.m2\repository\ch\qos\logback\logback-classic\1.4.5\logback-classic-1.4.5.jar;C:\Users\K8lyN\.m2\repository\ch\qos\logback\logback-core\1.4.5\logback-core-1.4.5.jar;C:\Users\K8lyN\.m2\repository\org\slf4j\slf4j-api\2.0.6\slf4j-api-2.0.6.jar;C:\Users\K8lyN\.m2\repository\org\springframework\cloud\spring-cloud-starter-config\4.0.1\spring-cloud-starter-config-4.0.1.jar;C:\Users\K8lyN\.m2\repository\org\springframework\cloud\spring-cloud-config-client\4.0.1\spring-cloud-config-client-4.0.1.jar;C:\Users\K8lyN\.m2\repository\org\apache\httpcomponents\client5\httpclient5\5.1.4\httpclient5-5.1.4.jar;C:\Users\K8lyN\.m2\repository\org\apache\httpcomponents\core5\httpcore5\5.1.5\httpcore5-5.1.5.jar;C:\Users\K8lyN\.m2\repository\org\apache\httpcomponents\core5\httpcore5-h2\5.1.5\httpcore5-h2-5.1.5.jar;C:\Users\K8lyN\.m2\repository\commons-codec\commons-codec\1.15\commons-codec-1.15.jar
2023-03-09 22:21:50.585  INFO 6852 [main] org.apache.zookeeper.ZooKeeper - Client environment:java.library.path=F:\DevelopmentEnvironment\Java\jdk-19.0.2\bin;C:\WINDOWS\Sun\Java\bin;C:\WINDOWS\system32;C:\WINDOWS;C:\windows\system32;C:\windows;C:\windows\System32\Wbem;C:\windows\System32\WindowsPowerShell\v1.0\;C:\windows\System32\OpenSSH\;C:\Program Files (x86)\NVIDIA Corporation\PhysX\Common;C:\Program Files\NVIDIA Corporation\NVIDIA NvDLISR;C:\WINDOWS\system32;C:\WINDOWS;C:\WINDOWS\System32\Wbem;C:\WINDOWS\System32\WindowsPowerShell\v1.0\;C:\WINDOWS\System32\OpenSSH\;F:\DevelopmentEnvironment\Java\jdk-19.0.2\bin;F:\DevelopmentEnvironment\Java\jdk-15.0.2\jre\bin;F:\other\mysql-8.0.23\bin;F:\other\Git\bin;F:\other\Git\mingw64\libexec\git-core;F:\other\Git\mingw64\bin;F:\DevelopmentEnvironment\Gradle\gradle-6.9.1\bin;C:\PROGRAM FILES (X86)\COMMON FILES\FAST;C:\PROGRAM FILES (X86)\COMMON FILES\FAST\CAD;D:\software\NVIDIA Corporation\NVIDIA NvDLISR;F:\DevelopmentEnvironment\Python;F:\DevelopmentEnvironment\Python\Scripts;F:\DevelopmentEnvironment\NodeJS\;F:\DevelopmentEnvironment\mingw64\bin;F:\DevelopmentEnvironment\GOlang\bin;F:\DevelopmentEnvironment\GOlang;F:\other\Redis-x64-3.2.100;D:\software\TortoiseGit\bin;D:\software\dotnet\;C:\Program Files\Docker\Docker\resources\bin;C:\Users\K8lyN\AppData\Local\Microsoft\WindowsApps;D:\software\Bandzip\;F:\IDE\Microsoft VS Code\bin;C:\Users\K8lyN\AppData\Local\Programs\Fiddler;C:\Users\K8lyN\AppData\Roaming\npm;C:\Users\K8lyN\go\bin;.
2023-03-09 22:21:50.585  INFO 6852 [main] org.apache.zookeeper.ZooKeeper - Client environment:java.io.tmpdir=C:\Users\K8lyN\AppData\Local\Temp\
2023-03-09 22:21:50.585  INFO 6852 [main] org.apache.zookeeper.ZooKeeper - Client environment:java.compiler=<NA>
2023-03-09 22:21:50.585  INFO 6852 [main] org.apache.zookeeper.ZooKeeper - Client environment:os.name=Windows 11
2023-03-09 22:21:50.585  INFO 6852 [main] org.apache.zookeeper.ZooKeeper - Client environment:os.arch=amd64
2023-03-09 22:21:50.585  INFO 6852 [main] org.apache.zookeeper.ZooKeeper - Client environment:os.version=10.0
2023-03-09 22:21:50.585  INFO 6852 [main] org.apache.zookeeper.ZooKeeper - Client environment:user.name=K8lyN
2023-03-09 22:21:50.585  INFO 6852 [main] org.apache.zookeeper.ZooKeeper - Client environment:user.home=C:\Users\K8lyN
2023-03-09 22:21:50.585  INFO 6852 [main] org.apache.zookeeper.ZooKeeper - Client environment:user.dir=H:\Project\JavaProject\tik
2023-03-09 22:21:50.585  INFO 6852 [main] org.apache.zookeeper.ZooKeeper - Client environment:os.memory.free=61MB
2023-03-09 22:21:50.586  INFO 6852 [main] org.apache.zookeeper.ZooKeeper - Client environment:os.memory.max=4048MB
2023-03-09 22:21:50.586  INFO 6852 [main] org.apache.zookeeper.ZooKeeper - Client environment:os.memory.total=88MB
2023-03-09 22:21:50.588  INFO 6852 [main] org.apache.zookeeper.ZooKeeper - Initiating client connection, connectString=localhost:2181 sessionTimeout=60000 watcher=org.apache.curator.ConnectionState@6c2883b1
2023-03-09 22:21:50.590  INFO 6852 [main] o.apache.zookeeper.common.X509Util - Setting -D jdk.tls.rejectClientInitiatedRenegotiation=true to disable client-initiated TLS renegotiation
2023-03-09 22:21:50.600  INFO 6852 [main] o.apache.zookeeper.ClientCnxnSocket - jute.maxbuffer value is 1048575 Bytes
2023-03-09 22:21:50.604  INFO 6852 [main] org.apache.zookeeper.ClientCnxn - zookeeper.request.timeout value is 0. feature enabled=false
2023-03-09 22:21:50.609  INFO 6852 [main-SendThread(localhost:2181)] org.apache.zookeeper.ClientCnxn - Opening socket connection to server localhost/[0:0:0:0:0:0:0:1]:2181.
2023-03-09 22:21:50.610  INFO 6852 [main-SendThread(localhost:2181)] org.apache.zookeeper.ClientCnxn - SASL config status: Will not attempt to authenticate using SASL (unknown error)
2023-03-09 22:21:50.610  INFO 6852 [main-SendThread(localhost:2181)] org.apache.zookeeper.ClientCnxn - Socket connection established, initiating session, client: /[0:0:0:0:0:0:0:1]:8727, server: localhost/[0:0:0:0:0:0:0:1]:2181
2023-03-09 22:21:50.610  INFO 6852 [main] o.a.c.f.imps.CuratorFrameworkImpl - Default schema
2023-03-09 22:21:50.635  INFO 6852 [main-SendThread(localhost:2181)] org.apache.zookeeper.ClientCnxn - Session establishment complete on server localhost/[0:0:0:0:0:0:0:1]:2181, session id = 0x10000aa76730001, negotiated timeout = 40000
2023-03-09 22:21:50.639  INFO 6852 [main-EventThread] o.a.c.f.s.ConnectionStateManager - State change: CONNECTED
2023-03-09 22:21:50.645  INFO 6852 [main-EventThread] o.a.c.f.imps.EnsembleTracker - New config event received: {}
2023-03-09 22:21:50.645  INFO 6852 [main-EventThread] o.a.c.f.imps.EnsembleTracker - New config event received: {}
2023-03-09 22:21:51.075  WARN 6852 [main] o.s.c.l.c.LoadBalancerCacheAutoConfiguration$LoadBalancerCaffeineWarnLogger - Spring Cloud LoadBalancer is currently working with the default cache. While this cache implementation is useful for development and tests, it's recommended to use Caffeine cache in production.You can switch to using Caffeine cache, by adding it and org.springframework.cache.caffeine.CaffeineCacheManager to the classpath.
2023-03-09 22:21:51.205  INFO 6852 [main] o.s.b.w.e.tomcat.TomcatWebServer - Tomcat started on port(s): 8002 (http) with context path ''
2023-03-09 22:21:51.605  INFO 6852 [main] e.td.zy.tik_user.TikUserApplication - Started TikUserApplication in 5.995 seconds (process running for 7.767)
2023-03-09 22:22:16.250  INFO 6852 [http-nio-8002-exec-1] o.a.c.c.C.[Tomcat].[localhost].[/] - Initializing Spring DispatcherServlet 'dispatcherServlet'
2023-03-09 22:22:16.251  INFO 6852 [http-nio-8002-exec-1] o.s.web.servlet.DispatcherServlet - Initializing Servlet 'dispatcherServlet'
2023-03-09 22:22:16.253  INFO 6852 [http-nio-8002-exec-1] o.s.web.servlet.DispatcherServlet - Completed initialization in 2 ms
2023-03-09 22:22:16.299  INFO 6852 [http-nio-8002-exec-1] com.zaxxer.hikari.HikariDataSource - HikariPool-1 - Starting...
2023-03-09 22:22:16.401  INFO 6852 [http-nio-8002-exec-1] com.zaxxer.hikari.pool.HikariPool - HikariPool-1 - Added connection com.mysql.cj.jdbc.ConnectionImpl@35830957
2023-03-09 22:22:16.404  INFO 6852 [http-nio-8002-exec-1] com.zaxxer.hikari.HikariDataSource - HikariPool-1 - Start completed.
