2023-05-05 10:21:21.691  INFO 9604 [main] e.td.zy.tik_user.TikUserApplication - Starting TikUserApplication using Java 19.0.2 with PID 9604 (H:\Project\JavaProject\tik\tik_user\target\classes started by K8lyN in H:\Project\JavaProject\tik)
2023-05-05 10:21:21.695  INFO 9604 [main] e.td.zy.tik_user.TikUserApplication - No active profile set, falling back to 1 default profile: "default"
2023-05-05 10:21:21.747  INFO 9604 [main] o.s.c.c.c.ConfigServerConfigDataLoader - Fetching config from server at : http://localhost:8888
2023-05-05 10:21:21.747  INFO 9604 [main] o.s.c.c.c.ConfigServerConfigDataLoader - Located environment: name=tik-user, profiles=[dev], label=null, version=21767b14214eccbec6578f800f48bce9c0c142a7, state=null
2023-05-05 10:21:23.327  INFO 9604 [main] o.s.c.context.scope.GenericScope - BeanFactory id=d08b7adc-d755-319d-9dad-d190d594cfdb
2023-05-05 10:21:23.432  INFO 9604 [main] o.s.c.s.PostProcessorRegistrationDelegate$BeanPostProcessorChecker - Bean 'edu.td.zy.tik_user.api.PictureServiceClient' of type [org.springframework.cloud.openfeign.FeignClientFactoryBean] is not eligible for getting processed by all BeanPostProcessors (for example: not eligible for auto-proxying)
2023-05-05 10:21:23.818  INFO 9604 [main] o.s.b.w.e.tomcat.TomcatWebServer - Tomcat initialized with port(s): 8002 (http)
2023-05-05 10:21:23.833  INFO 9604 [main] o.a.catalina.core.StandardService - Starting service [Tomcat]
2023-05-05 10:21:23.833  INFO 9604 [main] o.a.catalina.core.StandardEngine - Starting Servlet engine: [Apache Tomcat/10.1.5]
2023-05-05 10:21:23.989  INFO 9604 [main] o.a.c.c.C.[Tomcat].[localhost].[/] - Initializing Spring embedded WebApplicationContext
2023-05-05 10:21:23.989  INFO 9604 [main] o.s.b.w.s.c.ServletWebServerApplicationContext - Root WebApplicationContext: initialization completed in 2235 ms
2023-05-05 10:21:25.537  INFO 9604 [main] o.a.c.f.imps.CuratorFrameworkImpl - Starting
2023-05-05 10:21:25.547  INFO 9604 [main] org.apache.zookeeper.ZooKeeper - Client environment:zookeeper.version=3.6.0--b4c89dc7f6083829e18fae6e446907ae0b1f22d7, built on 02/25/2020 14:38 GMT
2023-05-05 10:21:25.547  INFO 9604 [main] org.apache.zookeeper.ZooKeeper - Client environment:host.name=K8lyN
2023-05-05 10:21:25.547  INFO 9604 [main] org.apache.zookeeper.ZooKeeper - Client environment:java.version=19.0.2
2023-05-05 10:21:25.547  INFO 9604 [main] org.apache.zookeeper.ZooKeeper - Client environment:java.vendor=Oracle Corporation
2023-05-05 10:21:25.547  INFO 9604 [main] org.apache.zookeeper.ZooKeeper - Client environment:java.home=F:\DevelopmentEnvironment\Java\jdk-19.0.2
2023-05-05 10:21:25.547  INFO 9604 [main] org.apache.zookeeper.ZooKeeper - Client environment:java.class.path=H:\Project\JavaProject\tik\tik_user\target\classes;H:\Project\JavaProject\tik\tik_common\target\classes;C:\Users\K8lyN\.m2\repository\commons-io\commons-io\2.11.0\commons-io-2.11.0.jar;C:\Users\K8lyN\.m2\repository\redis\clients\jedis\4.3.1\jedis-4.3.1.jar;C:\Users\K8lyN\.m2\repository\org\apache\commons\commons-pool2\2.11.1\commons-pool2-2.11.1.jar;C:\Users\K8lyN\.m2\repository\org\json\json\20220320\json-20220320.jar;C:\Users\K8lyN\.m2\repository\org\yaml\snakeyaml\1.33\snakeyaml-1.33.jar;C:\Users\K8lyN\.m2\repository\org\mybatis\spring\boot\mybatis-spring-boot-starter\3.0.0\mybatis-spring-boot-starter-3.0.0.jar;C:\Users\K8lyN\.m2\repository\org\springframework\boot\spring-boot-starter-jdbc\3.0.3\spring-boot-starter-jdbc-3.0.3.jar;C:\Users\K8lyN\.m2\repository\com\zaxxer\HikariCP\5.0.1\HikariCP-5.0.1.jar;C:\Users\K8lyN\.m2\repository\org\springframework\spring-jdbc\6.0.5\spring-jdbc-6.0.5.jar;C:\Users\K8lyN\.m2\repository\org\springframework\spring-tx\6.0.5\spring-tx-6.0.5.jar;C:\Users\K8lyN\.m2\repository\org\mybatis\spring\boot\mybatis-spring-boot-autoconfigure\3.0.0\mybatis-spring-boot-autoconfigure-3.0.0.jar;C:\Users\K8lyN\.m2\repository\org\mybatis\mybatis\3.5.11\mybatis-3.5.11.jar;C:\Users\K8lyN\.m2\repository\org\mybatis\mybatis-spring\3.0.0\mybatis-spring-3.0.0.jar;C:\Users\K8lyN\.m2\repository\org\springframework\boot\spring-boot-starter-aop\3.0.3\spring-boot-starter-aop-3.0.3.jar;C:\Users\K8lyN\.m2\repository\org\springframework\spring-aop\6.0.5\spring-aop-6.0.5.jar;C:\Users\K8lyN\.m2\repository\org\springframework\spring-beans\6.0.5\spring-beans-6.0.5.jar;C:\Users\K8lyN\.m2\repository\org\aspectj\aspectjweaver\1.9.19\aspectjweaver-1.9.19.jar;C:\Users\K8lyN\.m2\repository\com\mysql\mysql-connector-j\8.0.32\mysql-connector-j-8.0.32.jar;C:\Users\K8lyN\.m2\repository\com\google\protobuf\protobuf-java\3.21.9\protobuf-java-3.21.9.jar;C:\Users\K8lyN\.m2\repository\com\baomidou\mybatis-plus-boot-starter\3.5.2\mybatis-plus-boot-starter-3.5.2.jar;C:\Users\K8lyN\.m2\repository\com\baomidou\mybatis-plus\3.5.2\mybatis-plus-3.5.2.jar;C:\Users\K8lyN\.m2\repository\com\baomidou\mybatis-plus-extension\3.5.2\mybatis-plus-extension-3.5.2.jar;C:\Users\K8lyN\.m2\repository\com\baomidou\mybatis-plus-core\3.5.2\mybatis-plus-core-3.5.2.jar;C:\Users\K8lyN\.m2\repository\com\baomidou\mybatis-plus-annotation\3.5.2\mybatis-plus-annotation-3.5.2.jar;C:\Users\K8lyN\.m2\repository\com\github\jsqlparser\jsqlparser\4.4\jsqlparser-4.4.jar;C:\Users\K8lyN\.m2\repository\org\jetbrains\kotlin\kotlin-stdlib-jdk8\1.7.22\kotlin-stdlib-jdk8-1.7.22.jar;C:\Users\K8lyN\.m2\repository\org\jetbrains\kotlin\kotlin-stdlib\1.7.22\kotlin-stdlib-1.7.22.jar;C:\Users\K8lyN\.m2\repository\org\jetbrains\kotlin\kotlin-stdlib-common\1.7.22\kotlin-stdlib-common-1.7.22.jar;C:\Users\K8lyN\.m2\repository\org\jetbrains\annotations\13.0\annotations-13.0.jar;C:\Users\K8lyN\.m2\repository\org\jetbrains\kotlin\kotlin-stdlib-jdk7\1.7.22\kotlin-stdlib-jdk7-1.7.22.jar;C:\Users\K8lyN\.m2\repository\org\springframework\boot\spring-boot-autoconfigure\3.0.3\spring-boot-autoconfigure-3.0.3.jar;C:\Users\K8lyN\.m2\repository\org\springframework\boot\spring-boot-starter-web\3.0.3\spring-boot-starter-web-3.0.3.jar;C:\Users\K8lyN\.m2\repository\org\springframework\boot\spring-boot-starter-json\3.0.3\spring-boot-starter-json-3.0.3.jar;C:\Users\K8lyN\.m2\repository\com\fasterxml\jackson\datatype\jackson-datatype-jdk8\2.14.2\jackson-datatype-jdk8-2.14.2.jar;C:\Users\K8lyN\.m2\repository\com\fasterxml\jackson\datatype\jackson-datatype-jsr310\2.14.2\jackson-datatype-jsr310-2.14.2.jar;C:\Users\K8lyN\.m2\repository\com\fasterxml\jackson\module\jackson-module-parameter-names\2.14.2\jackson-module-parameter-names-2.14.2.jar;C:\Users\K8lyN\.m2\repository\org\springframework\boot\spring-boot-starter-tomcat\3.0.3\spring-boot-starter-tomcat-3.0.3.jar;C:\Users\K8lyN\.m2\repository\org\apache\tomcat\embed\tomcat-embed-core\10.1.5\tomcat-embed-core-10.1.5.jar;C:\Users\K8lyN\.m2\repository\org\apache\tomcat\embed\tomcat-embed-el\10.1.5\tomcat-embed-el-10.1.5.jar;C:\Users\K8lyN\.m2\repository\org\apache\tomcat\embed\tomcat-embed-websocket\10.1.5\tomcat-embed-websocket-10.1.5.jar;C:\Users\K8lyN\.m2\repository\org\springframework\spring-web\6.0.5\spring-web-6.0.5.jar;C:\Users\K8lyN\.m2\repository\io\micrometer\micrometer-observation\1.10.4\micrometer-observation-1.10.4.jar;C:\Users\K8lyN\.m2\repository\io\micrometer\micrometer-commons\1.10.4\micrometer-commons-1.10.4.jar;C:\Users\K8lyN\.m2\repository\org\springframework\spring-webmvc\6.0.5\spring-webmvc-6.0.5.jar;C:\Users\K8lyN\.m2\repository\org\springframework\spring-context\6.0.5\spring-context-6.0.5.jar;C:\Users\K8lyN\.m2\repository\org\springframework\spring-expression\6.0.5\spring-expression-6.0.5.jar;C:\Users\K8lyN\.m2\repository\org\springframework\cloud\spring-cloud-starter-openfeign\4.0.1\spring-cloud-starter-openfeign-4.0.1.jar;C:\Users\K8lyN\.m2\repository\org\springframework\cloud\spring-cloud-openfeign-core\4.0.1\spring-cloud-openfeign-core-4.0.1.jar;C:\Users\K8lyN\.m2\repository\io\github\openfeign\form\feign-form-spring\3.8.0\feign-form-spring-3.8.0.jar;C:\Users\K8lyN\.m2\repository\io\github\openfeign\form\feign-form\3.8.0\feign-form-3.8.0.jar;C:\Users\K8lyN\.m2\repository\commons-fileupload\commons-fileupload\1.4\commons-fileupload-1.4.jar;C:\Users\K8lyN\.m2\repository\org\springframework\cloud\spring-cloud-commons\4.0.1\spring-cloud-commons-4.0.1.jar;C:\Users\K8lyN\.m2\repository\org\springframework\security\spring-security-crypto\6.0.2\spring-security-crypto-6.0.2.jar;C:\Users\K8lyN\.m2\repository\io\github\openfeign\feign-core\12.1\feign-core-12.1.jar;C:\Users\K8lyN\.m2\repository\io\github\openfeign\feign-slf4j\12.1\feign-slf4j-12.1.jar;C:\Users\K8lyN\.m2\repository\io\github\openfeign\feign-gson\12.1\feign-gson-12.1.jar;C:\Users\K8lyN\.m2\repository\org\springframework\cloud\spring-cloud-starter-zookeeper-discovery\4.0.0\spring-cloud-starter-zookeeper-discovery-4.0.0.jar;C:\Users\K8lyN\.m2\repository\org\springframework\cloud\spring-cloud-starter-zookeeper\4.0.0\spring-cloud-starter-zookeeper-4.0.0.jar;C:\Users\K8lyN\.m2\repository\org\springframework\cloud\spring-cloud-zookeeper-core\4.0.0\spring-cloud-zookeeper-core-4.0.0.jar;C:\Users\K8lyN\.m2\repository\org\springframework\cloud\spring-cloud-zookeeper-discovery\4.0.0\spring-cloud-zookeeper-discovery-4.0.0.jar;C:\Users\K8lyN\.m2\repository\org\apache\curator\curator-x-discovery\5.1.0\curator-x-discovery-5.1.0.jar;C:\Users\K8lyN\.m2\repository\org\apache\curator\curator-recipes\5.1.0\curator-recipes-5.1.0.jar;C:\Users\K8lyN\.m2\repository\org\apache\curator\curator-framework\5.1.0\curator-framework-5.1.0.jar;C:\Users\K8lyN\.m2\repository\org\apache\curator\curator-client\5.1.0\curator-client-5.1.0.jar;C:\Users\K8lyN\.m2\repository\org\apache\zookeeper\zookeeper\3.6.0\zookeeper-3.6.0.jar;C:\Users\K8lyN\.m2\repository\commons-lang\commons-lang\2.6\commons-lang-2.6.jar;C:\Users\K8lyN\.m2\repository\org\apache\zookeeper\zookeeper-jute\3.6.0\zookeeper-jute-3.6.0.jar;C:\Users\K8lyN\.m2\repository\org\apache\yetus\audience-annotations\0.5.0\audience-annotations-0.5.0.jar;C:\Users\K8lyN\.m2\repository\io\netty\netty-handler\4.1.89.Final\netty-handler-4.1.89.Final.jar;C:\Users\K8lyN\.m2\repository\io\netty\netty-common\4.1.89.Final\netty-common-4.1.89.Final.jar;C:\Users\K8lyN\.m2\repository\io\netty\netty-resolver\4.1.89.Final\netty-resolver-4.1.89.Final.jar;C:\Users\K8lyN\.m2\repository\io\netty\netty-buffer\4.1.89.Final\netty-buffer-4.1.89.Final.jar;C:\Users\K8lyN\.m2\repository\io\netty\netty-transport\4.1.89.Final\netty-transport-4.1.89.Final.jar;C:\Users\K8lyN\.m2\repository\io\netty\netty-transport-native-unix-common\4.1.89.Final\netty-transport-native-unix-common-4.1.89.Final.jar;C:\Users\K8lyN\.m2\repository\io\netty\netty-codec\4.1.89.Final\netty-codec-4.1.89.Final.jar;C:\Users\K8lyN\.m2\repository\io\netty\netty-transport-native-epoll\4.1.89.Final\netty-transport-native-epoll-4.1.89.Final.jar;C:\Users\K8lyN\.m2\repository\io\netty\netty-transport-classes-epoll\4.1.89.Final\netty-transport-classes-epoll-4.1.89.Final.jar;C:\Users\K8lyN\.m2\repository\com\google\guava\guava\27.0.1-jre\guava-27.0.1-jre.jar;C:\Users\K8lyN\.m2\repository\com\google\guava\failureaccess\1.0.1\failureaccess-1.0.1.jar;C:\Users\K8lyN\.m2\repository\com\google\guava\listenablefuture\9999.0-empty-to-avoid-conflict-with-guava\listenablefuture-9999.0-empty-to-avoid-conflict-with-guava.jar;C:\Users\K8lyN\.m2\repository\com\google\code\findbugs\jsr305\3.0.2\jsr305-3.0.2.jar;C:\Users\K8lyN\.m2\repository\org\checkerframework\checker-qual\2.5.2\checker-qual-2.5.2.jar;C:\Users\K8lyN\.m2\repository\com\google\errorprone\error_prone_annotations\2.2.0\error_prone_annotations-2.2.0.jar;C:\Users\K8lyN\.m2\repository\com\google\j2objc\j2objc-annotations\1.1\j2objc-annotations-1.1.jar;C:\Users\K8lyN\.m2\repository\org\codehaus\mojo\animal-sniffer-annotations\1.17\animal-sniffer-annotations-1.17.jar;C:\Users\K8lyN\.m2\repository\org\springframework\cloud\spring-cloud-starter-loadbalancer\4.0.1\spring-cloud-starter-loadbalancer-4.0.1.jar;C:\Users\K8lyN\.m2\repository\org\springframework\cloud\spring-cloud-loadbalancer\4.0.1\spring-cloud-loadbalancer-4.0.1.jar;C:\Users\K8lyN\.m2\repository\io\projectreactor\addons\reactor-extra\3.5.0\reactor-extra-3.5.0.jar;C:\Users\K8lyN\.m2\repository\org\springframework\boot\spring-boot-starter-cache\3.0.3\spring-boot-starter-cache-3.0.3.jar;C:\Users\K8lyN\.m2\repository\org\springframework\spring-context-support\6.0.5\spring-context-support-6.0.5.jar;C:\Users\K8lyN\.m2\repository\com\stoyanr\evictor\1.0.0\evictor-1.0.0.jar;C:\Users\K8lyN\.m2\repository\org\projectlombok\lombok\1.18.24\lombok-1.18.24.jar;C:\Users\K8lyN\.m2\repository\com\google\code\gson\gson\2.9.1\gson-2.9.1.jar;C:\Users\K8lyN\.m2\repository\org\springframework\cloud\spring-cloud-function-context\4.0.1\spring-cloud-function-context-4.0.1.jar;C:\Users\K8lyN\.m2\repository\net\jodah\typetools\0.6.2\typetools-0.6.2.jar;C:\Users\K8lyN\.m2\repository\org\springframework\cloud\spring-cloud-function-core\4.0.1\spring-cloud-function-core-4.0.1.jar;C:\Users\K8lyN\.m2\repository\io\projectreactor\reactor-core\3.5.3\reactor-core-3.5.3.jar;C:\Users\K8lyN\.m2\repository\org\reactivestreams\reactive-streams\1.0.4\reactive-streams-1.0.4.jar;C:\Users\K8lyN\.m2\repository\org\springframework\spring-messaging\6.0.5\spring-messaging-6.0.5.jar;C:\Users\K8lyN\.m2\repository\javax\annotation\javax.annotation-api\1.3.2\javax.annotation-api-1.3.2.jar;C:\Users\K8lyN\.m2\repository\javax\activation\javax.activation-api\1.2.0\javax.activation-api-1.2.0.jar;C:\Users\K8lyN\.m2\repository\com\fasterxml\jackson\core\jackson-databind\2.14.2\jackson-databind-2.14.2.jar;C:\Users\K8lyN\.m2\repository\com\fasterxml\jackson\core\jackson-annotations\2.14.2\jackson-annotations-2.14.2.jar;C:\Users\K8lyN\.m2\repository\com\fasterxml\jackson\core\jackson-core\2.14.2\jackson-core-2.14.2.jar;C:\Users\K8lyN\.m2\repository\org\springframework\cloud\spring-cloud-starter\4.0.1\spring-cloud-starter-4.0.1.jar;C:\Users\K8lyN\.m2\repository\org\springframework\cloud\spring-cloud-context\4.0.1\spring-cloud-context-4.0.1.jar;C:\Users\K8lyN\.m2\repository\org\springframework\security\spring-security-rsa\1.0.11.RELEASE\spring-security-rsa-1.0.11.RELEASE.jar;C:\Users\K8lyN\.m2\repository\org\bouncycastle\bcpkix-jdk15on\1.69\bcpkix-jdk15on-1.69.jar;C:\Users\K8lyN\.m2\repository\org\bouncycastle\bcprov-jdk15on\1.69\bcprov-jdk15on-1.69.jar;C:\Users\K8lyN\.m2\repository\org\bouncycastle\bcutil-jdk15on\1.69\bcutil-jdk15on-1.69.jar;C:\Users\K8lyN\.m2\repository\org\springframework\boot\spring-boot-starter\3.0.3\spring-boot-starter-3.0.3.jar;C:\Users\K8lyN\.m2\repository\org\springframework\boot\spring-boot\3.0.3\spring-boot-3.0.3.jar;C:\Users\K8lyN\.m2\repository\org\springframework\boot\spring-boot-starter-logging\3.0.3\spring-boot-starter-logging-3.0.3.jar;C:\Users\K8lyN\.m2\repository\org\apache\logging\log4j\log4j-to-slf4j\2.19.0\log4j-to-slf4j-2.19.0.jar;C:\Users\K8lyN\.m2\repository\org\apache\logging\log4j\log4j-api\2.19.0\log4j-api-2.19.0.jar;C:\Users\K8lyN\.m2\repository\org\slf4j\jul-to-slf4j\2.0.6\jul-to-slf4j-2.0.6.jar;C:\Users\K8lyN\.m2\repository\jakarta\annotation\jakarta.annotation-api\2.1.1\jakarta.annotation-api-2.1.1.jar;C:\Users\K8lyN\.m2\repository\org\springframework\spring-core\6.0.5\spring-core-6.0.5.jar;C:\Users\K8lyN\.m2\repository\org\springframework\spring-jcl\6.0.5\spring-jcl-6.0.5.jar;C:\Users\K8lyN\.m2\repository\ch\qos\logback\logback-classic\1.4.5\logback-classic-1.4.5.jar;C:\Users\K8lyN\.m2\repository\ch\qos\logback\logback-core\1.4.5\logback-core-1.4.5.jar;C:\Users\K8lyN\.m2\repository\org\slf4j\slf4j-api\2.0.6\slf4j-api-2.0.6.jar;C:\Users\K8lyN\.m2\repository\org\springframework\cloud\spring-cloud-starter-config\4.0.1\spring-cloud-starter-config-4.0.1.jar;C:\Users\K8lyN\.m2\repository\org\springframework\cloud\spring-cloud-config-client\4.0.1\spring-cloud-config-client-4.0.1.jar;C:\Users\K8lyN\.m2\repository\org\apache\httpcomponents\client5\httpclient5\5.1.4\httpclient5-5.1.4.jar;C:\Users\K8lyN\.m2\repository\org\apache\httpcomponents\core5\httpcore5\5.1.5\httpcore5-5.1.5.jar;C:\Users\K8lyN\.m2\repository\org\apache\httpcomponents\core5\httpcore5-h2\5.1.5\httpcore5-h2-5.1.5.jar;C:\Users\K8lyN\.m2\repository\commons-codec\commons-codec\1.15\commons-codec-1.15.jar
2023-05-05 10:21:25.549  INFO 9604 [main] org.apache.zookeeper.ZooKeeper - Client environment:java.library.path=F:\DevelopmentEnvironment\Java\jdk-19.0.2\bin;C:\WINDOWS\Sun\Java\bin;C:\WINDOWS\system32;C:\WINDOWS;C:\windows\system32;C:\windows;C:\windows\System32\Wbem;C:\windows\System32\WindowsPowerShell\v1.0\;C:\windows\System32\OpenSSH\;C:\Program Files (x86)\NVIDIA Corporation\PhysX\Common;C:\Program Files\NVIDIA Corporation\NVIDIA NvDLISR;C:\WINDOWS\system32;C:\WINDOWS;C:\WINDOWS\System32\Wbem;C:\WINDOWS\System32\WindowsPowerShell\v1.0\;C:\WINDOWS\System32\OpenSSH\;F:\DevelopmentEnvironment\Java\jdk-19.0.2\bin;F:\DevelopmentEnvironment\Java\jdk-15.0.2\jre\bin;F:\other\mysql-8.0.23\bin;F:\other\Git\bin;F:\other\Git\mingw64\libexec\git-core;F:\other\Git\mingw64\bin;F:\DevelopmentEnvironment\Gradle\gradle-6.9.1\bin;C:\PROGRAM FILES (X86)\COMMON FILES\FAST;C:\PROGRAM FILES (X86)\COMMON FILES\FAST\CAD;D:\software\NVIDIA Corporation\NVIDIA NvDLISR;F:\DevelopmentEnvironment\Python;F:\DevelopmentEnvironment\Python\Scripts;F:\DevelopmentEnvironment\NodeJS\;F:\DevelopmentEnvironment\mingw64\bin;F:\DevelopmentEnvironment\GOlang\bin;F:\DevelopmentEnvironment\GOlang;F:\other\Redis-x64-3.2.100;D:\software\dotnet\;C:\Program Files\Docker\Docker\resources\bin;F:\other\zookeeper\bin;D:\software\TortoiseGit\bin;C:\Users\K8lyN\AppData\Local\Microsoft\WindowsApps;D:\software\Bandzip\;C:\Users\K8lyN\AppData\Local\Programs\Fiddler;C:\Users\K8lyN\AppData\Roaming\npm;C:\Users\K8lyN\go\bin;.
2023-05-05 10:21:25.549  INFO 9604 [main] org.apache.zookeeper.ZooKeeper - Client environment:java.io.tmpdir=C:\Users\K8lyN\AppData\Local\Temp\
2023-05-05 10:21:25.549  INFO 9604 [main] org.apache.zookeeper.ZooKeeper - Client environment:java.compiler=<NA>
2023-05-05 10:21:25.549  INFO 9604 [main] org.apache.zookeeper.ZooKeeper - Client environment:os.name=Windows 11
2023-05-05 10:21:25.549  INFO 9604 [main] org.apache.zookeeper.ZooKeeper - Client environment:os.arch=amd64
2023-05-05 10:21:25.549  INFO 9604 [main] org.apache.zookeeper.ZooKeeper - Client environment:os.version=10.0
2023-05-05 10:21:25.550  INFO 9604 [main] org.apache.zookeeper.ZooKeeper - Client environment:user.name=K8lyN
2023-05-05 10:21:25.550  INFO 9604 [main] org.apache.zookeeper.ZooKeeper - Client environment:user.home=C:\Users\K8lyN
2023-05-05 10:21:25.550  INFO 9604 [main] org.apache.zookeeper.ZooKeeper - Client environment:user.dir=H:\Project\JavaProject\tik
2023-05-05 10:21:25.550  INFO 9604 [main] org.apache.zookeeper.ZooKeeper - Client environment:os.memory.free=47MB
2023-05-05 10:21:25.550  INFO 9604 [main] org.apache.zookeeper.ZooKeeper - Client environment:os.memory.max=4048MB
2023-05-05 10:21:25.550  INFO 9604 [main] org.apache.zookeeper.ZooKeeper - Client environment:os.memory.total=88MB
2023-05-05 10:21:25.554  INFO 9604 [main] org.apache.zookeeper.ZooKeeper - Initiating client connection, connectString=localhost:2181 sessionTimeout=60000 watcher=org.apache.curator.ConnectionState@4b360972
2023-05-05 10:21:25.561  INFO 9604 [main] o.apache.zookeeper.common.X509Util - Setting -D jdk.tls.rejectClientInitiatedRenegotiation=true to disable client-initiated TLS renegotiation
2023-05-05 10:21:25.578  INFO 9604 [main] o.apache.zookeeper.ClientCnxnSocket - jute.maxbuffer value is 1048575 Bytes
2023-05-05 10:21:25.585  INFO 9604 [main] org.apache.zookeeper.ClientCnxn - zookeeper.request.timeout value is 0. feature enabled=false
2023-05-05 10:21:25.594  INFO 9604 [main-SendThread(localhost:2181)] org.apache.zookeeper.ClientCnxn - Opening socket connection to server localhost/[0:0:0:0:0:0:0:1]:2181.
2023-05-05 10:21:25.594  INFO 9604 [main-SendThread(localhost:2181)] org.apache.zookeeper.ClientCnxn - SASL config status: Will not attempt to authenticate using SASL (unknown error)
2023-05-05 10:21:25.598  INFO 9604 [main] o.a.c.f.imps.CuratorFrameworkImpl - Default schema
2023-05-05 10:21:25.600  WARN 9604 [main-SendThread(localhost:2181)] org.apache.zookeeper.ClientCnxn - Session 0x0 for sever localhost/[0:0:0:0:0:0:0:1]:2181, Closing socket connection. Attempting reconnect except it is a SessionExpiredException.
java.net.ConnectException: Connection refused: no further information
	at java.base/sun.nio.ch.Net.pollConnect(Native Method)
	at java.base/sun.nio.ch.Net.pollConnectNow(Net.java:672)
	at java.base/sun.nio.ch.SocketChannelImpl.finishConnect(SocketChannelImpl.java:973)
	at org.apache.zookeeper.ClientCnxnSocketNIO.doTransport(ClientCnxnSocketNIO.java:342)
	at org.apache.zookeeper.ClientCnxn$SendThread.run(ClientCnxn.java:1262)
2023-05-05 10:21:26.705  INFO 9604 [main-SendThread(localhost:2181)] org.apache.zookeeper.ClientCnxn - Opening socket connection to server localhost/[0:0:0:0:0:0:0:1]:2181.
2023-05-05 10:21:26.705  INFO 9604 [main-SendThread(localhost:2181)] org.apache.zookeeper.ClientCnxn - SASL config status: Will not attempt to authenticate using SASL (unknown error)
2023-05-05 10:21:26.706  WARN 9604 [main-SendThread(localhost:2181)] org.apache.zookeeper.ClientCnxn - Session 0x0 for sever localhost/[0:0:0:0:0:0:0:1]:2181, Closing socket connection. Attempting reconnect except it is a SessionExpiredException.
java.net.ConnectException: Connection refused: no further information
	at java.base/sun.nio.ch.Net.pollConnect(Native Method)
	at java.base/sun.nio.ch.Net.pollConnectNow(Net.java:672)
	at java.base/sun.nio.ch.SocketChannelImpl.finishConnect(SocketChannelImpl.java:973)
	at org.apache.zookeeper.ClientCnxnSocketNIO.doTransport(ClientCnxnSocketNIO.java:342)
	at org.apache.zookeeper.ClientCnxn$SendThread.run(ClientCnxn.java:1262)
2023-05-05 10:21:27.815  INFO 9604 [main-SendThread(localhost:2181)] org.apache.zookeeper.ClientCnxn - Opening socket connection to server localhost/127.0.0.1:2181.
2023-05-05 10:21:27.815  INFO 9604 [main-SendThread(localhost:2181)] org.apache.zookeeper.ClientCnxn - SASL config status: Will not attempt to authenticate using SASL (unknown error)
2023-05-05 10:21:27.816  WARN 9604 [main-SendThread(localhost:2181)] org.apache.zookeeper.ClientCnxn - Session 0x0 for sever localhost/127.0.0.1:2181, Closing socket connection. Attempting reconnect except it is a SessionExpiredException.
java.net.ConnectException: Connection refused: no further information
	at java.base/sun.nio.ch.Net.pollConnect(Native Method)
	at java.base/sun.nio.ch.Net.pollConnectNow(Net.java:672)
	at java.base/sun.nio.ch.SocketChannelImpl.finishConnect(SocketChannelImpl.java:973)
	at org.apache.zookeeper.ClientCnxnSocketNIO.doTransport(ClientCnxnSocketNIO.java:342)
	at org.apache.zookeeper.ClientCnxn$SendThread.run(ClientCnxn.java:1262)
2023-05-05 10:21:28.921  INFO 9604 [main-SendThread(localhost:2181)] org.apache.zookeeper.ClientCnxn - Opening socket connection to server localhost/[0:0:0:0:0:0:0:1]:2181.
2023-05-05 10:21:28.922  INFO 9604 [main-SendThread(localhost:2181)] org.apache.zookeeper.ClientCnxn - SASL config status: Will not attempt to authenticate using SASL (unknown error)
2023-05-05 10:21:28.923  WARN 9604 [main-SendThread(localhost:2181)] org.apache.zookeeper.ClientCnxn - Session 0x0 for sever localhost/[0:0:0:0:0:0:0:1]:2181, Closing socket connection. Attempting reconnect except it is a SessionExpiredException.
java.net.ConnectException: Connection refused: no further information
	at java.base/sun.nio.ch.Net.pollConnect(Native Method)
	at java.base/sun.nio.ch.Net.pollConnectNow(Net.java:672)
	at java.base/sun.nio.ch.SocketChannelImpl.finishConnect(SocketChannelImpl.java:973)
	at org.apache.zookeeper.ClientCnxnSocketNIO.doTransport(ClientCnxnSocketNIO.java:342)
	at org.apache.zookeeper.ClientCnxn$SendThread.run(ClientCnxn.java:1262)
2023-05-05 10:21:30.024  INFO 9604 [main-SendThread(localhost:2181)] org.apache.zookeeper.ClientCnxn - Opening socket connection to server localhost/127.0.0.1:2181.
2023-05-05 10:21:30.024  INFO 9604 [main-SendThread(localhost:2181)] org.apache.zookeeper.ClientCnxn - SASL config status: Will not attempt to authenticate using SASL (unknown error)
2023-05-05 10:21:30.026  WARN 9604 [main-SendThread(localhost:2181)] org.apache.zookeeper.ClientCnxn - Session 0x0 for sever localhost/127.0.0.1:2181, Closing socket connection. Attempting reconnect except it is a SessionExpiredException.
java.net.ConnectException: Connection refused: no further information
	at java.base/sun.nio.ch.Net.pollConnect(Native Method)
	at java.base/sun.nio.ch.Net.pollConnectNow(Net.java:672)
	at java.base/sun.nio.ch.SocketChannelImpl.finishConnect(SocketChannelImpl.java:973)
	at org.apache.zookeeper.ClientCnxnSocketNIO.doTransport(ClientCnxnSocketNIO.java:342)
	at org.apache.zookeeper.ClientCnxn$SendThread.run(ClientCnxn.java:1262)
2023-05-05 10:21:31.129  INFO 9604 [main-SendThread(localhost:2181)] org.apache.zookeeper.ClientCnxn - Opening socket connection to server localhost/127.0.0.1:2181.
2023-05-05 10:21:31.129  INFO 9604 [main-SendThread(localhost:2181)] org.apache.zookeeper.ClientCnxn - SASL config status: Will not attempt to authenticate using SASL (unknown error)
2023-05-05 10:21:31.130  WARN 9604 [main-SendThread(localhost:2181)] org.apache.zookeeper.ClientCnxn - Session 0x0 for sever localhost/127.0.0.1:2181, Closing socket connection. Attempting reconnect except it is a SessionExpiredException.
java.net.ConnectException: Connection refused: no further information
	at java.base/sun.nio.ch.Net.pollConnect(Native Method)
	at java.base/sun.nio.ch.Net.pollConnectNow(Net.java:672)
	at java.base/sun.nio.ch.SocketChannelImpl.finishConnect(SocketChannelImpl.java:973)
	at org.apache.zookeeper.ClientCnxnSocketNIO.doTransport(ClientCnxnSocketNIO.java:342)
	at org.apache.zookeeper.ClientCnxn$SendThread.run(ClientCnxn.java:1262)
2023-05-05 10:21:32.231  INFO 9604 [main-SendThread(localhost:2181)] org.apache.zookeeper.ClientCnxn - Opening socket connection to server localhost/[0:0:0:0:0:0:0:1]:2181.
2023-05-05 10:21:32.231  INFO 9604 [main-SendThread(localhost:2181)] org.apache.zookeeper.ClientCnxn - SASL config status: Will not attempt to authenticate using SASL (unknown error)
2023-05-05 10:21:32.232  WARN 9604 [main-SendThread(localhost:2181)] org.apache.zookeeper.ClientCnxn - Session 0x0 for sever localhost/[0:0:0:0:0:0:0:1]:2181, Closing socket connection. Attempting reconnect except it is a SessionExpiredException.
java.net.ConnectException: Connection refused: no further information
	at java.base/sun.nio.ch.Net.pollConnect(Native Method)
	at java.base/sun.nio.ch.Net.pollConnectNow(Net.java:672)
	at java.base/sun.nio.ch.SocketChannelImpl.finishConnect(SocketChannelImpl.java:973)
	at org.apache.zookeeper.ClientCnxnSocketNIO.doTransport(ClientCnxnSocketNIO.java:342)
	at org.apache.zookeeper.ClientCnxn$SendThread.run(ClientCnxn.java:1262)
2023-05-05 10:21:33.338  INFO 9604 [main-SendThread(localhost:2181)] org.apache.zookeeper.ClientCnxn - Opening socket connection to server localhost/127.0.0.1:2181.
2023-05-05 10:21:33.339  INFO 9604 [main-SendThread(localhost:2181)] org.apache.zookeeper.ClientCnxn - SASL config status: Will not attempt to authenticate using SASL (unknown error)
2023-05-05 10:21:33.341  WARN 9604 [main-SendThread(localhost:2181)] org.apache.zookeeper.ClientCnxn - Session 0x0 for sever localhost/127.0.0.1:2181, Closing socket connection. Attempting reconnect except it is a SessionExpiredException.
java.net.ConnectException: Connection refused: no further information
	at java.base/sun.nio.ch.Net.pollConnect(Native Method)
	at java.base/sun.nio.ch.Net.pollConnectNow(Net.java:672)
	at java.base/sun.nio.ch.SocketChannelImpl.finishConnect(SocketChannelImpl.java:973)
	at org.apache.zookeeper.ClientCnxnSocketNIO.doTransport(ClientCnxnSocketNIO.java:342)
	at org.apache.zookeeper.ClientCnxn$SendThread.run(ClientCnxn.java:1262)
2023-05-05 10:21:34.442  INFO 9604 [main-SendThread(localhost:2181)] org.apache.zookeeper.ClientCnxn - Opening socket connection to server localhost/[0:0:0:0:0:0:0:1]:2181.
2023-05-05 10:21:34.442  INFO 9604 [main-SendThread(localhost:2181)] org.apache.zookeeper.ClientCnxn - SASL config status: Will not attempt to authenticate using SASL (unknown error)
2023-05-05 10:21:34.443  INFO 9604 [main-SendThread(localhost:2181)] org.apache.zookeeper.ClientCnxn - Socket connection established, initiating session, client: /[0:0:0:0:0:0:0:1]:8818, server: localhost/[0:0:0:0:0:0:0:1]:2181
2023-05-05 10:21:34.462  INFO 9604 [main-SendThread(localhost:2181)] org.apache.zookeeper.ClientCnxn - Session establishment complete on server localhost/[0:0:0:0:0:0:0:1]:2181, session id = 0x10000430c560000, negotiated timeout = 40000
2023-05-05 10:21:34.471  INFO 9604 [main-EventThread] o.a.c.f.s.ConnectionStateManager - State change: CONNECTED
2023-05-05 10:21:34.488  INFO 9604 [main-EventThread] o.a.c.f.imps.EnsembleTracker - New config event received: {}
2023-05-05 10:21:34.489  INFO 9604 [main-EventThread] o.a.c.f.imps.EnsembleTracker - New config event received: {}
2023-05-05 10:21:34.830  WARN 9604 [main] o.s.c.l.c.LoadBalancerCacheAutoConfiguration$LoadBalancerCaffeineWarnLogger - Spring Cloud LoadBalancer is currently working with the default cache. While this cache implementation is useful for development and tests, it's recommended to use Caffeine cache in production.You can switch to using Caffeine cache, by adding it and org.springframework.cache.caffeine.CaffeineCacheManager to the classpath.
2023-05-05 10:21:34.909  INFO 9604 [main] o.s.b.w.e.tomcat.TomcatWebServer - Tomcat started on port(s): 8002 (http) with context path ''
2023-05-05 10:21:35.357  INFO 9604 [main] e.td.zy.tik_user.TikUserApplication - Started TikUserApplication in 22.279 seconds (process running for 24.293)
2023-05-05 10:21:49.097  INFO 548 [main] e.td.zy.tik_user.TikUserApplication - Starting TikUserApplication using Java 19.0.2 with PID 548 (H:\Project\JavaProject\tik\tik_user\target\classes started by K8lyN in H:\Project\JavaProject\tik)
2023-05-05 10:21:49.100  INFO 548 [main] e.td.zy.tik_user.TikUserApplication - No active profile set, falling back to 1 default profile: "default"
2023-05-05 10:21:49.150  INFO 548 [main] o.s.c.c.c.ConfigServerConfigDataLoader - Fetching config from server at : http://localhost:8888
2023-05-05 10:21:49.151  INFO 548 [main] o.s.c.c.c.ConfigServerConfigDataLoader - Located environment: name=tik-user, profiles=[dev], label=null, version=21767b14214eccbec6578f800f48bce9c0c142a7, state=null
2023-05-05 10:21:50.721  INFO 548 [main] o.s.c.context.scope.GenericScope - BeanFactory id=d08b7adc-d755-319d-9dad-d190d594cfdb
2023-05-05 10:21:50.794  INFO 548 [main] o.s.c.s.PostProcessorRegistrationDelegate$BeanPostProcessorChecker - Bean 'edu.td.zy.tik_user.api.PictureServiceClient' of type [org.springframework.cloud.openfeign.FeignClientFactoryBean] is not eligible for getting processed by all BeanPostProcessors (for example: not eligible for auto-proxying)
2023-05-05 10:21:51.127  INFO 548 [main] o.s.b.w.e.tomcat.TomcatWebServer - Tomcat initialized with port(s): 8002 (http)
2023-05-05 10:21:51.138  INFO 548 [main] o.a.catalina.core.StandardService - Starting service [Tomcat]
2023-05-05 10:21:51.138  INFO 548 [main] o.a.catalina.core.StandardEngine - Starting Servlet engine: [Apache Tomcat/10.1.5]
2023-05-05 10:21:51.296  INFO 548 [main] o.a.c.c.C.[Tomcat].[localhost].[/] - Initializing Spring embedded WebApplicationContext
2023-05-05 10:21:51.297  INFO 548 [main] o.s.b.w.s.c.ServletWebServerApplicationContext - Root WebApplicationContext: initialization completed in 2143 ms
2023-05-05 10:21:52.889  INFO 548 [main] o.a.c.f.imps.CuratorFrameworkImpl - Starting
2023-05-05 10:21:52.895  INFO 548 [main] org.apache.zookeeper.ZooKeeper - Client environment:zookeeper.version=3.6.0--b4c89dc7f6083829e18fae6e446907ae0b1f22d7, built on 02/25/2020 14:38 GMT
2023-05-05 10:21:52.895  INFO 548 [main] org.apache.zookeeper.ZooKeeper - Client environment:host.name=K8lyN
2023-05-05 10:21:52.895  INFO 548 [main] org.apache.zookeeper.ZooKeeper - Client environment:java.version=19.0.2
2023-05-05 10:21:52.896  INFO 548 [main] org.apache.zookeeper.ZooKeeper - Client environment:java.vendor=Oracle Corporation
2023-05-05 10:21:52.896  INFO 548 [main] org.apache.zookeeper.ZooKeeper - Client environment:java.home=F:\DevelopmentEnvironment\Java\jdk-19.0.2
2023-05-05 10:21:52.896  INFO 548 [main] org.apache.zookeeper.ZooKeeper - Client environment:java.class.path=H:\Project\JavaProject\tik\tik_user\target\classes;H:\Project\JavaProject\tik\tik_common\target\classes;C:\Users\K8lyN\.m2\repository\commons-io\commons-io\2.11.0\commons-io-2.11.0.jar;C:\Users\K8lyN\.m2\repository\redis\clients\jedis\4.3.1\jedis-4.3.1.jar;C:\Users\K8lyN\.m2\repository\org\apache\commons\commons-pool2\2.11.1\commons-pool2-2.11.1.jar;C:\Users\K8lyN\.m2\repository\org\json\json\20220320\json-20220320.jar;C:\Users\K8lyN\.m2\repository\org\yaml\snakeyaml\1.33\snakeyaml-1.33.jar;C:\Users\K8lyN\.m2\repository\org\mybatis\spring\boot\mybatis-spring-boot-starter\3.0.0\mybatis-spring-boot-starter-3.0.0.jar;C:\Users\K8lyN\.m2\repository\org\springframework\boot\spring-boot-starter-jdbc\3.0.3\spring-boot-starter-jdbc-3.0.3.jar;C:\Users\K8lyN\.m2\repository\com\zaxxer\HikariCP\5.0.1\HikariCP-5.0.1.jar;C:\Users\K8lyN\.m2\repository\org\springframework\spring-jdbc\6.0.5\spring-jdbc-6.0.5.jar;C:\Users\K8lyN\.m2\repository\org\springframework\spring-tx\6.0.5\spring-tx-6.0.5.jar;C:\Users\K8lyN\.m2\repository\org\mybatis\spring\boot\mybatis-spring-boot-autoconfigure\3.0.0\mybatis-spring-boot-autoconfigure-3.0.0.jar;C:\Users\K8lyN\.m2\repository\org\mybatis\mybatis\3.5.11\mybatis-3.5.11.jar;C:\Users\K8lyN\.m2\repository\org\mybatis\mybatis-spring\3.0.0\mybatis-spring-3.0.0.jar;C:\Users\K8lyN\.m2\repository\org\springframework\boot\spring-boot-starter-aop\3.0.3\spring-boot-starter-aop-3.0.3.jar;C:\Users\K8lyN\.m2\repository\org\springframework\spring-aop\6.0.5\spring-aop-6.0.5.jar;C:\Users\K8lyN\.m2\repository\org\springframework\spring-beans\6.0.5\spring-beans-6.0.5.jar;C:\Users\K8lyN\.m2\repository\org\aspectj\aspectjweaver\1.9.19\aspectjweaver-1.9.19.jar;C:\Users\K8lyN\.m2\repository\com\mysql\mysql-connector-j\8.0.32\mysql-connector-j-8.0.32.jar;C:\Users\K8lyN\.m2\repository\com\google\protobuf\protobuf-java\3.21.9\protobuf-java-3.21.9.jar;C:\Users\K8lyN\.m2\repository\com\baomidou\mybatis-plus-boot-starter\3.5.2\mybatis-plus-boot-starter-3.5.2.jar;C:\Users\K8lyN\.m2\repository\com\baomidou\mybatis-plus\3.5.2\mybatis-plus-3.5.2.jar;C:\Users\K8lyN\.m2\repository\com\baomidou\mybatis-plus-extension\3.5.2\mybatis-plus-extension-3.5.2.jar;C:\Users\K8lyN\.m2\repository\com\baomidou\mybatis-plus-core\3.5.2\mybatis-plus-core-3.5.2.jar;C:\Users\K8lyN\.m2\repository\com\baomidou\mybatis-plus-annotation\3.5.2\mybatis-plus-annotation-3.5.2.jar;C:\Users\K8lyN\.m2\repository\com\github\jsqlparser\jsqlparser\4.4\jsqlparser-4.4.jar;C:\Users\K8lyN\.m2\repository\org\jetbrains\kotlin\kotlin-stdlib-jdk8\1.7.22\kotlin-stdlib-jdk8-1.7.22.jar;C:\Users\K8lyN\.m2\repository\org\jetbrains\kotlin\kotlin-stdlib\1.7.22\kotlin-stdlib-1.7.22.jar;C:\Users\K8lyN\.m2\repository\org\jetbrains\kotlin\kotlin-stdlib-common\1.7.22\kotlin-stdlib-common-1.7.22.jar;C:\Users\K8lyN\.m2\repository\org\jetbrains\annotations\13.0\annotations-13.0.jar;C:\Users\K8lyN\.m2\repository\org\jetbrains\kotlin\kotlin-stdlib-jdk7\1.7.22\kotlin-stdlib-jdk7-1.7.22.jar;C:\Users\K8lyN\.m2\repository\org\springframework\boot\spring-boot-autoconfigure\3.0.3\spring-boot-autoconfigure-3.0.3.jar;C:\Users\K8lyN\.m2\repository\org\springframework\boot\spring-boot-starter-web\3.0.3\spring-boot-starter-web-3.0.3.jar;C:\Users\K8lyN\.m2\repository\org\springframework\boot\spring-boot-starter-json\3.0.3\spring-boot-starter-json-3.0.3.jar;C:\Users\K8lyN\.m2\repository\com\fasterxml\jackson\datatype\jackson-datatype-jdk8\2.14.2\jackson-datatype-jdk8-2.14.2.jar;C:\Users\K8lyN\.m2\repository\com\fasterxml\jackson\datatype\jackson-datatype-jsr310\2.14.2\jackson-datatype-jsr310-2.14.2.jar;C:\Users\K8lyN\.m2\repository\com\fasterxml\jackson\module\jackson-module-parameter-names\2.14.2\jackson-module-parameter-names-2.14.2.jar;C:\Users\K8lyN\.m2\repository\org\springframework\boot\spring-boot-starter-tomcat\3.0.3\spring-boot-starter-tomcat-3.0.3.jar;C:\Users\K8lyN\.m2\repository\org\apache\tomcat\embed\tomcat-embed-core\10.1.5\tomcat-embed-core-10.1.5.jar;C:\Users\K8lyN\.m2\repository\org\apache\tomcat\embed\tomcat-embed-el\10.1.5\tomcat-embed-el-10.1.5.jar;C:\Users\K8lyN\.m2\repository\org\apache\tomcat\embed\tomcat-embed-websocket\10.1.5\tomcat-embed-websocket-10.1.5.jar;C:\Users\K8lyN\.m2\repository\org\springframework\spring-web\6.0.5\spring-web-6.0.5.jar;C:\Users\K8lyN\.m2\repository\io\micrometer\micrometer-observation\1.10.4\micrometer-observation-1.10.4.jar;C:\Users\K8lyN\.m2\repository\io\micrometer\micrometer-commons\1.10.4\micrometer-commons-1.10.4.jar;C:\Users\K8lyN\.m2\repository\org\springframework\spring-webmvc\6.0.5\spring-webmvc-6.0.5.jar;C:\Users\K8lyN\.m2\repository\org\springframework\spring-context\6.0.5\spring-context-6.0.5.jar;C:\Users\K8lyN\.m2\repository\org\springframework\spring-expression\6.0.5\spring-expression-6.0.5.jar;C:\Users\K8lyN\.m2\repository\org\springframework\cloud\spring-cloud-starter-openfeign\4.0.1\spring-cloud-starter-openfeign-4.0.1.jar;C:\Users\K8lyN\.m2\repository\org\springframework\cloud\spring-cloud-openfeign-core\4.0.1\spring-cloud-openfeign-core-4.0.1.jar;C:\Users\K8lyN\.m2\repository\io\github\openfeign\form\feign-form-spring\3.8.0\feign-form-spring-3.8.0.jar;C:\Users\K8lyN\.m2\repository\io\github\openfeign\form\feign-form\3.8.0\feign-form-3.8.0.jar;C:\Users\K8lyN\.m2\repository\commons-fileupload\commons-fileupload\1.4\commons-fileupload-1.4.jar;C:\Users\K8lyN\.m2\repository\org\springframework\cloud\spring-cloud-commons\4.0.1\spring-cloud-commons-4.0.1.jar;C:\Users\K8lyN\.m2\repository\org\springframework\security\spring-security-crypto\6.0.2\spring-security-crypto-6.0.2.jar;C:\Users\K8lyN\.m2\repository\io\github\openfeign\feign-core\12.1\feign-core-12.1.jar;C:\Users\K8lyN\.m2\repository\io\github\openfeign\feign-slf4j\12.1\feign-slf4j-12.1.jar;C:\Users\K8lyN\.m2\repository\io\github\openfeign\feign-gson\12.1\feign-gson-12.1.jar;C:\Users\K8lyN\.m2\repository\org\springframework\cloud\spring-cloud-starter-zookeeper-discovery\4.0.0\spring-cloud-starter-zookeeper-discovery-4.0.0.jar;C:\Users\K8lyN\.m2\repository\org\springframework\cloud\spring-cloud-starter-zookeeper\4.0.0\spring-cloud-starter-zookeeper-4.0.0.jar;C:\Users\K8lyN\.m2\repository\org\springframework\cloud\spring-cloud-zookeeper-core\4.0.0\spring-cloud-zookeeper-core-4.0.0.jar;C:\Users\K8lyN\.m2\repository\org\springframework\cloud\spring-cloud-zookeeper-discovery\4.0.0\spring-cloud-zookeeper-discovery-4.0.0.jar;C:\Users\K8lyN\.m2\repository\org\apache\curator\curator-x-discovery\5.1.0\curator-x-discovery-5.1.0.jar;C:\Users\K8lyN\.m2\repository\org\apache\curator\curator-recipes\5.1.0\curator-recipes-5.1.0.jar;C:\Users\K8lyN\.m2\repository\org\apache\curator\curator-framework\5.1.0\curator-framework-5.1.0.jar;C:\Users\K8lyN\.m2\repository\org\apache\curator\curator-client\5.1.0\curator-client-5.1.0.jar;C:\Users\K8lyN\.m2\repository\org\apache\zookeeper\zookeeper\3.6.0\zookeeper-3.6.0.jar;C:\Users\K8lyN\.m2\repository\commons-lang\commons-lang\2.6\commons-lang-2.6.jar;C:\Users\K8lyN\.m2\repository\org\apache\zookeeper\zookeeper-jute\3.6.0\zookeeper-jute-3.6.0.jar;C:\Users\K8lyN\.m2\repository\org\apache\yetus\audience-annotations\0.5.0\audience-annotations-0.5.0.jar;C:\Users\K8lyN\.m2\repository\io\netty\netty-handler\4.1.89.Final\netty-handler-4.1.89.Final.jar;C:\Users\K8lyN\.m2\repository\io\netty\netty-common\4.1.89.Final\netty-common-4.1.89.Final.jar;C:\Users\K8lyN\.m2\repository\io\netty\netty-resolver\4.1.89.Final\netty-resolver-4.1.89.Final.jar;C:\Users\K8lyN\.m2\repository\io\netty\netty-buffer\4.1.89.Final\netty-buffer-4.1.89.Final.jar;C:\Users\K8lyN\.m2\repository\io\netty\netty-transport\4.1.89.Final\netty-transport-4.1.89.Final.jar;C:\Users\K8lyN\.m2\repository\io\netty\netty-transport-native-unix-common\4.1.89.Final\netty-transport-native-unix-common-4.1.89.Final.jar;C:\Users\K8lyN\.m2\repository\io\netty\netty-codec\4.1.89.Final\netty-codec-4.1.89.Final.jar;C:\Users\K8lyN\.m2\repository\io\netty\netty-transport-native-epoll\4.1.89.Final\netty-transport-native-epoll-4.1.89.Final.jar;C:\Users\K8lyN\.m2\repository\io\netty\netty-transport-classes-epoll\4.1.89.Final\netty-transport-classes-epoll-4.1.89.Final.jar;C:\Users\K8lyN\.m2\repository\com\google\guava\guava\27.0.1-jre\guava-27.0.1-jre.jar;C:\Users\K8lyN\.m2\repository\com\google\guava\failureaccess\1.0.1\failureaccess-1.0.1.jar;C:\Users\K8lyN\.m2\repository\com\google\guava\listenablefuture\9999.0-empty-to-avoid-conflict-with-guava\listenablefuture-9999.0-empty-to-avoid-conflict-with-guava.jar;C:\Users\K8lyN\.m2\repository\com\google\code\findbugs\jsr305\3.0.2\jsr305-3.0.2.jar;C:\Users\K8lyN\.m2\repository\org\checkerframework\checker-qual\2.5.2\checker-qual-2.5.2.jar;C:\Users\K8lyN\.m2\repository\com\google\errorprone\error_prone_annotations\2.2.0\error_prone_annotations-2.2.0.jar;C:\Users\K8lyN\.m2\repository\com\google\j2objc\j2objc-annotations\1.1\j2objc-annotations-1.1.jar;C:\Users\K8lyN\.m2\repository\org\codehaus\mojo\animal-sniffer-annotations\1.17\animal-sniffer-annotations-1.17.jar;C:\Users\K8lyN\.m2\repository\org\springframework\cloud\spring-cloud-starter-loadbalancer\4.0.1\spring-cloud-starter-loadbalancer-4.0.1.jar;C:\Users\K8lyN\.m2\repository\org\springframework\cloud\spring-cloud-loadbalancer\4.0.1\spring-cloud-loadbalancer-4.0.1.jar;C:\Users\K8lyN\.m2\repository\io\projectreactor\addons\reactor-extra\3.5.0\reactor-extra-3.5.0.jar;C:\Users\K8lyN\.m2\repository\org\springframework\boot\spring-boot-starter-cache\3.0.3\spring-boot-starter-cache-3.0.3.jar;C:\Users\K8lyN\.m2\repository\org\springframework\spring-context-support\6.0.5\spring-context-support-6.0.5.jar;C:\Users\K8lyN\.m2\repository\com\stoyanr\evictor\1.0.0\evictor-1.0.0.jar;C:\Users\K8lyN\.m2\repository\org\projectlombok\lombok\1.18.24\lombok-1.18.24.jar;C:\Users\K8lyN\.m2\repository\com\google\code\gson\gson\2.9.1\gson-2.9.1.jar;C:\Users\K8lyN\.m2\repository\org\springframework\cloud\spring-cloud-function-context\4.0.1\spring-cloud-function-context-4.0.1.jar;C:\Users\K8lyN\.m2\repository\net\jodah\typetools\0.6.2\typetools-0.6.2.jar;C:\Users\K8lyN\.m2\repository\org\springframework\cloud\spring-cloud-function-core\4.0.1\spring-cloud-function-core-4.0.1.jar;C:\Users\K8lyN\.m2\repository\io\projectreactor\reactor-core\3.5.3\reactor-core-3.5.3.jar;C:\Users\K8lyN\.m2\repository\org\reactivestreams\reactive-streams\1.0.4\reactive-streams-1.0.4.jar;C:\Users\K8lyN\.m2\repository\org\springframework\spring-messaging\6.0.5\spring-messaging-6.0.5.jar;C:\Users\K8lyN\.m2\repository\javax\annotation\javax.annotation-api\1.3.2\javax.annotation-api-1.3.2.jar;C:\Users\K8lyN\.m2\repository\javax\activation\javax.activation-api\1.2.0\javax.activation-api-1.2.0.jar;C:\Users\K8lyN\.m2\repository\com\fasterxml\jackson\core\jackson-databind\2.14.2\jackson-databind-2.14.2.jar;C:\Users\K8lyN\.m2\repository\com\fasterxml\jackson\core\jackson-annotations\2.14.2\jackson-annotations-2.14.2.jar;C:\Users\K8lyN\.m2\repository\com\fasterxml\jackson\core\jackson-core\2.14.2\jackson-core-2.14.2.jar;C:\Users\K8lyN\.m2\repository\org\springframework\cloud\spring-cloud-starter\4.0.1\spring-cloud-starter-4.0.1.jar;C:\Users\K8lyN\.m2\repository\org\springframework\cloud\spring-cloud-context\4.0.1\spring-cloud-context-4.0.1.jar;C:\Users\K8lyN\.m2\repository\org\springframework\security\spring-security-rsa\1.0.11.RELEASE\spring-security-rsa-1.0.11.RELEASE.jar;C:\Users\K8lyN\.m2\repository\org\bouncycastle\bcpkix-jdk15on\1.69\bcpkix-jdk15on-1.69.jar;C:\Users\K8lyN\.m2\repository\org\bouncycastle\bcprov-jdk15on\1.69\bcprov-jdk15on-1.69.jar;C:\Users\K8lyN\.m2\repository\org\bouncycastle\bcutil-jdk15on\1.69\bcutil-jdk15on-1.69.jar;C:\Users\K8lyN\.m2\repository\org\springframework\boot\spring-boot-starter\3.0.3\spring-boot-starter-3.0.3.jar;C:\Users\K8lyN\.m2\repository\org\springframework\boot\spring-boot\3.0.3\spring-boot-3.0.3.jar;C:\Users\K8lyN\.m2\repository\org\springframework\boot\spring-boot-starter-logging\3.0.3\spring-boot-starter-logging-3.0.3.jar;C:\Users\K8lyN\.m2\repository\org\apache\logging\log4j\log4j-to-slf4j\2.19.0\log4j-to-slf4j-2.19.0.jar;C:\Users\K8lyN\.m2\repository\org\apache\logging\log4j\log4j-api\2.19.0\log4j-api-2.19.0.jar;C:\Users\K8lyN\.m2\repository\org\slf4j\jul-to-slf4j\2.0.6\jul-to-slf4j-2.0.6.jar;C:\Users\K8lyN\.m2\repository\jakarta\annotation\jakarta.annotation-api\2.1.1\jakarta.annotation-api-2.1.1.jar;C:\Users\K8lyN\.m2\repository\org\springframework\spring-core\6.0.5\spring-core-6.0.5.jar;C:\Users\K8lyN\.m2\repository\org\springframework\spring-jcl\6.0.5\spring-jcl-6.0.5.jar;C:\Users\K8lyN\.m2\repository\ch\qos\logback\logback-classic\1.4.5\logback-classic-1.4.5.jar;C:\Users\K8lyN\.m2\repository\ch\qos\logback\logback-core\1.4.5\logback-core-1.4.5.jar;C:\Users\K8lyN\.m2\repository\org\slf4j\slf4j-api\2.0.6\slf4j-api-2.0.6.jar;C:\Users\K8lyN\.m2\repository\org\springframework\cloud\spring-cloud-starter-config\4.0.1\spring-cloud-starter-config-4.0.1.jar;C:\Users\K8lyN\.m2\repository\org\springframework\cloud\spring-cloud-config-client\4.0.1\spring-cloud-config-client-4.0.1.jar;C:\Users\K8lyN\.m2\repository\org\apache\httpcomponents\client5\httpclient5\5.1.4\httpclient5-5.1.4.jar;C:\Users\K8lyN\.m2\repository\org\apache\httpcomponents\core5\httpcore5\5.1.5\httpcore5-5.1.5.jar;C:\Users\K8lyN\.m2\repository\org\apache\httpcomponents\core5\httpcore5-h2\5.1.5\httpcore5-h2-5.1.5.jar;C:\Users\K8lyN\.m2\repository\commons-codec\commons-codec\1.15\commons-codec-1.15.jar
2023-05-05 10:21:52.897  INFO 548 [main] org.apache.zookeeper.ZooKeeper - Client environment:java.library.path=F:\DevelopmentEnvironment\Java\jdk-19.0.2\bin;C:\WINDOWS\Sun\Java\bin;C:\WINDOWS\system32;C:\WINDOWS;C:\windows\system32;C:\windows;C:\windows\System32\Wbem;C:\windows\System32\WindowsPowerShell\v1.0\;C:\windows\System32\OpenSSH\;C:\Program Files (x86)\NVIDIA Corporation\PhysX\Common;C:\Program Files\NVIDIA Corporation\NVIDIA NvDLISR;C:\WINDOWS\system32;C:\WINDOWS;C:\WINDOWS\System32\Wbem;C:\WINDOWS\System32\WindowsPowerShell\v1.0\;C:\WINDOWS\System32\OpenSSH\;F:\DevelopmentEnvironment\Java\jdk-19.0.2\bin;F:\DevelopmentEnvironment\Java\jdk-15.0.2\jre\bin;F:\other\mysql-8.0.23\bin;F:\other\Git\bin;F:\other\Git\mingw64\libexec\git-core;F:\other\Git\mingw64\bin;F:\DevelopmentEnvironment\Gradle\gradle-6.9.1\bin;C:\PROGRAM FILES (X86)\COMMON FILES\FAST;C:\PROGRAM FILES (X86)\COMMON FILES\FAST\CAD;D:\software\NVIDIA Corporation\NVIDIA NvDLISR;F:\DevelopmentEnvironment\Python;F:\DevelopmentEnvironment\Python\Scripts;F:\DevelopmentEnvironment\NodeJS\;F:\DevelopmentEnvironment\mingw64\bin;F:\DevelopmentEnvironment\GOlang\bin;F:\DevelopmentEnvironment\GOlang;F:\other\Redis-x64-3.2.100;D:\software\dotnet\;C:\Program Files\Docker\Docker\resources\bin;F:\other\zookeeper\bin;D:\software\TortoiseGit\bin;C:\Users\K8lyN\AppData\Local\Microsoft\WindowsApps;D:\software\Bandzip\;C:\Users\K8lyN\AppData\Local\Programs\Fiddler;C:\Users\K8lyN\AppData\Roaming\npm;C:\Users\K8lyN\go\bin;.
2023-05-05 10:21:52.897  INFO 548 [main] org.apache.zookeeper.ZooKeeper - Client environment:java.io.tmpdir=C:\Users\K8lyN\AppData\Local\Temp\
2023-05-05 10:21:52.897  INFO 548 [main] org.apache.zookeeper.ZooKeeper - Client environment:java.compiler=<NA>
2023-05-05 10:21:52.897  INFO 548 [main] org.apache.zookeeper.ZooKeeper - Client environment:os.name=Windows 11
2023-05-05 10:21:52.897  INFO 548 [main] org.apache.zookeeper.ZooKeeper - Client environment:os.arch=amd64
2023-05-05 10:21:52.897  INFO 548 [main] org.apache.zookeeper.ZooKeeper - Client environment:os.version=10.0
2023-05-05 10:21:52.898  INFO 548 [main] org.apache.zookeeper.ZooKeeper - Client environment:user.name=K8lyN
2023-05-05 10:21:52.898  INFO 548 [main] org.apache.zookeeper.ZooKeeper - Client environment:user.home=C:\Users\K8lyN
2023-05-05 10:21:52.898  INFO 548 [main] org.apache.zookeeper.ZooKeeper - Client environment:user.dir=H:\Project\JavaProject\tik
2023-05-05 10:21:52.898  INFO 548 [main] org.apache.zookeeper.ZooKeeper - Client environment:os.memory.free=47MB
2023-05-05 10:21:52.898  INFO 548 [main] org.apache.zookeeper.ZooKeeper - Client environment:os.memory.max=4048MB
2023-05-05 10:21:52.898  INFO 548 [main] org.apache.zookeeper.ZooKeeper - Client environment:os.memory.total=88MB
2023-05-05 10:21:52.901  INFO 548 [main] org.apache.zookeeper.ZooKeeper - Initiating client connection, connectString=localhost:2181 sessionTimeout=60000 watcher=org.apache.curator.ConnectionState@22ae32ba
2023-05-05 10:21:52.904  INFO 548 [main] o.apache.zookeeper.common.X509Util - Setting -D jdk.tls.rejectClientInitiatedRenegotiation=true to disable client-initiated TLS renegotiation
2023-05-05 10:21:52.916  INFO 548 [main] o.apache.zookeeper.ClientCnxnSocket - jute.maxbuffer value is 1048575 Bytes
2023-05-05 10:21:52.921  INFO 548 [main] org.apache.zookeeper.ClientCnxn - zookeeper.request.timeout value is 0. feature enabled=false
2023-05-05 10:21:52.927  INFO 548 [main-SendThread(localhost:2181)] org.apache.zookeeper.ClientCnxn - Opening socket connection to server localhost/[0:0:0:0:0:0:0:1]:2181.
2023-05-05 10:21:52.928  INFO 548 [main-SendThread(localhost:2181)] org.apache.zookeeper.ClientCnxn - SASL config status: Will not attempt to authenticate using SASL (unknown error)
2023-05-05 10:21:52.932  INFO 548 [main-SendThread(localhost:2181)] org.apache.zookeeper.ClientCnxn - Socket connection established, initiating session, client: /[0:0:0:0:0:0:0:1]:8866, server: localhost/[0:0:0:0:0:0:0:1]:2181
2023-05-05 10:21:52.933  INFO 548 [main] o.a.c.f.imps.CuratorFrameworkImpl - Default schema
2023-05-05 10:21:52.941  INFO 548 [main-SendThread(localhost:2181)] org.apache.zookeeper.ClientCnxn - Session establishment complete on server localhost/[0:0:0:0:0:0:0:1]:2181, session id = 0x10000430c560001, negotiated timeout = 40000
2023-05-05 10:21:52.948  INFO 548 [main-EventThread] o.a.c.f.s.ConnectionStateManager - State change: CONNECTED
2023-05-05 10:21:52.957  INFO 548 [main-EventThread] o.a.c.f.imps.EnsembleTracker - New config event received: {}
2023-05-05 10:21:52.957  INFO 548 [main-EventThread] o.a.c.f.imps.EnsembleTracker - New config event received: {}
2023-05-05 10:21:53.387  WARN 548 [main] o.s.c.l.c.LoadBalancerCacheAutoConfiguration$LoadBalancerCaffeineWarnLogger - Spring Cloud LoadBalancer is currently working with the default cache. While this cache implementation is useful for development and tests, it's recommended to use Caffeine cache in production.You can switch to using Caffeine cache, by adding it and org.springframework.cache.caffeine.CaffeineCacheManager to the classpath.
2023-05-05 10:21:53.481  INFO 548 [main] o.s.b.w.e.tomcat.TomcatWebServer - Tomcat started on port(s): 8002 (http) with context path ''
2023-05-05 10:21:53.796  INFO 548 [main] e.td.zy.tik_user.TikUserApplication - Started TikUserApplication in 7.522 seconds (process running for 11.171)
2023-05-05 10:26:47.157  INFO 548 [http-nio-8002-exec-2] o.a.c.c.C.[Tomcat].[localhost].[/] - Initializing Spring DispatcherServlet 'dispatcherServlet'
2023-05-05 10:26:47.158  INFO 548 [http-nio-8002-exec-2] o.s.web.servlet.DispatcherServlet - Initializing Servlet 'dispatcherServlet'
2023-05-05 10:26:47.161  INFO 548 [http-nio-8002-exec-2] o.s.web.servlet.DispatcherServlet - Completed initialization in 3 ms
2023-05-05 10:26:47.339  WARN 548 [http-nio-8002-exec-6] c.b.m.c.t.support.ReflectLambdaMeta - Unable to make field private final java.lang.Class java.lang.invoke.SerializedLambda.capturingClass accessible: module java.base does not "opens java.lang.invoke" to unnamed module @75d4a5c2
2023-05-05 10:26:47.389  INFO 548 [http-nio-8002-exec-7] com.zaxxer.hikari.HikariDataSource - HikariPool-1 - Starting...
2023-05-05 10:26:47.571  INFO 548 [http-nio-8002-exec-7] com.zaxxer.hikari.pool.HikariPool - HikariPool-1 - Added connection com.mysql.cj.jdbc.ConnectionImpl@5ab18ecc
2023-05-05 10:26:47.572  INFO 548 [http-nio-8002-exec-7] com.zaxxer.hikari.HikariDataSource - HikariPool-1 - Start completed.
2023-05-05 16:52:41.009  WARN 548 [main-SendThread(localhost:2181)] org.apache.zookeeper.ClientCnxn - Session 0x10000430c560001 for sever localhost/[0:0:0:0:0:0:0:1]:2181, Closing socket connection. Attempting reconnect except it is a SessionExpiredException.
java.net.SocketException: Connection reset
	at java.base/sun.nio.ch.SocketChannelImpl.throwConnectionReset(SocketChannelImpl.java:401)
	at java.base/sun.nio.ch.SocketChannelImpl.read(SocketChannelImpl.java:434)
	at org.apache.zookeeper.ClientCnxnSocketNIO.doIO(ClientCnxnSocketNIO.java:72)
	at org.apache.zookeeper.ClientCnxnSocketNIO.doTransport(ClientCnxnSocketNIO.java:348)
	at org.apache.zookeeper.ClientCnxn$SendThread.run(ClientCnxn.java:1262)
2023-05-05 16:52:41.306  INFO 548 [main-EventThread] o.a.c.f.s.ConnectionStateManager - State change: SUSPENDED
2023-05-05 16:52:43.137  INFO 548 [main-SendThread(localhost:2181)] org.apache.zookeeper.ClientCnxn - Opening socket connection to server localhost/127.0.0.1:2181.
2023-05-05 16:52:43.137  INFO 548 [main-SendThread(localhost:2181)] org.apache.zookeeper.ClientCnxn - SASL config status: Will not attempt to authenticate using SASL (unknown error)
2023-05-05 16:52:43.151  WARN 548 [main-SendThread(localhost:2181)] org.apache.zookeeper.ClientCnxn - Session 0x10000430c560001 for sever localhost/127.0.0.1:2181, Closing socket connection. Attempting reconnect except it is a SessionExpiredException.
java.net.ConnectException: Connection refused: no further information
	at java.base/sun.nio.ch.Net.pollConnect(Native Method)
	at java.base/sun.nio.ch.Net.pollConnectNow(Net.java:672)
	at java.base/sun.nio.ch.SocketChannelImpl.finishConnect(SocketChannelImpl.java:973)
	at org.apache.zookeeper.ClientCnxnSocketNIO.doTransport(ClientCnxnSocketNIO.java:342)
	at org.apache.zookeeper.ClientCnxn$SendThread.run(ClientCnxn.java:1262)
2023-05-05 16:52:45.206  INFO 548 [main-SendThread(localhost:2181)] org.apache.zookeeper.ClientCnxn - Opening socket connection to server localhost/127.0.0.1:2181.
2023-05-05 16:52:45.207  INFO 548 [main-SendThread(localhost:2181)] org.apache.zookeeper.ClientCnxn - SASL config status: Will not attempt to authenticate using SASL (unknown error)
2023-05-05 16:52:45.211  WARN 548 [main-SendThread(localhost:2181)] org.apache.zookeeper.ClientCnxn - Session 0x10000430c560001 for sever localhost/127.0.0.1:2181, Closing socket connection. Attempting reconnect except it is a SessionExpiredException.
java.net.ConnectException: Connection refused: no further information
	at java.base/sun.nio.ch.Net.pollConnect(Native Method)
	at java.base/sun.nio.ch.Net.pollConnectNow(Net.java:672)
	at java.base/sun.nio.ch.SocketChannelImpl.finishConnect(SocketChannelImpl.java:973)
	at org.apache.zookeeper.ClientCnxnSocketNIO.doTransport(ClientCnxnSocketNIO.java:342)
	at org.apache.zookeeper.ClientCnxn$SendThread.run(ClientCnxn.java:1262)
2023-05-05 16:59:23.478  INFO 9548 [main] e.td.zy.tik_user.TikUserApplication - Starting TikUserApplication using Java 19.0.2 with PID 9548 (H:\Project\JavaProject\tik\tik_user\target\classes started by K8lyN in H:\Project\JavaProject\tik)
2023-05-05 16:59:23.480  INFO 9548 [main] e.td.zy.tik_user.TikUserApplication - No active profile set, falling back to 1 default profile: "default"
2023-05-05 16:59:23.523  INFO 9548 [main] o.s.c.c.c.ConfigServerConfigDataLoader - Fetching config from server at : http://localhost:8888
2023-05-05 16:59:23.523  INFO 9548 [main] o.s.c.c.c.ConfigServerConfigDataLoader - Located environment: name=tik-user, profiles=[dev], label=null, version=df80bb401ca0223b756e47631a3813233b9e4c53, state=null
2023-05-05 16:59:24.693  INFO 9548 [main] o.s.c.context.scope.GenericScope - BeanFactory id=d08b7adc-d755-319d-9dad-d190d594cfdb
2023-05-05 16:59:24.768  INFO 9548 [main] o.s.c.s.PostProcessorRegistrationDelegate$BeanPostProcessorChecker - Bean 'edu.td.zy.tik_user.api.PictureServiceClient' of type [org.springframework.cloud.openfeign.FeignClientFactoryBean] is not eligible for getting processed by all BeanPostProcessors (for example: not eligible for auto-proxying)
2023-05-05 16:59:25.024  INFO 9548 [main] o.s.b.w.e.tomcat.TomcatWebServer - Tomcat initialized with port(s): 8002 (http)
2023-05-05 16:59:25.032  INFO 9548 [main] o.a.catalina.core.StandardService - Starting service [Tomcat]
2023-05-05 16:59:25.032  INFO 9548 [main] o.a.catalina.core.StandardEngine - Starting Servlet engine: [Apache Tomcat/10.1.5]
2023-05-05 16:59:25.133  INFO 9548 [main] o.a.c.c.C.[Tomcat].[localhost].[/] - Initializing Spring embedded WebApplicationContext
2023-05-05 16:59:25.134  INFO 9548 [main] o.s.b.w.s.c.ServletWebServerApplicationContext - Root WebApplicationContext: initialization completed in 1608 ms
2023-05-05 16:59:26.235  INFO 9548 [main] o.a.c.f.imps.CuratorFrameworkImpl - Starting
2023-05-05 16:59:26.242  INFO 9548 [main] org.apache.zookeeper.ZooKeeper - Client environment:zookeeper.version=3.6.0--b4c89dc7f6083829e18fae6e446907ae0b1f22d7, built on 02/25/2020 14:38 GMT
2023-05-05 16:59:26.242  INFO 9548 [main] org.apache.zookeeper.ZooKeeper - Client environment:host.name=K8lyN
2023-05-05 16:59:26.242  INFO 9548 [main] org.apache.zookeeper.ZooKeeper - Client environment:java.version=19.0.2
2023-05-05 16:59:26.243  INFO 9548 [main] org.apache.zookeeper.ZooKeeper - Client environment:java.vendor=Oracle Corporation
2023-05-05 16:59:26.243  INFO 9548 [main] org.apache.zookeeper.ZooKeeper - Client environment:java.home=F:\DevelopmentEnvironment\Java\jdk-19.0.2
2023-05-05 16:59:26.243  INFO 9548 [main] org.apache.zookeeper.ZooKeeper - Client environment:java.class.path=H:\Project\JavaProject\tik\tik_user\target\classes;H:\Project\JavaProject\tik\tik_common\target\classes;C:\Users\K8lyN\.m2\repository\commons-io\commons-io\2.11.0\commons-io-2.11.0.jar;C:\Users\K8lyN\.m2\repository\redis\clients\jedis\4.3.1\jedis-4.3.1.jar;C:\Users\K8lyN\.m2\repository\org\apache\commons\commons-pool2\2.11.1\commons-pool2-2.11.1.jar;C:\Users\K8lyN\.m2\repository\org\json\json\20220320\json-20220320.jar;C:\Users\K8lyN\.m2\repository\org\yaml\snakeyaml\1.33\snakeyaml-1.33.jar;C:\Users\K8lyN\.m2\repository\org\mybatis\spring\boot\mybatis-spring-boot-starter\3.0.0\mybatis-spring-boot-starter-3.0.0.jar;C:\Users\K8lyN\.m2\repository\org\springframework\boot\spring-boot-starter-jdbc\3.0.3\spring-boot-starter-jdbc-3.0.3.jar;C:\Users\K8lyN\.m2\repository\com\zaxxer\HikariCP\5.0.1\HikariCP-5.0.1.jar;C:\Users\K8lyN\.m2\repository\org\springframework\spring-jdbc\6.0.5\spring-jdbc-6.0.5.jar;C:\Users\K8lyN\.m2\repository\org\springframework\spring-tx\6.0.5\spring-tx-6.0.5.jar;C:\Users\K8lyN\.m2\repository\org\mybatis\spring\boot\mybatis-spring-boot-autoconfigure\3.0.0\mybatis-spring-boot-autoconfigure-3.0.0.jar;C:\Users\K8lyN\.m2\repository\org\mybatis\mybatis\3.5.11\mybatis-3.5.11.jar;C:\Users\K8lyN\.m2\repository\org\mybatis\mybatis-spring\3.0.0\mybatis-spring-3.0.0.jar;C:\Users\K8lyN\.m2\repository\org\springframework\boot\spring-boot-starter-aop\3.0.3\spring-boot-starter-aop-3.0.3.jar;C:\Users\K8lyN\.m2\repository\org\springframework\spring-aop\6.0.5\spring-aop-6.0.5.jar;C:\Users\K8lyN\.m2\repository\org\springframework\spring-beans\6.0.5\spring-beans-6.0.5.jar;C:\Users\K8lyN\.m2\repository\org\aspectj\aspectjweaver\1.9.19\aspectjweaver-1.9.19.jar;C:\Users\K8lyN\.m2\repository\com\mysql\mysql-connector-j\8.0.32\mysql-connector-j-8.0.32.jar;C:\Users\K8lyN\.m2\repository\com\google\protobuf\protobuf-java\3.21.9\protobuf-java-3.21.9.jar;C:\Users\K8lyN\.m2\repository\com\baomidou\mybatis-plus-boot-starter\3.5.2\mybatis-plus-boot-starter-3.5.2.jar;C:\Users\K8lyN\.m2\repository\com\baomidou\mybatis-plus\3.5.2\mybatis-plus-3.5.2.jar;C:\Users\K8lyN\.m2\repository\com\baomidou\mybatis-plus-extension\3.5.2\mybatis-plus-extension-3.5.2.jar;C:\Users\K8lyN\.m2\repository\com\baomidou\mybatis-plus-core\3.5.2\mybatis-plus-core-3.5.2.jar;C:\Users\K8lyN\.m2\repository\com\baomidou\mybatis-plus-annotation\3.5.2\mybatis-plus-annotation-3.5.2.jar;C:\Users\K8lyN\.m2\repository\com\github\jsqlparser\jsqlparser\4.4\jsqlparser-4.4.jar;C:\Users\K8lyN\.m2\repository\org\jetbrains\kotlin\kotlin-stdlib-jdk8\1.7.22\kotlin-stdlib-jdk8-1.7.22.jar;C:\Users\K8lyN\.m2\repository\org\jetbrains\kotlin\kotlin-stdlib\1.7.22\kotlin-stdlib-1.7.22.jar;C:\Users\K8lyN\.m2\repository\org\jetbrains\kotlin\kotlin-stdlib-common\1.7.22\kotlin-stdlib-common-1.7.22.jar;C:\Users\K8lyN\.m2\repository\org\jetbrains\annotations\13.0\annotations-13.0.jar;C:\Users\K8lyN\.m2\repository\org\jetbrains\kotlin\kotlin-stdlib-jdk7\1.7.22\kotlin-stdlib-jdk7-1.7.22.jar;C:\Users\K8lyN\.m2\repository\org\springframework\boot\spring-boot-autoconfigure\3.0.3\spring-boot-autoconfigure-3.0.3.jar;C:\Users\K8lyN\.m2\repository\org\springframework\boot\spring-boot-starter-web\3.0.3\spring-boot-starter-web-3.0.3.jar;C:\Users\K8lyN\.m2\repository\org\springframework\boot\spring-boot-starter-json\3.0.3\spring-boot-starter-json-3.0.3.jar;C:\Users\K8lyN\.m2\repository\com\fasterxml\jackson\datatype\jackson-datatype-jdk8\2.14.2\jackson-datatype-jdk8-2.14.2.jar;C:\Users\K8lyN\.m2\repository\com\fasterxml\jackson\datatype\jackson-datatype-jsr310\2.14.2\jackson-datatype-jsr310-2.14.2.jar;C:\Users\K8lyN\.m2\repository\com\fasterxml\jackson\module\jackson-module-parameter-names\2.14.2\jackson-module-parameter-names-2.14.2.jar;C:\Users\K8lyN\.m2\repository\org\springframework\boot\spring-boot-starter-tomcat\3.0.3\spring-boot-starter-tomcat-3.0.3.jar;C:\Users\K8lyN\.m2\repository\org\apache\tomcat\embed\tomcat-embed-core\10.1.5\tomcat-embed-core-10.1.5.jar;C:\Users\K8lyN\.m2\repository\org\apache\tomcat\embed\tomcat-embed-el\10.1.5\tomcat-embed-el-10.1.5.jar;C:\Users\K8lyN\.m2\repository\org\apache\tomcat\embed\tomcat-embed-websocket\10.1.5\tomcat-embed-websocket-10.1.5.jar;C:\Users\K8lyN\.m2\repository\org\springframework\spring-web\6.0.5\spring-web-6.0.5.jar;C:\Users\K8lyN\.m2\repository\io\micrometer\micrometer-observation\1.10.4\micrometer-observation-1.10.4.jar;C:\Users\K8lyN\.m2\repository\io\micrometer\micrometer-commons\1.10.4\micrometer-commons-1.10.4.jar;C:\Users\K8lyN\.m2\repository\org\springframework\spring-webmvc\6.0.5\spring-webmvc-6.0.5.jar;C:\Users\K8lyN\.m2\repository\org\springframework\spring-context\6.0.5\spring-context-6.0.5.jar;C:\Users\K8lyN\.m2\repository\org\springframework\spring-expression\6.0.5\spring-expression-6.0.5.jar;C:\Users\K8lyN\.m2\repository\org\springframework\cloud\spring-cloud-starter-openfeign\4.0.1\spring-cloud-starter-openfeign-4.0.1.jar;C:\Users\K8lyN\.m2\repository\org\springframework\cloud\spring-cloud-openfeign-core\4.0.1\spring-cloud-openfeign-core-4.0.1.jar;C:\Users\K8lyN\.m2\repository\io\github\openfeign\form\feign-form-spring\3.8.0\feign-form-spring-3.8.0.jar;C:\Users\K8lyN\.m2\repository\io\github\openfeign\form\feign-form\3.8.0\feign-form-3.8.0.jar;C:\Users\K8lyN\.m2\repository\commons-fileupload\commons-fileupload\1.4\commons-fileupload-1.4.jar;C:\Users\K8lyN\.m2\repository\org\springframework\cloud\spring-cloud-commons\4.0.1\spring-cloud-commons-4.0.1.jar;C:\Users\K8lyN\.m2\repository\org\springframework\security\spring-security-crypto\6.0.2\spring-security-crypto-6.0.2.jar;C:\Users\K8lyN\.m2\repository\io\github\openfeign\feign-core\12.1\feign-core-12.1.jar;C:\Users\K8lyN\.m2\repository\io\github\openfeign\feign-slf4j\12.1\feign-slf4j-12.1.jar;C:\Users\K8lyN\.m2\repository\io\github\openfeign\feign-gson\12.1\feign-gson-12.1.jar;C:\Users\K8lyN\.m2\repository\org\springframework\cloud\spring-cloud-starter-zookeeper-discovery\4.0.0\spring-cloud-starter-zookeeper-discovery-4.0.0.jar;C:\Users\K8lyN\.m2\repository\org\springframework\cloud\spring-cloud-starter-zookeeper\4.0.0\spring-cloud-starter-zookeeper-4.0.0.jar;C:\Users\K8lyN\.m2\repository\org\springframework\cloud\spring-cloud-zookeeper-core\4.0.0\spring-cloud-zookeeper-core-4.0.0.jar;C:\Users\K8lyN\.m2\repository\org\springframework\cloud\spring-cloud-zookeeper-discovery\4.0.0\spring-cloud-zookeeper-discovery-4.0.0.jar;C:\Users\K8lyN\.m2\repository\org\apache\curator\curator-x-discovery\5.1.0\curator-x-discovery-5.1.0.jar;C:\Users\K8lyN\.m2\repository\org\apache\curator\curator-recipes\5.1.0\curator-recipes-5.1.0.jar;C:\Users\K8lyN\.m2\repository\org\apache\curator\curator-framework\5.1.0\curator-framework-5.1.0.jar;C:\Users\K8lyN\.m2\repository\org\apache\curator\curator-client\5.1.0\curator-client-5.1.0.jar;C:\Users\K8lyN\.m2\repository\org\apache\zookeeper\zookeeper\3.6.0\zookeeper-3.6.0.jar;C:\Users\K8lyN\.m2\repository\commons-lang\commons-lang\2.6\commons-lang-2.6.jar;C:\Users\K8lyN\.m2\repository\org\apache\zookeeper\zookeeper-jute\3.6.0\zookeeper-jute-3.6.0.jar;C:\Users\K8lyN\.m2\repository\org\apache\yetus\audience-annotations\0.5.0\audience-annotations-0.5.0.jar;C:\Users\K8lyN\.m2\repository\io\netty\netty-handler\4.1.89.Final\netty-handler-4.1.89.Final.jar;C:\Users\K8lyN\.m2\repository\io\netty\netty-common\4.1.89.Final\netty-common-4.1.89.Final.jar;C:\Users\K8lyN\.m2\repository\io\netty\netty-resolver\4.1.89.Final\netty-resolver-4.1.89.Final.jar;C:\Users\K8lyN\.m2\repository\io\netty\netty-buffer\4.1.89.Final\netty-buffer-4.1.89.Final.jar;C:\Users\K8lyN\.m2\repository\io\netty\netty-transport\4.1.89.Final\netty-transport-4.1.89.Final.jar;C:\Users\K8lyN\.m2\repository\io\netty\netty-transport-native-unix-common\4.1.89.Final\netty-transport-native-unix-common-4.1.89.Final.jar;C:\Users\K8lyN\.m2\repository\io\netty\netty-codec\4.1.89.Final\netty-codec-4.1.89.Final.jar;C:\Users\K8lyN\.m2\repository\io\netty\netty-transport-native-epoll\4.1.89.Final\netty-transport-native-epoll-4.1.89.Final.jar;C:\Users\K8lyN\.m2\repository\io\netty\netty-transport-classes-epoll\4.1.89.Final\netty-transport-classes-epoll-4.1.89.Final.jar;C:\Users\K8lyN\.m2\repository\com\google\guava\guava\27.0.1-jre\guava-27.0.1-jre.jar;C:\Users\K8lyN\.m2\repository\com\google\guava\failureaccess\1.0.1\failureaccess-1.0.1.jar;C:\Users\K8lyN\.m2\repository\com\google\guava\listenablefuture\9999.0-empty-to-avoid-conflict-with-guava\listenablefuture-9999.0-empty-to-avoid-conflict-with-guava.jar;C:\Users\K8lyN\.m2\repository\com\google\code\findbugs\jsr305\3.0.2\jsr305-3.0.2.jar;C:\Users\K8lyN\.m2\repository\org\checkerframework\checker-qual\2.5.2\checker-qual-2.5.2.jar;C:\Users\K8lyN\.m2\repository\com\google\errorprone\error_prone_annotations\2.2.0\error_prone_annotations-2.2.0.jar;C:\Users\K8lyN\.m2\repository\com\google\j2objc\j2objc-annotations\1.1\j2objc-annotations-1.1.jar;C:\Users\K8lyN\.m2\repository\org\codehaus\mojo\animal-sniffer-annotations\1.17\animal-sniffer-annotations-1.17.jar;C:\Users\K8lyN\.m2\repository\org\springframework\cloud\spring-cloud-starter-loadbalancer\4.0.1\spring-cloud-starter-loadbalancer-4.0.1.jar;C:\Users\K8lyN\.m2\repository\org\springframework\cloud\spring-cloud-loadbalancer\4.0.1\spring-cloud-loadbalancer-4.0.1.jar;C:\Users\K8lyN\.m2\repository\io\projectreactor\addons\reactor-extra\3.5.0\reactor-extra-3.5.0.jar;C:\Users\K8lyN\.m2\repository\org\springframework\boot\spring-boot-starter-cache\3.0.3\spring-boot-starter-cache-3.0.3.jar;C:\Users\K8lyN\.m2\repository\org\springframework\spring-context-support\6.0.5\spring-context-support-6.0.5.jar;C:\Users\K8lyN\.m2\repository\com\stoyanr\evictor\1.0.0\evictor-1.0.0.jar;C:\Users\K8lyN\.m2\repository\org\projectlombok\lombok\1.18.24\lombok-1.18.24.jar;C:\Users\K8lyN\.m2\repository\com\google\code\gson\gson\2.9.1\gson-2.9.1.jar;C:\Users\K8lyN\.m2\repository\org\springframework\cloud\spring-cloud-function-context\4.0.1\spring-cloud-function-context-4.0.1.jar;C:\Users\K8lyN\.m2\repository\net\jodah\typetools\0.6.2\typetools-0.6.2.jar;C:\Users\K8lyN\.m2\repository\org\springframework\cloud\spring-cloud-function-core\4.0.1\spring-cloud-function-core-4.0.1.jar;C:\Users\K8lyN\.m2\repository\io\projectreactor\reactor-core\3.5.3\reactor-core-3.5.3.jar;C:\Users\K8lyN\.m2\repository\org\reactivestreams\reactive-streams\1.0.4\reactive-streams-1.0.4.jar;C:\Users\K8lyN\.m2\repository\org\springframework\spring-messaging\6.0.5\spring-messaging-6.0.5.jar;C:\Users\K8lyN\.m2\repository\javax\annotation\javax.annotation-api\1.3.2\javax.annotation-api-1.3.2.jar;C:\Users\K8lyN\.m2\repository\javax\activation\javax.activation-api\1.2.0\javax.activation-api-1.2.0.jar;C:\Users\K8lyN\.m2\repository\com\fasterxml\jackson\core\jackson-databind\2.14.2\jackson-databind-2.14.2.jar;C:\Users\K8lyN\.m2\repository\com\fasterxml\jackson\core\jackson-annotations\2.14.2\jackson-annotations-2.14.2.jar;C:\Users\K8lyN\.m2\repository\com\fasterxml\jackson\core\jackson-core\2.14.2\jackson-core-2.14.2.jar;C:\Users\K8lyN\.m2\repository\org\springframework\cloud\spring-cloud-starter\4.0.1\spring-cloud-starter-4.0.1.jar;C:\Users\K8lyN\.m2\repository\org\springframework\cloud\spring-cloud-context\4.0.1\spring-cloud-context-4.0.1.jar;C:\Users\K8lyN\.m2\repository\org\springframework\security\spring-security-rsa\1.0.11.RELEASE\spring-security-rsa-1.0.11.RELEASE.jar;C:\Users\K8lyN\.m2\repository\org\bouncycastle\bcpkix-jdk15on\1.69\bcpkix-jdk15on-1.69.jar;C:\Users\K8lyN\.m2\repository\org\bouncycastle\bcprov-jdk15on\1.69\bcprov-jdk15on-1.69.jar;C:\Users\K8lyN\.m2\repository\org\bouncycastle\bcutil-jdk15on\1.69\bcutil-jdk15on-1.69.jar;C:\Users\K8lyN\.m2\repository\org\springframework\boot\spring-boot-starter\3.0.3\spring-boot-starter-3.0.3.jar;C:\Users\K8lyN\.m2\repository\org\springframework\boot\spring-boot\3.0.3\spring-boot-3.0.3.jar;C:\Users\K8lyN\.m2\repository\org\springframework\boot\spring-boot-starter-logging\3.0.3\spring-boot-starter-logging-3.0.3.jar;C:\Users\K8lyN\.m2\repository\org\apache\logging\log4j\log4j-to-slf4j\2.19.0\log4j-to-slf4j-2.19.0.jar;C:\Users\K8lyN\.m2\repository\org\apache\logging\log4j\log4j-api\2.19.0\log4j-api-2.19.0.jar;C:\Users\K8lyN\.m2\repository\org\slf4j\jul-to-slf4j\2.0.6\jul-to-slf4j-2.0.6.jar;C:\Users\K8lyN\.m2\repository\jakarta\annotation\jakarta.annotation-api\2.1.1\jakarta.annotation-api-2.1.1.jar;C:\Users\K8lyN\.m2\repository\org\springframework\spring-core\6.0.5\spring-core-6.0.5.jar;C:\Users\K8lyN\.m2\repository\org\springframework\spring-jcl\6.0.5\spring-jcl-6.0.5.jar;C:\Users\K8lyN\.m2\repository\ch\qos\logback\logback-classic\1.4.5\logback-classic-1.4.5.jar;C:\Users\K8lyN\.m2\repository\ch\qos\logback\logback-core\1.4.5\logback-core-1.4.5.jar;C:\Users\K8lyN\.m2\repository\org\slf4j\slf4j-api\2.0.6\slf4j-api-2.0.6.jar;C:\Users\K8lyN\.m2\repository\org\springframework\cloud\spring-cloud-starter-config\4.0.1\spring-cloud-starter-config-4.0.1.jar;C:\Users\K8lyN\.m2\repository\org\springframework\cloud\spring-cloud-config-client\4.0.1\spring-cloud-config-client-4.0.1.jar;C:\Users\K8lyN\.m2\repository\org\apache\httpcomponents\client5\httpclient5\5.1.4\httpclient5-5.1.4.jar;C:\Users\K8lyN\.m2\repository\org\apache\httpcomponents\core5\httpcore5\5.1.5\httpcore5-5.1.5.jar;C:\Users\K8lyN\.m2\repository\org\apache\httpcomponents\core5\httpcore5-h2\5.1.5\httpcore5-h2-5.1.5.jar;C:\Users\K8lyN\.m2\repository\commons-codec\commons-codec\1.15\commons-codec-1.15.jar
2023-05-05 16:59:26.245  INFO 9548 [main] org.apache.zookeeper.ZooKeeper - Client environment:java.library.path=F:\DevelopmentEnvironment\Java\jdk-19.0.2\bin;C:\WINDOWS\Sun\Java\bin;C:\WINDOWS\system32;C:\WINDOWS;C:\windows\system32;C:\windows;C:\windows\System32\Wbem;C:\windows\System32\WindowsPowerShell\v1.0\;C:\windows\System32\OpenSSH\;C:\Program Files (x86)\NVIDIA Corporation\PhysX\Common;C:\Program Files\NVIDIA Corporation\NVIDIA NvDLISR;C:\WINDOWS\system32;C:\WINDOWS;C:\WINDOWS\System32\Wbem;C:\WINDOWS\System32\WindowsPowerShell\v1.0\;C:\WINDOWS\System32\OpenSSH\;F:\DevelopmentEnvironment\Java\jdk-19.0.2\bin;F:\DevelopmentEnvironment\Java\jdk-15.0.2\jre\bin;F:\other\mysql-8.0.23\bin;F:\other\Git\bin;F:\other\Git\mingw64\libexec\git-core;F:\other\Git\mingw64\bin;F:\DevelopmentEnvironment\Gradle\gradle-6.9.1\bin;C:\PROGRAM FILES (X86)\COMMON FILES\FAST;C:\PROGRAM FILES (X86)\COMMON FILES\FAST\CAD;D:\software\NVIDIA Corporation\NVIDIA NvDLISR;F:\DevelopmentEnvironment\Python;F:\DevelopmentEnvironment\Python\Scripts;F:\DevelopmentEnvironment\NodeJS\;F:\DevelopmentEnvironment\mingw64\bin;F:\DevelopmentEnvironment\GOlang\bin;F:\DevelopmentEnvironment\GOlang;F:\other\Redis-x64-3.2.100;D:\software\dotnet\;C:\Program Files\Docker\Docker\resources\bin;F:\other\zookeeper\bin;D:\software\TortoiseGit\bin;F:\other\Apache24\bin;C:\Users\K8lyN\AppData\Local\Microsoft\WindowsApps;D:\software\Bandzip\;C:\Users\K8lyN\AppData\Local\Programs\Fiddler;C:\Users\K8lyN\AppData\Roaming\npm;C:\Users\K8lyN\go\bin;.
2023-05-05 16:59:26.245  INFO 9548 [main] org.apache.zookeeper.ZooKeeper - Client environment:java.io.tmpdir=C:\Users\K8lyN\AppData\Local\Temp\
2023-05-05 16:59:26.245  INFO 9548 [main] org.apache.zookeeper.ZooKeeper - Client environment:java.compiler=<NA>
2023-05-05 16:59:26.245  INFO 9548 [main] org.apache.zookeeper.ZooKeeper - Client environment:os.name=Windows 11
2023-05-05 16:59:26.245  INFO 9548 [main] org.apache.zookeeper.ZooKeeper - Client environment:os.arch=amd64
2023-05-05 16:59:26.245  INFO 9548 [main] org.apache.zookeeper.ZooKeeper - Client environment:os.version=10.0
2023-05-05 16:59:26.246  INFO 9548 [main] org.apache.zookeeper.ZooKeeper - Client environment:user.name=K8lyN
2023-05-05 16:59:26.246  INFO 9548 [main] org.apache.zookeeper.ZooKeeper - Client environment:user.home=C:\Users\K8lyN
2023-05-05 16:59:26.246  INFO 9548 [main] org.apache.zookeeper.ZooKeeper - Client environment:user.dir=H:\Project\JavaProject\tik
2023-05-05 16:59:26.246  INFO 9548 [main] org.apache.zookeeper.ZooKeeper - Client environment:os.memory.free=48MB
2023-05-05 16:59:26.246  INFO 9548 [main] org.apache.zookeeper.ZooKeeper - Client environment:os.memory.max=4048MB
2023-05-05 16:59:26.246  INFO 9548 [main] org.apache.zookeeper.ZooKeeper - Client environment:os.memory.total=88MB
2023-05-05 16:59:26.252  INFO 9548 [main] org.apache.zookeeper.ZooKeeper - Initiating client connection, connectString=localhost:2181 sessionTimeout=60000 watcher=org.apache.curator.ConnectionState@6200b644
2023-05-05 16:59:26.258  INFO 9548 [main] o.apache.zookeeper.common.X509Util - Setting -D jdk.tls.rejectClientInitiatedRenegotiation=true to disable client-initiated TLS renegotiation
2023-05-05 16:59:26.272  INFO 9548 [main] o.apache.zookeeper.ClientCnxnSocket - jute.maxbuffer value is 1048575 Bytes
2023-05-05 16:59:26.280  INFO 9548 [main] org.apache.zookeeper.ClientCnxn - zookeeper.request.timeout value is 0. feature enabled=false
2023-05-05 16:59:26.288  INFO 9548 [main-SendThread(localhost:2181)] org.apache.zookeeper.ClientCnxn - Opening socket connection to server localhost/127.0.0.1:2181.
2023-05-05 16:59:26.288  INFO 9548 [main-SendThread(localhost:2181)] org.apache.zookeeper.ClientCnxn - SASL config status: Will not attempt to authenticate using SASL (unknown error)
2023-05-05 16:59:26.289  INFO 9548 [main] o.a.c.f.imps.CuratorFrameworkImpl - Default schema
2023-05-05 16:59:26.291  INFO 9548 [main-SendThread(localhost:2181)] org.apache.zookeeper.ClientCnxn - Socket connection established, initiating session, client: /127.0.0.1:1434, server: localhost/127.0.0.1:2181
2023-05-05 16:59:26.308  INFO 9548 [main-SendThread(localhost:2181)] org.apache.zookeeper.ClientCnxn - Session establishment complete on server localhost/127.0.0.1:2181, session id = 0x1000002cfed0000, negotiated timeout = 40000
2023-05-05 16:59:26.314  INFO 9548 [main-EventThread] o.a.c.f.s.ConnectionStateManager - State change: CONNECTED
2023-05-05 16:59:26.327  INFO 9548 [main-EventThread] o.a.c.f.imps.EnsembleTracker - New config event received: {}
2023-05-05 16:59:26.327  INFO 9548 [main-EventThread] o.a.c.f.imps.EnsembleTracker - New config event received: {}
2023-05-05 16:59:26.630  WARN 9548 [main] o.s.c.l.c.LoadBalancerCacheAutoConfiguration$LoadBalancerCaffeineWarnLogger - Spring Cloud LoadBalancer is currently working with the default cache. While this cache implementation is useful for development and tests, it's recommended to use Caffeine cache in production.You can switch to using Caffeine cache, by adding it and org.springframework.cache.caffeine.CaffeineCacheManager to the classpath.
2023-05-05 16:59:26.704  INFO 9548 [main] o.s.b.w.e.tomcat.TomcatWebServer - Tomcat started on port(s): 8002 (http) with context path ''
2023-05-05 16:59:26.933  INFO 9548 [main] e.td.zy.tik_user.TikUserApplication - Started TikUserApplication in 14.822 seconds (process running for 16.275)
2023-05-05 17:01:16.715  INFO 9548 [http-nio-8002-exec-1] o.a.c.c.C.[Tomcat].[localhost].[/] - Initializing Spring DispatcherServlet 'dispatcherServlet'
2023-05-05 17:01:16.715  INFO 9548 [http-nio-8002-exec-1] o.s.web.servlet.DispatcherServlet - Initializing Servlet 'dispatcherServlet'
2023-05-05 17:01:16.716  INFO 9548 [http-nio-8002-exec-1] o.s.web.servlet.DispatcherServlet - Completed initialization in 1 ms
2023-05-05 17:01:16.806  WARN 9548 [http-nio-8002-exec-1] c.b.m.c.t.support.ReflectLambdaMeta - Unable to make field private final java.lang.Class java.lang.invoke.SerializedLambda.capturingClass accessible: module java.base does not "opens java.lang.invoke" to unnamed module @3c41ed1d
2023-05-05 17:01:16.825  INFO 9548 [http-nio-8002-exec-1] com.zaxxer.hikari.HikariDataSource - HikariPool-1 - Starting...
2023-05-05 17:01:16.974  INFO 9548 [http-nio-8002-exec-1] com.zaxxer.hikari.pool.HikariPool - HikariPool-1 - Added connection com.mysql.cj.jdbc.ConnectionImpl@3ed9e0
2023-05-05 17:01:16.976  INFO 9548 [http-nio-8002-exec-1] com.zaxxer.hikari.HikariDataSource - HikariPool-1 - Start completed.
